Classic Timing Analyzer report for EightBitAdder_SmallJordan
Fri Oct 13 18:49:17 2023
Quartus II Version 9.1 Build 350 03/24/2010 Service Pack 2 SJ Web Edition


---------------------
; Table of Contents ;
---------------------
  1. Legal Notice
  2. Timing Analyzer Summary
  3. Timing Analyzer Settings
  4. Parallel Compilation
  5. tpd
  6. Timing Analyzer Messages



----------------
; Legal Notice ;
----------------
Copyright (C) 1991-2010 Altera Corporation
Your use of Altera Corporation's design tools, logic functions 
and other software and tools, and its AMPP partner logic 
functions, and any output files from any of the foregoing 
(including device programming or simulation files), and any 
associated documentation or information are expressly subject 
to the terms and conditions of the Altera Program License 
Subscription Agreement, Altera MegaCore Function License 
Agreement, or other applicable license agreement, including, 
without limitation, that your use is for the sole purpose of 
programming logic devices manufactured by Altera and sold by 
Altera or its authorized distributors.  Please refer to the 
applicable agreement for further details.



+-----------------------------------------------------------------------------------------------------------------------+
; Timing Analyzer Summary                                                                                               ;
+------------------------------+-------+---------------+-------------+------+----+------------+----------+--------------+
; Type                         ; Slack ; Required Time ; Actual Time ; From ; To ; From Clock ; To Clock ; Failed Paths ;
+------------------------------+-------+---------------+-------------+------+----+------------+----------+--------------+
; Worst-case tpd               ; N/A   ; None          ; 23.700 ns   ; A2   ; S5 ; --         ; --       ; 0            ;
; Total number of failed paths ;       ;               ;             ;      ;    ;            ;          ; 0            ;
+------------------------------+-------+---------------+-------------+------+----+------------+----------+--------------+


+-----------------------------------------------------------------------------------------------------------------------------------------------------+
; Timing Analyzer Settings                                                                                                                            ;
+------------------------------------------------------------------------------------------------------+--------------------+------+----+-------------+
; Option                                                                                               ; Setting            ; From ; To ; Entity Name ;
+------------------------------------------------------------------------------------------------------+--------------------+------+----+-------------+
; Device Name                                                                                          ; EPM3064ALC44-10    ;      ;    ;             ;
; Timing Models                                                                                        ; Final              ;      ;    ;             ;
; Default hold multicycle                                                                              ; Same as Multicycle ;      ;    ;             ;
; Cut paths between unrelated clock domains                                                            ; On                 ;      ;    ;             ;
; Cut off read during write signal paths                                                               ; On                 ;      ;    ;             ;
; Cut off feedback from I/O pins                                                                       ; On                 ;      ;    ;             ;
; Report Combined Fast/Slow Timing                                                                     ; Off                ;      ;    ;             ;
; Ignore Clock Settings                                                                                ; Off                ;      ;    ;             ;
; Analyze latches as synchronous elements                                                              ; On                 ;      ;    ;             ;
; Enable Recovery/Removal analysis                                                                     ; Off                ;      ;    ;             ;
; Enable Clock Latency                                                                                 ; Off                ;      ;    ;             ;
; Use TimeQuest Timing Analyzer                                                                        ; Off                ;      ;    ;             ;
; Minimum Core Junction Temperature                                                                    ; 0                  ;      ;    ;             ;
; Maximum Core Junction Temperature                                                                    ; 85                 ;      ;    ;             ;
; Number of source nodes to report per destination node                                                ; 10                 ;      ;    ;             ;
; Number of destination nodes to report                                                                ; 10                 ;      ;    ;             ;
; Number of paths to report                                                                            ; 200                ;      ;    ;             ;
; Report Minimum Timing Checks                                                                         ; Off                ;      ;    ;             ;
; Use Fast Timing Models                                                                               ; Off                ;      ;    ;             ;
; Report IO Paths Separately                                                                           ; Off                ;      ;    ;             ;
; Perform Multicorner Analysis                                                                         ; Off                ;      ;    ;             ;
; Reports the worst-case path for each clock domain and analysis                                       ; Off                ;      ;    ;             ;
; Reports worst-case timing paths for each clock domain and analysis                                   ; On                 ;      ;    ;             ;
; Specifies the maximum number of worst-case timing paths to report for each clock domain and analysis ; 100                ;      ;    ;             ;
; Removes common clock path pessimism (CCPP) during slack computation                                  ; Off                ;      ;    ;             ;
; Output I/O Timing Endpoint                                                                           ; Near End           ;      ;    ;             ;
+------------------------------------------------------------------------------------------------------+--------------------+------+----+-------------+


Parallel compilation was disabled, but you have multiple processors available. Enable parallel compilation to reduce compilation time.
+-------------------------------------+
; Parallel Compilation                ;
+----------------------------+--------+
; Processors                 ; Number ;
+----------------------------+--------+
; Number detected on machine ; 8      ;
; Maximum allowed            ; 1      ;
+----------------------------+--------+


+-----------------------------------------------------------+
; tpd                                                       ;
+-------+-------------------+-----------------+------+------+
; Slack ; Required P2P Time ; Actual P2P Time ; From ; To   ;
+-------+-------------------+-----------------+------+------+
; N/A   ; None              ; 23.700 ns       ; B0   ; S7   ;
; N/A   ; None              ; 23.700 ns       ; A0   ; S7   ;
; N/A   ; None              ; 23.700 ns       ; B1   ; S7   ;
; N/A   ; None              ; 23.700 ns       ; A1   ; S7   ;
; N/A   ; None              ; 23.700 ns       ; B2   ; S7   ;
; N/A   ; None              ; 23.700 ns       ; A2   ; S7   ;
; N/A   ; None              ; 23.700 ns       ; B0   ; Cout ;
; N/A   ; None              ; 23.700 ns       ; A0   ; Cout ;
; N/A   ; None              ; 23.700 ns       ; B1   ; Cout ;
; N/A   ; None              ; 23.700 ns       ; A1   ; Cout ;
; N/A   ; None              ; 23.700 ns       ; B2   ; Cout ;
; N/A   ; None              ; 23.700 ns       ; A2   ; Cout ;
; N/A   ; None              ; 23.700 ns       ; B0   ; S6   ;
; N/A   ; None              ; 23.700 ns       ; A0   ; S6   ;
; N/A   ; None              ; 23.700 ns       ; B1   ; S6   ;
; N/A   ; None              ; 23.700 ns       ; A1   ; S6   ;
; N/A   ; None              ; 23.700 ns       ; B2   ; S6   ;
; N/A   ; None              ; 23.700 ns       ; A2   ; S6   ;
; N/A   ; None              ; 23.700 ns       ; B0   ; S5   ;
; N/A   ; None              ; 23.700 ns       ; A0   ; S5   ;
; N/A   ; None              ; 23.700 ns       ; B1   ; S5   ;
; N/A   ; None              ; 23.700 ns       ; A1   ; S5   ;
; N/A   ; None              ; 23.700 ns       ; B2   ; S5   ;
; N/A   ; None              ; 23.700 ns       ; A2   ; S5   ;
; N/A   ; None              ; 20.900 ns       ; A4   ; S7   ;
; N/A   ; None              ; 20.900 ns       ; B4   ; S7   ;
; N/A   ; None              ; 20.900 ns       ; A4   ; Cout ;
; N/A   ; None              ; 20.900 ns       ; B4   ; Cout ;
; N/A   ; None              ; 20.900 ns       ; A4   ; S6   ;
; N/A   ; None              ; 20.900 ns       ; B4   ; S6   ;
; N/A   ; None              ; 20.800 ns       ; A3   ; S7   ;
; N/A   ; None              ; 20.800 ns       ; B3   ; S7   ;
; N/A   ; None              ; 20.800 ns       ; A3   ; Cout ;
; N/A   ; None              ; 20.800 ns       ; B3   ; Cout ;
; N/A   ; None              ; 20.800 ns       ; A3   ; S6   ;
; N/A   ; None              ; 20.800 ns       ; B3   ; S6   ;
; N/A   ; None              ; 20.800 ns       ; A3   ; S5   ;
; N/A   ; None              ; 20.800 ns       ; B3   ; S5   ;
; N/A   ; None              ; 19.600 ns       ; B0   ; S4   ;
; N/A   ; None              ; 19.600 ns       ; Cin  ; S4   ;
; N/A   ; None              ; 19.600 ns       ; A0   ; S4   ;
; N/A   ; None              ; 19.600 ns       ; B1   ; S4   ;
; N/A   ; None              ; 19.600 ns       ; A1   ; S4   ;
; N/A   ; None              ; 19.600 ns       ; A2   ; S4   ;
; N/A   ; None              ; 18.700 ns       ; B2   ; S4   ;
; N/A   ; None              ; 17.900 ns       ; A5   ; S7   ;
; N/A   ; None              ; 17.900 ns       ; B5   ; S7   ;
; N/A   ; None              ; 17.800 ns       ; B2   ; S3   ;
; N/A   ; None              ; 17.800 ns       ; A2   ; S3   ;
; N/A   ; None              ; 17.800 ns       ; B0   ; S2   ;
; N/A   ; None              ; 17.800 ns       ; A0   ; S2   ;
; N/A   ; None              ; 17.800 ns       ; B1   ; S2   ;
; N/A   ; None              ; 17.800 ns       ; A1   ; S2   ;
; N/A   ; None              ; 17.000 ns       ; A5   ; Cout ;
; N/A   ; None              ; 17.000 ns       ; B5   ; Cout ;
; N/A   ; None              ; 17.000 ns       ; A5   ; S6   ;
; N/A   ; None              ; 17.000 ns       ; B5   ; S6   ;
; N/A   ; None              ; 16.900 ns       ; Cin  ; S7   ;
; N/A   ; None              ; 16.900 ns       ; Cin  ; Cout ;
; N/A   ; None              ; 16.900 ns       ; Cin  ; S6   ;
; N/A   ; None              ; 16.900 ns       ; Cin  ; S5   ;
; N/A   ; None              ; 16.900 ns       ; B0   ; S3   ;
; N/A   ; None              ; 16.900 ns       ; A0   ; S3   ;
; N/A   ; None              ; 16.900 ns       ; B1   ; S3   ;
; N/A   ; None              ; 16.900 ns       ; A1   ; S3   ;
; N/A   ; None              ; 15.800 ns       ; Cin  ; S3   ;
; N/A   ; None              ; 14.900 ns       ; A3   ; S4   ;
; N/A   ; None              ; 14.900 ns       ; B3   ; S4   ;
; N/A   ; None              ; 14.800 ns       ; A6   ; S7   ;
; N/A   ; None              ; 14.800 ns       ; B6   ; S7   ;
; N/A   ; None              ; 14.800 ns       ; B7   ; S7   ;
; N/A   ; None              ; 14.800 ns       ; A7   ; S7   ;
; N/A   ; None              ; 14.100 ns       ; A4   ; S5   ;
; N/A   ; None              ; 14.100 ns       ; B4   ; S5   ;
; N/A   ; None              ; 14.000 ns       ; Cin  ; S2   ;
; N/A   ; None              ; 11.900 ns       ; A3   ; S3   ;
; N/A   ; None              ; 11.900 ns       ; B3   ; S3   ;
; N/A   ; None              ; 11.900 ns       ; B2   ; S2   ;
; N/A   ; None              ; 11.900 ns       ; A2   ; S2   ;
; N/A   ; None              ; 11.900 ns       ; B0   ; S1   ;
; N/A   ; None              ; 11.900 ns       ; Cin  ; S1   ;
; N/A   ; None              ; 11.900 ns       ; A0   ; S1   ;
; N/A   ; None              ; 11.900 ns       ; B1   ; S1   ;
; N/A   ; None              ; 11.900 ns       ; A1   ; S1   ;
; N/A   ; None              ; 11.800 ns       ; A6   ; Cout ;
; N/A   ; None              ; 11.800 ns       ; B6   ; Cout ;
; N/A   ; None              ; 11.800 ns       ; B7   ; Cout ;
; N/A   ; None              ; 11.100 ns       ; A5   ; S5   ;
; N/A   ; None              ; 11.100 ns       ; A4   ; S4   ;
; N/A   ; None              ; 10.900 ns       ; A7   ; Cout ;
; N/A   ; None              ; 10.900 ns       ; A6   ; S6   ;
; N/A   ; None              ; 10.200 ns       ; B5   ; S5   ;
; N/A   ; None              ; 10.200 ns       ; B4   ; S4   ;
; N/A   ; None              ; 10.100 ns       ; B0   ; S0   ;
; N/A   ; None              ; 10.100 ns       ; Cin  ; S0   ;
; N/A   ; None              ; 10.100 ns       ; A0   ; S0   ;
; N/A   ; None              ; 10.000 ns       ; B6   ; S6   ;
+-------+-------------------+-----------------+------+------+


+--------------------------+
; Timing Analyzer Messages ;
+--------------------------+
Info: *******************************************************************
Info: Running Quartus II Classic Timing Analyzer
    Info: Version 9.1 Build 350 03/24/2010 Service Pack 2 SJ Web Edition
    Info: Processing started: Fri Oct 13 18:49:17 2023
Info: Command: quartus_tan --read_settings_files=off --write_settings_files=off EightBitAdder_SmallJordan -c EightBitAdder_SmallJordan
Info: Started post-fitting delay annotation
Info: Delay annotation completed successfully
Warning: Timing Analysis does not support the analysis of latches as synchronous elements for the currently selected device family
Info: Longest tpd from source pin "B0" to destination pin "S7" is 23.700 ns
    Info: 1: + IC(0.000 ns) + CELL(1.400 ns) = 1.400 ns; Loc. = PIN_27; Fanout = 33; PIN Node = 'B0'
    Info: 2: + IC(2.400 ns) + CELL(4.500 ns) = 8.300 ns; Loc. = LC8; Fanout = 6; COMB Node = 'FourBitAdder_SmallJordan:fba0|FullAdder_SmallJordan:fa2|NAND4_SmallJordan:nand4a|Y~2bal'
    Info: 3: + IC(2.300 ns) + CELL(4.500 ns) = 15.100 ns; Loc. = LC2; Fanout = 3; COMB Node = 'FourBitAdder_SmallJordan:fba1|FullAdder_SmallJordan:fa1|NAND3_SmallJordan:nand3e|Y~12'
    Info: 4: + IC(2.300 ns) + CELL(4.500 ns) = 21.900 ns; Loc. = LC21; Fanout = 1; COMB Node = 'FourBitAdder_SmallJordan:fba1|FullAdder_SmallJordan:fa3|NAND4_SmallJordan:nand4a|Y~2'
    Info: 5: + IC(0.000 ns) + CELL(1.800 ns) = 23.700 ns; Loc. = PIN_18; Fanout = 0; PIN Node = 'S7'
    Info: Total cell delay = 16.700 ns ( 70.46 % )
    Info: Total interconnect delay = 7.000 ns ( 29.54 % )
Info: Quartus II Classic Timing Analyzer was successful. 0 errors, 1 warning
    Info: Peak virtual memory: 166 megabytes
    Info: Processing ended: Fri Oct 13 18:49:17 2023
    Info: Elapsed time: 00:00:00
    Info: Total CPU time (on all processors): 00:00:00


