Simulator report for EightBitAdder_SmallJordan
Fri Oct 13 19:59:42 2023
Quartus II Version 9.1 Build 350 03/24/2010 Service Pack 2 SJ Web Edition


---------------------
; Table of Contents ;
---------------------
  1. Legal Notice
  2. Simulator Summary
  3. Simulator Settings
  4. Simulation Waveforms
  5. Coverage Summary
  6. Complete 1/0-Value Coverage
  7. Missing 1-Value Coverage
  8. Missing 0-Value Coverage
  9. Simulator INI Usage
 10. Simulator Messages



----------------
; Legal Notice ;
----------------
Copyright (C) 1991-2010 Altera Corporation
Your use of Altera Corporation's design tools, logic functions 
and other software and tools, and its AMPP partner logic 
functions, and any output files from any of the foregoing 
(including device programming or simulation files), and any 
associated documentation or information are expressly subject 
to the terms and conditions of the Altera Program License 
Subscription Agreement, Altera MegaCore Function License 
Agreement, or other applicable license agreement, including, 
without limitation, that your use is for the sole purpose of 
programming logic devices manufactured by Altera and sold by 
Altera or its authorized distributors.  Please refer to the 
applicable agreement for further details.



+--------------------------------------------+
; Simulator Summary                          ;
+-----------------------------+--------------+
; Type                        ; Value        ;
+-----------------------------+--------------+
; Simulation Start Time       ; 0 ps         ;
; Simulation End Time         ; 1.0 us       ;
; Simulation Netlist Size     ; 154 nodes    ;
; Simulation Coverage         ;       0.00 % ;
; Total Number of Transitions ; 0            ;
; Simulation Breakpoints      ; 0            ;
; Family                      ; MAX3000A     ;
+-----------------------------+--------------+


+-------------------------------------------------------------------------------------------------------------------------+
; Simulator Settings                                                                                                      ;
+--------------------------------------------------------------------------------------------+------------+---------------+
; Option                                                                                     ; Setting    ; Default Value ;
+--------------------------------------------------------------------------------------------+------------+---------------+
; Simulation mode                                                                            ; Functional ; Timing        ;
; Start time                                                                                 ; 0 ns       ; 0 ns          ;
; Simulation results format                                                                  ; CVWF       ;               ;
; Add pins automatically to simulation output waveforms                                      ; On         ; On            ;
; Check outputs                                                                              ; Off        ; Off           ;
; Report simulation coverage                                                                 ; On         ; On            ;
; Display complete 1/0 value coverage report                                                 ; On         ; On            ;
; Display missing 1-value coverage report                                                    ; On         ; On            ;
; Display missing 0-value coverage report                                                    ; On         ; On            ;
; Detect setup and hold time violations                                                      ; Off        ; Off           ;
; Detect glitches                                                                            ; Off        ; Off           ;
; Disable timing delays in Timing Simulation                                                 ; Off        ; Off           ;
; Generate Signal Activity File                                                              ; Off        ; Off           ;
; Generate VCD File for PowerPlay Power Analyzer                                             ; Off        ; Off           ;
; Group bus channels in simulation results                                                   ; Off        ; Off           ;
; Preserve fewer signal transitions to reduce memory requirements                            ; On         ; On            ;
; Trigger vector comparison with the specified mode                                          ; INPUT_EDGE ; INPUT_EDGE    ;
; Disable setup and hold time violations detection in input registers of bi-directional pins ; Off        ; Off           ;
; Overwrite Waveform Inputs With Simulation Outputs                                          ; On         ;               ;
; Perform Glitch Filtering in Timing Simulation                                              ; Auto       ; Auto          ;
+--------------------------------------------------------------------------------------------+------------+---------------+


+----------------------+
; Simulation Waveforms ;
+----------------------+
Waveform report data cannot be output to ASCII.
Please use Quartus II to view the waveform report data.


+--------------------------------------------------------------------+
; Coverage Summary                                                   ;
+-----------------------------------------------------+--------------+
; Type                                                ; Value        ;
+-----------------------------------------------------+--------------+
; Total coverage as a percentage                      ;       0.00 % ;
; Total nodes checked                                 ; 154          ;
; Total output ports checked                          ; 154          ;
; Total output ports with complete 1/0-value coverage ; 0            ;
; Total output ports with no 1/0-value coverage       ; 154          ;
; Total output ports with no 1-value coverage         ; 154          ;
; Total output ports with no 0-value coverage         ; 154          ;
+-----------------------------------------------------+--------------+


The following table displays output ports that toggle between 1 and 0 during simulation.
+-------------------------------------------------+
; Complete 1/0-Value Coverage                     ;
+-----------+------------------+------------------+
; Node Name ; Output Port Name ; Output Port Type ;
+-----------+------------------+------------------+


The following table displays output ports that do not toggle to 1 during simulation.
+------------------------------------------------------------------------------------------------------------------------------------------------------------------------------------------------------------------------------------------------------+
; Missing 1-Value Coverage                                                                                                                                                                                                                             ;
+-----------------------------------------------------------------------------------------------------------------+-----------------------------------------------------------------------------------------------------------------+------------------+
; Node Name                                                                                                       ; Output Port Name                                                                                                ; Output Port Type ;
+-----------------------------------------------------------------------------------------------------------------+-----------------------------------------------------------------------------------------------------------------+------------------+
; |EightBitAdder_SmallJordan|A7                                                                                   ; |EightBitAdder_SmallJordan|A7                                                                                   ; out              ;
; |EightBitAdder_SmallJordan|A6                                                                                   ; |EightBitAdder_SmallJordan|A6                                                                                   ; out              ;
; |EightBitAdder_SmallJordan|A5                                                                                   ; |EightBitAdder_SmallJordan|A5                                                                                   ; out              ;
; |EightBitAdder_SmallJordan|A4                                                                                   ; |EightBitAdder_SmallJordan|A4                                                                                   ; out              ;
; |EightBitAdder_SmallJordan|A3                                                                                   ; |EightBitAdder_SmallJordan|A3                                                                                   ; out              ;
; |EightBitAdder_SmallJordan|A2                                                                                   ; |EightBitAdder_SmallJordan|A2                                                                                   ; out              ;
; |EightBitAdder_SmallJordan|A1                                                                                   ; |EightBitAdder_SmallJordan|A1                                                                                   ; out              ;
; |EightBitAdder_SmallJordan|A0                                                                                   ; |EightBitAdder_SmallJordan|A0                                                                                   ; out              ;
; |EightBitAdder_SmallJordan|B7                                                                                   ; |EightBitAdder_SmallJordan|B7                                                                                   ; out              ;
; |EightBitAdder_SmallJordan|B6                                                                                   ; |EightBitAdder_SmallJordan|B6                                                                                   ; out              ;
; |EightBitAdder_SmallJordan|B5                                                                                   ; |EightBitAdder_SmallJordan|B5                                                                                   ; out              ;
; |EightBitAdder_SmallJordan|B4                                                                                   ; |EightBitAdder_SmallJordan|B4                                                                                   ; out              ;
; |EightBitAdder_SmallJordan|B3                                                                                   ; |EightBitAdder_SmallJordan|B3                                                                                   ; out              ;
; |EightBitAdder_SmallJordan|B2                                                                                   ; |EightBitAdder_SmallJordan|B2                                                                                   ; out              ;
; |EightBitAdder_SmallJordan|B1                                                                                   ; |EightBitAdder_SmallJordan|B1                                                                                   ; out              ;
; |EightBitAdder_SmallJordan|B0                                                                                   ; |EightBitAdder_SmallJordan|B0                                                                                   ; out              ;
; |EightBitAdder_SmallJordan|Cin                                                                                  ; |EightBitAdder_SmallJordan|Cin                                                                                  ; out              ;
; |EightBitAdder_SmallJordan|Cout                                                                                 ; |EightBitAdder_SmallJordan|Cout                                                                                 ; pin_out          ;
; |EightBitAdder_SmallJordan|S7                                                                                   ; |EightBitAdder_SmallJordan|S7                                                                                   ; pin_out          ;
; |EightBitAdder_SmallJordan|S6                                                                                   ; |EightBitAdder_SmallJordan|S6                                                                                   ; pin_out          ;
; |EightBitAdder_SmallJordan|S5                                                                                   ; |EightBitAdder_SmallJordan|S5                                                                                   ; pin_out          ;
; |EightBitAdder_SmallJordan|S4                                                                                   ; |EightBitAdder_SmallJordan|S4                                                                                   ; pin_out          ;
; |EightBitAdder_SmallJordan|S3                                                                                   ; |EightBitAdder_SmallJordan|S3                                                                                   ; pin_out          ;
; |EightBitAdder_SmallJordan|S2                                                                                   ; |EightBitAdder_SmallJordan|S2                                                                                   ; pin_out          ;
; |EightBitAdder_SmallJordan|S1                                                                                   ; |EightBitAdder_SmallJordan|S1                                                                                   ; pin_out          ;
; |EightBitAdder_SmallJordan|S0                                                                                   ; |EightBitAdder_SmallJordan|S0                                                                                   ; pin_out          ;
; |EightBitAdder_SmallJordan|FourBitAdder_SmallJordan:fba1|FullAdder_SmallJordan:fa3|w[9]                         ; |EightBitAdder_SmallJordan|FourBitAdder_SmallJordan:fba1|FullAdder_SmallJordan:fa3|w[9]                         ; out0             ;
; |EightBitAdder_SmallJordan|FourBitAdder_SmallJordan:fba1|FullAdder_SmallJordan:fa3|w[10]                        ; |EightBitAdder_SmallJordan|FourBitAdder_SmallJordan:fba1|FullAdder_SmallJordan:fa3|w[10]                        ; out0             ;
; |EightBitAdder_SmallJordan|FourBitAdder_SmallJordan:fba1|FullAdder_SmallJordan:fa3|w[11]                        ; |EightBitAdder_SmallJordan|FourBitAdder_SmallJordan:fba1|FullAdder_SmallJordan:fa3|w[11]                        ; out0             ;
; |EightBitAdder_SmallJordan|FourBitAdder_SmallJordan:fba1|FullAdder_SmallJordan:fa3|NAND3_SmallJordan:nand3e|w1  ; |EightBitAdder_SmallJordan|FourBitAdder_SmallJordan:fba1|FullAdder_SmallJordan:fa3|NAND3_SmallJordan:nand3e|w1  ; out0             ;
; |EightBitAdder_SmallJordan|FourBitAdder_SmallJordan:fba1|FullAdder_SmallJordan:fa3|NAND3_SmallJordan:nand3e|Y~0 ; |EightBitAdder_SmallJordan|FourBitAdder_SmallJordan:fba1|FullAdder_SmallJordan:fa3|NAND3_SmallJordan:nand3e|Y~0 ; out0             ;
; |EightBitAdder_SmallJordan|FourBitAdder_SmallJordan:fba1|FullAdder_SmallJordan:fa3|NAND4_SmallJordan:nand4a|w1  ; |EightBitAdder_SmallJordan|FourBitAdder_SmallJordan:fba1|FullAdder_SmallJordan:fa3|NAND4_SmallJordan:nand4a|w1  ; out0             ;
; |EightBitAdder_SmallJordan|FourBitAdder_SmallJordan:fba1|FullAdder_SmallJordan:fa3|NAND4_SmallJordan:nand4a|w2  ; |EightBitAdder_SmallJordan|FourBitAdder_SmallJordan:fba1|FullAdder_SmallJordan:fa3|NAND4_SmallJordan:nand4a|w2  ; out0             ;
; |EightBitAdder_SmallJordan|FourBitAdder_SmallJordan:fba1|FullAdder_SmallJordan:fa3|NAND4_SmallJordan:nand4a|Y~0 ; |EightBitAdder_SmallJordan|FourBitAdder_SmallJordan:fba1|FullAdder_SmallJordan:fa3|NAND4_SmallJordan:nand4a|Y~0 ; out0             ;
; |EightBitAdder_SmallJordan|FourBitAdder_SmallJordan:fba1|FullAdder_SmallJordan:fa3|NAND3_SmallJordan:nand3d|w1  ; |EightBitAdder_SmallJordan|FourBitAdder_SmallJordan:fba1|FullAdder_SmallJordan:fa3|NAND3_SmallJordan:nand3d|w1  ; out0             ;
; |EightBitAdder_SmallJordan|FourBitAdder_SmallJordan:fba1|FullAdder_SmallJordan:fa3|NAND3_SmallJordan:nand3d|Y~0 ; |EightBitAdder_SmallJordan|FourBitAdder_SmallJordan:fba1|FullAdder_SmallJordan:fa3|NAND3_SmallJordan:nand3d|Y~0 ; out0             ;
; |EightBitAdder_SmallJordan|FourBitAdder_SmallJordan:fba1|FullAdder_SmallJordan:fa3|NAND3_SmallJordan:nand3c|w1  ; |EightBitAdder_SmallJordan|FourBitAdder_SmallJordan:fba1|FullAdder_SmallJordan:fa3|NAND3_SmallJordan:nand3c|w1  ; out0             ;
; |EightBitAdder_SmallJordan|FourBitAdder_SmallJordan:fba1|FullAdder_SmallJordan:fa3|NAND3_SmallJordan:nand3c|Y~0 ; |EightBitAdder_SmallJordan|FourBitAdder_SmallJordan:fba1|FullAdder_SmallJordan:fa3|NAND3_SmallJordan:nand3c|Y~0 ; out0             ;
; |EightBitAdder_SmallJordan|FourBitAdder_SmallJordan:fba1|FullAdder_SmallJordan:fa3|NAND3_SmallJordan:nand3b|w1  ; |EightBitAdder_SmallJordan|FourBitAdder_SmallJordan:fba1|FullAdder_SmallJordan:fa3|NAND3_SmallJordan:nand3b|w1  ; out0             ;
; |EightBitAdder_SmallJordan|FourBitAdder_SmallJordan:fba1|FullAdder_SmallJordan:fa3|NAND3_SmallJordan:nand3b|Y~0 ; |EightBitAdder_SmallJordan|FourBitAdder_SmallJordan:fba1|FullAdder_SmallJordan:fa3|NAND3_SmallJordan:nand3b|Y~0 ; out0             ;
; |EightBitAdder_SmallJordan|FourBitAdder_SmallJordan:fba1|FullAdder_SmallJordan:fa3|NAND3_SmallJordan:nand3a|w1  ; |EightBitAdder_SmallJordan|FourBitAdder_SmallJordan:fba1|FullAdder_SmallJordan:fa3|NAND3_SmallJordan:nand3a|w1  ; out0             ;
; |EightBitAdder_SmallJordan|FourBitAdder_SmallJordan:fba1|FullAdder_SmallJordan:fa3|NAND3_SmallJordan:nand3a|Y~0 ; |EightBitAdder_SmallJordan|FourBitAdder_SmallJordan:fba1|FullAdder_SmallJordan:fa3|NAND3_SmallJordan:nand3a|Y~0 ; out0             ;
; |EightBitAdder_SmallJordan|FourBitAdder_SmallJordan:fba1|FullAdder_SmallJordan:fa2|w[9]                         ; |EightBitAdder_SmallJordan|FourBitAdder_SmallJordan:fba1|FullAdder_SmallJordan:fa2|w[9]                         ; out0             ;
; |EightBitAdder_SmallJordan|FourBitAdder_SmallJordan:fba1|FullAdder_SmallJordan:fa2|w[10]                        ; |EightBitAdder_SmallJordan|FourBitAdder_SmallJordan:fba1|FullAdder_SmallJordan:fa2|w[10]                        ; out0             ;
; |EightBitAdder_SmallJordan|FourBitAdder_SmallJordan:fba1|FullAdder_SmallJordan:fa2|w[11]                        ; |EightBitAdder_SmallJordan|FourBitAdder_SmallJordan:fba1|FullAdder_SmallJordan:fa2|w[11]                        ; out0             ;
; |EightBitAdder_SmallJordan|FourBitAdder_SmallJordan:fba1|FullAdder_SmallJordan:fa2|NAND3_SmallJordan:nand3e|w1  ; |EightBitAdder_SmallJordan|FourBitAdder_SmallJordan:fba1|FullAdder_SmallJordan:fa2|NAND3_SmallJordan:nand3e|w1  ; out0             ;
; |EightBitAdder_SmallJordan|FourBitAdder_SmallJordan:fba1|FullAdder_SmallJordan:fa2|NAND3_SmallJordan:nand3e|Y~0 ; |EightBitAdder_SmallJordan|FourBitAdder_SmallJordan:fba1|FullAdder_SmallJordan:fa2|NAND3_SmallJordan:nand3e|Y~0 ; out0             ;
; |EightBitAdder_SmallJordan|FourBitAdder_SmallJordan:fba1|FullAdder_SmallJordan:fa2|NAND4_SmallJordan:nand4a|w1  ; |EightBitAdder_SmallJordan|FourBitAdder_SmallJordan:fba1|FullAdder_SmallJordan:fa2|NAND4_SmallJordan:nand4a|w1  ; out0             ;
; |EightBitAdder_SmallJordan|FourBitAdder_SmallJordan:fba1|FullAdder_SmallJordan:fa2|NAND4_SmallJordan:nand4a|w2  ; |EightBitAdder_SmallJordan|FourBitAdder_SmallJordan:fba1|FullAdder_SmallJordan:fa2|NAND4_SmallJordan:nand4a|w2  ; out0             ;
; |EightBitAdder_SmallJordan|FourBitAdder_SmallJordan:fba1|FullAdder_SmallJordan:fa2|NAND4_SmallJordan:nand4a|Y~0 ; |EightBitAdder_SmallJordan|FourBitAdder_SmallJordan:fba1|FullAdder_SmallJordan:fa2|NAND4_SmallJordan:nand4a|Y~0 ; out0             ;
; |EightBitAdder_SmallJordan|FourBitAdder_SmallJordan:fba1|FullAdder_SmallJordan:fa2|NAND3_SmallJordan:nand3d|w1  ; |EightBitAdder_SmallJordan|FourBitAdder_SmallJordan:fba1|FullAdder_SmallJordan:fa2|NAND3_SmallJordan:nand3d|w1  ; out0             ;
; |EightBitAdder_SmallJordan|FourBitAdder_SmallJordan:fba1|FullAdder_SmallJordan:fa2|NAND3_SmallJordan:nand3d|Y~0 ; |EightBitAdder_SmallJordan|FourBitAdder_SmallJordan:fba1|FullAdder_SmallJordan:fa2|NAND3_SmallJordan:nand3d|Y~0 ; out0             ;
; |EightBitAdder_SmallJordan|FourBitAdder_SmallJordan:fba1|FullAdder_SmallJordan:fa2|NAND3_SmallJordan:nand3c|w1  ; |EightBitAdder_SmallJordan|FourBitAdder_SmallJordan:fba1|FullAdder_SmallJordan:fa2|NAND3_SmallJordan:nand3c|w1  ; out0             ;
; |EightBitAdder_SmallJordan|FourBitAdder_SmallJordan:fba1|FullAdder_SmallJordan:fa2|NAND3_SmallJordan:nand3c|Y~0 ; |EightBitAdder_SmallJordan|FourBitAdder_SmallJordan:fba1|FullAdder_SmallJordan:fa2|NAND3_SmallJordan:nand3c|Y~0 ; out0             ;
; |EightBitAdder_SmallJordan|FourBitAdder_SmallJordan:fba1|FullAdder_SmallJordan:fa2|NAND3_SmallJordan:nand3b|w1  ; |EightBitAdder_SmallJordan|FourBitAdder_SmallJordan:fba1|FullAdder_SmallJordan:fa2|NAND3_SmallJordan:nand3b|w1  ; out0             ;
; |EightBitAdder_SmallJordan|FourBitAdder_SmallJordan:fba1|FullAdder_SmallJordan:fa2|NAND3_SmallJordan:nand3b|Y~0 ; |EightBitAdder_SmallJordan|FourBitAdder_SmallJordan:fba1|FullAdder_SmallJordan:fa2|NAND3_SmallJordan:nand3b|Y~0 ; out0             ;
; |EightBitAdder_SmallJordan|FourBitAdder_SmallJordan:fba1|FullAdder_SmallJordan:fa2|NAND3_SmallJordan:nand3a|w1  ; |EightBitAdder_SmallJordan|FourBitAdder_SmallJordan:fba1|FullAdder_SmallJordan:fa2|NAND3_SmallJordan:nand3a|w1  ; out0             ;
; |EightBitAdder_SmallJordan|FourBitAdder_SmallJordan:fba1|FullAdder_SmallJordan:fa2|NAND3_SmallJordan:nand3a|Y~0 ; |EightBitAdder_SmallJordan|FourBitAdder_SmallJordan:fba1|FullAdder_SmallJordan:fa2|NAND3_SmallJordan:nand3a|Y~0 ; out0             ;
; |EightBitAdder_SmallJordan|FourBitAdder_SmallJordan:fba1|FullAdder_SmallJordan:fa1|w[9]                         ; |EightBitAdder_SmallJordan|FourBitAdder_SmallJordan:fba1|FullAdder_SmallJordan:fa1|w[9]                         ; out0             ;
; |EightBitAdder_SmallJordan|FourBitAdder_SmallJordan:fba1|FullAdder_SmallJordan:fa1|w[10]                        ; |EightBitAdder_SmallJordan|FourBitAdder_SmallJordan:fba1|FullAdder_SmallJordan:fa1|w[10]                        ; out0             ;
; |EightBitAdder_SmallJordan|FourBitAdder_SmallJordan:fba1|FullAdder_SmallJordan:fa1|w[11]                        ; |EightBitAdder_SmallJordan|FourBitAdder_SmallJordan:fba1|FullAdder_SmallJordan:fa1|w[11]                        ; out0             ;
; |EightBitAdder_SmallJordan|FourBitAdder_SmallJordan:fba1|FullAdder_SmallJordan:fa1|NAND3_SmallJordan:nand3e|w1  ; |EightBitAdder_SmallJordan|FourBitAdder_SmallJordan:fba1|FullAdder_SmallJordan:fa1|NAND3_SmallJordan:nand3e|w1  ; out0             ;
; |EightBitAdder_SmallJordan|FourBitAdder_SmallJordan:fba1|FullAdder_SmallJordan:fa1|NAND3_SmallJordan:nand3e|Y~0 ; |EightBitAdder_SmallJordan|FourBitAdder_SmallJordan:fba1|FullAdder_SmallJordan:fa1|NAND3_SmallJordan:nand3e|Y~0 ; out0             ;
; |EightBitAdder_SmallJordan|FourBitAdder_SmallJordan:fba1|FullAdder_SmallJordan:fa1|NAND4_SmallJordan:nand4a|w1  ; |EightBitAdder_SmallJordan|FourBitAdder_SmallJordan:fba1|FullAdder_SmallJordan:fa1|NAND4_SmallJordan:nand4a|w1  ; out0             ;
; |EightBitAdder_SmallJordan|FourBitAdder_SmallJordan:fba1|FullAdder_SmallJordan:fa1|NAND4_SmallJordan:nand4a|w2  ; |EightBitAdder_SmallJordan|FourBitAdder_SmallJordan:fba1|FullAdder_SmallJordan:fa1|NAND4_SmallJordan:nand4a|w2  ; out0             ;
; |EightBitAdder_SmallJordan|FourBitAdder_SmallJordan:fba1|FullAdder_SmallJordan:fa1|NAND4_SmallJordan:nand4a|Y~0 ; |EightBitAdder_SmallJordan|FourBitAdder_SmallJordan:fba1|FullAdder_SmallJordan:fa1|NAND4_SmallJordan:nand4a|Y~0 ; out0             ;
; |EightBitAdder_SmallJordan|FourBitAdder_SmallJordan:fba1|FullAdder_SmallJordan:fa1|NAND3_SmallJordan:nand3d|w1  ; |EightBitAdder_SmallJordan|FourBitAdder_SmallJordan:fba1|FullAdder_SmallJordan:fa1|NAND3_SmallJordan:nand3d|w1  ; out0             ;
; |EightBitAdder_SmallJordan|FourBitAdder_SmallJordan:fba1|FullAdder_SmallJordan:fa1|NAND3_SmallJordan:nand3d|Y~0 ; |EightBitAdder_SmallJordan|FourBitAdder_SmallJordan:fba1|FullAdder_SmallJordan:fa1|NAND3_SmallJordan:nand3d|Y~0 ; out0             ;
; |EightBitAdder_SmallJordan|FourBitAdder_SmallJordan:fba1|FullAdder_SmallJordan:fa1|NAND3_SmallJordan:nand3c|w1  ; |EightBitAdder_SmallJordan|FourBitAdder_SmallJordan:fba1|FullAdder_SmallJordan:fa1|NAND3_SmallJordan:nand3c|w1  ; out0             ;
; |EightBitAdder_SmallJordan|FourBitAdder_SmallJordan:fba1|FullAdder_SmallJordan:fa1|NAND3_SmallJordan:nand3c|Y~0 ; |EightBitAdder_SmallJordan|FourBitAdder_SmallJordan:fba1|FullAdder_SmallJordan:fa1|NAND3_SmallJordan:nand3c|Y~0 ; out0             ;
; |EightBitAdder_SmallJordan|FourBitAdder_SmallJordan:fba1|FullAdder_SmallJordan:fa1|NAND3_SmallJordan:nand3b|w1  ; |EightBitAdder_SmallJordan|FourBitAdder_SmallJordan:fba1|FullAdder_SmallJordan:fa1|NAND3_SmallJordan:nand3b|w1  ; out0             ;
; |EightBitAdder_SmallJordan|FourBitAdder_SmallJordan:fba1|FullAdder_SmallJordan:fa1|NAND3_SmallJordan:nand3b|Y~0 ; |EightBitAdder_SmallJordan|FourBitAdder_SmallJordan:fba1|FullAdder_SmallJordan:fa1|NAND3_SmallJordan:nand3b|Y~0 ; out0             ;
; |EightBitAdder_SmallJordan|FourBitAdder_SmallJordan:fba1|FullAdder_SmallJordan:fa1|NAND3_SmallJordan:nand3a|w1  ; |EightBitAdder_SmallJordan|FourBitAdder_SmallJordan:fba1|FullAdder_SmallJordan:fa1|NAND3_SmallJordan:nand3a|w1  ; out0             ;
; |EightBitAdder_SmallJordan|FourBitAdder_SmallJordan:fba1|FullAdder_SmallJordan:fa1|NAND3_SmallJordan:nand3a|Y~0 ; |EightBitAdder_SmallJordan|FourBitAdder_SmallJordan:fba1|FullAdder_SmallJordan:fa1|NAND3_SmallJordan:nand3a|Y~0 ; out0             ;
; |EightBitAdder_SmallJordan|FourBitAdder_SmallJordan:fba1|FullAdder_SmallJordan:fa0|w[9]                         ; |EightBitAdder_SmallJordan|FourBitAdder_SmallJordan:fba1|FullAdder_SmallJordan:fa0|w[9]                         ; out0             ;
; |EightBitAdder_SmallJordan|FourBitAdder_SmallJordan:fba1|FullAdder_SmallJordan:fa0|w[10]                        ; |EightBitAdder_SmallJordan|FourBitAdder_SmallJordan:fba1|FullAdder_SmallJordan:fa0|w[10]                        ; out0             ;
; |EightBitAdder_SmallJordan|FourBitAdder_SmallJordan:fba1|FullAdder_SmallJordan:fa0|w[11]                        ; |EightBitAdder_SmallJordan|FourBitAdder_SmallJordan:fba1|FullAdder_SmallJordan:fa0|w[11]                        ; out0             ;
; |EightBitAdder_SmallJordan|FourBitAdder_SmallJordan:fba1|FullAdder_SmallJordan:fa0|NAND3_SmallJordan:nand3e|w1  ; |EightBitAdder_SmallJordan|FourBitAdder_SmallJordan:fba1|FullAdder_SmallJordan:fa0|NAND3_SmallJordan:nand3e|w1  ; out0             ;
; |EightBitAdder_SmallJordan|FourBitAdder_SmallJordan:fba1|FullAdder_SmallJordan:fa0|NAND3_SmallJordan:nand3e|Y~0 ; |EightBitAdder_SmallJordan|FourBitAdder_SmallJordan:fba1|FullAdder_SmallJordan:fa0|NAND3_SmallJordan:nand3e|Y~0 ; out0             ;
; |EightBitAdder_SmallJordan|FourBitAdder_SmallJordan:fba1|FullAdder_SmallJordan:fa0|NAND4_SmallJordan:nand4a|w1  ; |EightBitAdder_SmallJordan|FourBitAdder_SmallJordan:fba1|FullAdder_SmallJordan:fa0|NAND4_SmallJordan:nand4a|w1  ; out0             ;
; |EightBitAdder_SmallJordan|FourBitAdder_SmallJordan:fba1|FullAdder_SmallJordan:fa0|NAND4_SmallJordan:nand4a|w2  ; |EightBitAdder_SmallJordan|FourBitAdder_SmallJordan:fba1|FullAdder_SmallJordan:fa0|NAND4_SmallJordan:nand4a|w2  ; out0             ;
; |EightBitAdder_SmallJordan|FourBitAdder_SmallJordan:fba1|FullAdder_SmallJordan:fa0|NAND4_SmallJordan:nand4a|Y~0 ; |EightBitAdder_SmallJordan|FourBitAdder_SmallJordan:fba1|FullAdder_SmallJordan:fa0|NAND4_SmallJordan:nand4a|Y~0 ; out0             ;
; |EightBitAdder_SmallJordan|FourBitAdder_SmallJordan:fba1|FullAdder_SmallJordan:fa0|NAND3_SmallJordan:nand3d|w1  ; |EightBitAdder_SmallJordan|FourBitAdder_SmallJordan:fba1|FullAdder_SmallJordan:fa0|NAND3_SmallJordan:nand3d|w1  ; out0             ;
; |EightBitAdder_SmallJordan|FourBitAdder_SmallJordan:fba1|FullAdder_SmallJordan:fa0|NAND3_SmallJordan:nand3d|Y~0 ; |EightBitAdder_SmallJordan|FourBitAdder_SmallJordan:fba1|FullAdder_SmallJordan:fa0|NAND3_SmallJordan:nand3d|Y~0 ; out0             ;
; |EightBitAdder_SmallJordan|FourBitAdder_SmallJordan:fba1|FullAdder_SmallJordan:fa0|NAND3_SmallJordan:nand3c|w1  ; |EightBitAdder_SmallJordan|FourBitAdder_SmallJordan:fba1|FullAdder_SmallJordan:fa0|NAND3_SmallJordan:nand3c|w1  ; out0             ;
; |EightBitAdder_SmallJordan|FourBitAdder_SmallJordan:fba1|FullAdder_SmallJordan:fa0|NAND3_SmallJordan:nand3c|Y~0 ; |EightBitAdder_SmallJordan|FourBitAdder_SmallJordan:fba1|FullAdder_SmallJordan:fa0|NAND3_SmallJordan:nand3c|Y~0 ; out0             ;
; |EightBitAdder_SmallJordan|FourBitAdder_SmallJordan:fba1|FullAdder_SmallJordan:fa0|NAND3_SmallJordan:nand3b|w1  ; |EightBitAdder_SmallJordan|FourBitAdder_SmallJordan:fba1|FullAdder_SmallJordan:fa0|NAND3_SmallJordan:nand3b|w1  ; out0             ;
; |EightBitAdder_SmallJordan|FourBitAdder_SmallJordan:fba1|FullAdder_SmallJordan:fa0|NAND3_SmallJordan:nand3b|Y~0 ; |EightBitAdder_SmallJordan|FourBitAdder_SmallJordan:fba1|FullAdder_SmallJordan:fa0|NAND3_SmallJordan:nand3b|Y~0 ; out0             ;
; |EightBitAdder_SmallJordan|FourBitAdder_SmallJordan:fba1|FullAdder_SmallJordan:fa0|NAND3_SmallJordan:nand3a|w1  ; |EightBitAdder_SmallJordan|FourBitAdder_SmallJordan:fba1|FullAdder_SmallJordan:fa0|NAND3_SmallJordan:nand3a|w1  ; out0             ;
; |EightBitAdder_SmallJordan|FourBitAdder_SmallJordan:fba1|FullAdder_SmallJordan:fa0|NAND3_SmallJordan:nand3a|Y~0 ; |EightBitAdder_SmallJordan|FourBitAdder_SmallJordan:fba1|FullAdder_SmallJordan:fa0|NAND3_SmallJordan:nand3a|Y~0 ; out0             ;
; |EightBitAdder_SmallJordan|FourBitAdder_SmallJordan:fba0|FullAdder_SmallJordan:fa3|w[9]                         ; |EightBitAdder_SmallJordan|FourBitAdder_SmallJordan:fba0|FullAdder_SmallJordan:fa3|w[9]                         ; out0             ;
; |EightBitAdder_SmallJordan|FourBitAdder_SmallJordan:fba0|FullAdder_SmallJordan:fa3|w[10]                        ; |EightBitAdder_SmallJordan|FourBitAdder_SmallJordan:fba0|FullAdder_SmallJordan:fa3|w[10]                        ; out0             ;
; |EightBitAdder_SmallJordan|FourBitAdder_SmallJordan:fba0|FullAdder_SmallJordan:fa3|w[11]                        ; |EightBitAdder_SmallJordan|FourBitAdder_SmallJordan:fba0|FullAdder_SmallJordan:fa3|w[11]                        ; out0             ;
; |EightBitAdder_SmallJordan|FourBitAdder_SmallJordan:fba0|FullAdder_SmallJordan:fa3|NAND3_SmallJordan:nand3e|w1  ; |EightBitAdder_SmallJordan|FourBitAdder_SmallJordan:fba0|FullAdder_SmallJordan:fa3|NAND3_SmallJordan:nand3e|w1  ; out0             ;
; |EightBitAdder_SmallJordan|FourBitAdder_SmallJordan:fba0|FullAdder_SmallJordan:fa3|NAND3_SmallJordan:nand3e|Y~0 ; |EightBitAdder_SmallJordan|FourBitAdder_SmallJordan:fba0|FullAdder_SmallJordan:fa3|NAND3_SmallJordan:nand3e|Y~0 ; out0             ;
; |EightBitAdder_SmallJordan|FourBitAdder_SmallJordan:fba0|FullAdder_SmallJordan:fa3|NAND4_SmallJordan:nand4a|w1  ; |EightBitAdder_SmallJordan|FourBitAdder_SmallJordan:fba0|FullAdder_SmallJordan:fa3|NAND4_SmallJordan:nand4a|w1  ; out0             ;
; |EightBitAdder_SmallJordan|FourBitAdder_SmallJordan:fba0|FullAdder_SmallJordan:fa3|NAND4_SmallJordan:nand4a|w2  ; |EightBitAdder_SmallJordan|FourBitAdder_SmallJordan:fba0|FullAdder_SmallJordan:fa3|NAND4_SmallJordan:nand4a|w2  ; out0             ;
; |EightBitAdder_SmallJordan|FourBitAdder_SmallJordan:fba0|FullAdder_SmallJordan:fa3|NAND4_SmallJordan:nand4a|Y~0 ; |EightBitAdder_SmallJordan|FourBitAdder_SmallJordan:fba0|FullAdder_SmallJordan:fa3|NAND4_SmallJordan:nand4a|Y~0 ; out0             ;
; |EightBitAdder_SmallJordan|FourBitAdder_SmallJordan:fba0|FullAdder_SmallJordan:fa3|NAND3_SmallJordan:nand3d|w1  ; |EightBitAdder_SmallJordan|FourBitAdder_SmallJordan:fba0|FullAdder_SmallJordan:fa3|NAND3_SmallJordan:nand3d|w1  ; out0             ;
; |EightBitAdder_SmallJordan|FourBitAdder_SmallJordan:fba0|FullAdder_SmallJordan:fa3|NAND3_SmallJordan:nand3d|Y~0 ; |EightBitAdder_SmallJordan|FourBitAdder_SmallJordan:fba0|FullAdder_SmallJordan:fa3|NAND3_SmallJordan:nand3d|Y~0 ; out0             ;
; |EightBitAdder_SmallJordan|FourBitAdder_SmallJordan:fba0|FullAdder_SmallJordan:fa3|NAND3_SmallJordan:nand3c|w1  ; |EightBitAdder_SmallJordan|FourBitAdder_SmallJordan:fba0|FullAdder_SmallJordan:fa3|NAND3_SmallJordan:nand3c|w1  ; out0             ;
; |EightBitAdder_SmallJordan|FourBitAdder_SmallJordan:fba0|FullAdder_SmallJordan:fa3|NAND3_SmallJordan:nand3c|Y~0 ; |EightBitAdder_SmallJordan|FourBitAdder_SmallJordan:fba0|FullAdder_SmallJordan:fa3|NAND3_SmallJordan:nand3c|Y~0 ; out0             ;
; |EightBitAdder_SmallJordan|FourBitAdder_SmallJordan:fba0|FullAdder_SmallJordan:fa3|NAND3_SmallJordan:nand3b|w1  ; |EightBitAdder_SmallJordan|FourBitAdder_SmallJordan:fba0|FullAdder_SmallJordan:fa3|NAND3_SmallJordan:nand3b|w1  ; out0             ;
; |EightBitAdder_SmallJordan|FourBitAdder_SmallJordan:fba0|FullAdder_SmallJordan:fa3|NAND3_SmallJordan:nand3b|Y~0 ; |EightBitAdder_SmallJordan|FourBitAdder_SmallJordan:fba0|FullAdder_SmallJordan:fa3|NAND3_SmallJordan:nand3b|Y~0 ; out0             ;
; |EightBitAdder_SmallJordan|FourBitAdder_SmallJordan:fba0|FullAdder_SmallJordan:fa3|NAND3_SmallJordan:nand3a|w1  ; |EightBitAdder_SmallJordan|FourBitAdder_SmallJordan:fba0|FullAdder_SmallJordan:fa3|NAND3_SmallJordan:nand3a|w1  ; out0             ;
; |EightBitAdder_SmallJordan|FourBitAdder_SmallJordan:fba0|FullAdder_SmallJordan:fa3|NAND3_SmallJordan:nand3a|Y~0 ; |EightBitAdder_SmallJordan|FourBitAdder_SmallJordan:fba0|FullAdder_SmallJordan:fa3|NAND3_SmallJordan:nand3a|Y~0 ; out0             ;
; |EightBitAdder_SmallJordan|FourBitAdder_SmallJordan:fba0|FullAdder_SmallJordan:fa2|w[9]                         ; |EightBitAdder_SmallJordan|FourBitAdder_SmallJordan:fba0|FullAdder_SmallJordan:fa2|w[9]                         ; out0             ;
; |EightBitAdder_SmallJordan|FourBitAdder_SmallJordan:fba0|FullAdder_SmallJordan:fa2|w[10]                        ; |EightBitAdder_SmallJordan|FourBitAdder_SmallJordan:fba0|FullAdder_SmallJordan:fa2|w[10]                        ; out0             ;
; |EightBitAdder_SmallJordan|FourBitAdder_SmallJordan:fba0|FullAdder_SmallJordan:fa2|w[11]                        ; |EightBitAdder_SmallJordan|FourBitAdder_SmallJordan:fba0|FullAdder_SmallJordan:fa2|w[11]                        ; out0             ;
; |EightBitAdder_SmallJordan|FourBitAdder_SmallJordan:fba0|FullAdder_SmallJordan:fa2|NAND3_SmallJordan:nand3e|w1  ; |EightBitAdder_SmallJordan|FourBitAdder_SmallJordan:fba0|FullAdder_SmallJordan:fa2|NAND3_SmallJordan:nand3e|w1  ; out0             ;
; |EightBitAdder_SmallJordan|FourBitAdder_SmallJordan:fba0|FullAdder_SmallJordan:fa2|NAND3_SmallJordan:nand3e|Y~0 ; |EightBitAdder_SmallJordan|FourBitAdder_SmallJordan:fba0|FullAdder_SmallJordan:fa2|NAND3_SmallJordan:nand3e|Y~0 ; out0             ;
; |EightBitAdder_SmallJordan|FourBitAdder_SmallJordan:fba0|FullAdder_SmallJordan:fa2|NAND4_SmallJordan:nand4a|w1  ; |EightBitAdder_SmallJordan|FourBitAdder_SmallJordan:fba0|FullAdder_SmallJordan:fa2|NAND4_SmallJordan:nand4a|w1  ; out0             ;
; |EightBitAdder_SmallJordan|FourBitAdder_SmallJordan:fba0|FullAdder_SmallJordan:fa2|NAND4_SmallJordan:nand4a|w2  ; |EightBitAdder_SmallJordan|FourBitAdder_SmallJordan:fba0|FullAdder_SmallJordan:fa2|NAND4_SmallJordan:nand4a|w2  ; out0             ;
; |EightBitAdder_SmallJordan|FourBitAdder_SmallJordan:fba0|FullAdder_SmallJordan:fa2|NAND4_SmallJordan:nand4a|Y~0 ; |EightBitAdder_SmallJordan|FourBitAdder_SmallJordan:fba0|FullAdder_SmallJordan:fa2|NAND4_SmallJordan:nand4a|Y~0 ; out0             ;
; |EightBitAdder_SmallJordan|FourBitAdder_SmallJordan:fba0|FullAdder_SmallJordan:fa2|NAND3_SmallJordan:nand3d|w1  ; |EightBitAdder_SmallJordan|FourBitAdder_SmallJordan:fba0|FullAdder_SmallJordan:fa2|NAND3_SmallJordan:nand3d|w1  ; out0             ;
; |EightBitAdder_SmallJordan|FourBitAdder_SmallJordan:fba0|FullAdder_SmallJordan:fa2|NAND3_SmallJordan:nand3d|Y~0 ; |EightBitAdder_SmallJordan|FourBitAdder_SmallJordan:fba0|FullAdder_SmallJordan:fa2|NAND3_SmallJordan:nand3d|Y~0 ; out0             ;
; |EightBitAdder_SmallJordan|FourBitAdder_SmallJordan:fba0|FullAdder_SmallJordan:fa2|NAND3_SmallJordan:nand3c|w1  ; |EightBitAdder_SmallJordan|FourBitAdder_SmallJordan:fba0|FullAdder_SmallJordan:fa2|NAND3_SmallJordan:nand3c|w1  ; out0             ;
; |EightBitAdder_SmallJordan|FourBitAdder_SmallJordan:fba0|FullAdder_SmallJordan:fa2|NAND3_SmallJordan:nand3c|Y~0 ; |EightBitAdder_SmallJordan|FourBitAdder_SmallJordan:fba0|FullAdder_SmallJordan:fa2|NAND3_SmallJordan:nand3c|Y~0 ; out0             ;
; |EightBitAdder_SmallJordan|FourBitAdder_SmallJordan:fba0|FullAdder_SmallJordan:fa2|NAND3_SmallJordan:nand3b|w1  ; |EightBitAdder_SmallJordan|FourBitAdder_SmallJordan:fba0|FullAdder_SmallJordan:fa2|NAND3_SmallJordan:nand3b|w1  ; out0             ;
; |EightBitAdder_SmallJordan|FourBitAdder_SmallJordan:fba0|FullAdder_SmallJordan:fa2|NAND3_SmallJordan:nand3b|Y~0 ; |EightBitAdder_SmallJordan|FourBitAdder_SmallJordan:fba0|FullAdder_SmallJordan:fa2|NAND3_SmallJordan:nand3b|Y~0 ; out0             ;
; |EightBitAdder_SmallJordan|FourBitAdder_SmallJordan:fba0|FullAdder_SmallJordan:fa2|NAND3_SmallJordan:nand3a|w1  ; |EightBitAdder_SmallJordan|FourBitAdder_SmallJordan:fba0|FullAdder_SmallJordan:fa2|NAND3_SmallJordan:nand3a|w1  ; out0             ;
; |EightBitAdder_SmallJordan|FourBitAdder_SmallJordan:fba0|FullAdder_SmallJordan:fa2|NAND3_SmallJordan:nand3a|Y~0 ; |EightBitAdder_SmallJordan|FourBitAdder_SmallJordan:fba0|FullAdder_SmallJordan:fa2|NAND3_SmallJordan:nand3a|Y~0 ; out0             ;
; |EightBitAdder_SmallJordan|FourBitAdder_SmallJordan:fba0|FullAdder_SmallJordan:fa1|w[9]                         ; |EightBitAdder_SmallJordan|FourBitAdder_SmallJordan:fba0|FullAdder_SmallJordan:fa1|w[9]                         ; out0             ;
; |EightBitAdder_SmallJordan|FourBitAdder_SmallJordan:fba0|FullAdder_SmallJordan:fa1|w[10]                        ; |EightBitAdder_SmallJordan|FourBitAdder_SmallJordan:fba0|FullAdder_SmallJordan:fa1|w[10]                        ; out0             ;
; |EightBitAdder_SmallJordan|FourBitAdder_SmallJordan:fba0|FullAdder_SmallJordan:fa1|w[11]                        ; |EightBitAdder_SmallJordan|FourBitAdder_SmallJordan:fba0|FullAdder_SmallJordan:fa1|w[11]                        ; out0             ;
; |EightBitAdder_SmallJordan|FourBitAdder_SmallJordan:fba0|FullAdder_SmallJordan:fa1|NAND3_SmallJordan:nand3e|w1  ; |EightBitAdder_SmallJordan|FourBitAdder_SmallJordan:fba0|FullAdder_SmallJordan:fa1|NAND3_SmallJordan:nand3e|w1  ; out0             ;
; |EightBitAdder_SmallJordan|FourBitAdder_SmallJordan:fba0|FullAdder_SmallJordan:fa1|NAND3_SmallJordan:nand3e|Y~0 ; |EightBitAdder_SmallJordan|FourBitAdder_SmallJordan:fba0|FullAdder_SmallJordan:fa1|NAND3_SmallJordan:nand3e|Y~0 ; out0             ;
; |EightBitAdder_SmallJordan|FourBitAdder_SmallJordan:fba0|FullAdder_SmallJordan:fa1|NAND4_SmallJordan:nand4a|w1  ; |EightBitAdder_SmallJordan|FourBitAdder_SmallJordan:fba0|FullAdder_SmallJordan:fa1|NAND4_SmallJordan:nand4a|w1  ; out0             ;
; |EightBitAdder_SmallJordan|FourBitAdder_SmallJordan:fba0|FullAdder_SmallJordan:fa1|NAND4_SmallJordan:nand4a|w2  ; |EightBitAdder_SmallJordan|FourBitAdder_SmallJordan:fba0|FullAdder_SmallJordan:fa1|NAND4_SmallJordan:nand4a|w2  ; out0             ;
; |EightBitAdder_SmallJordan|FourBitAdder_SmallJordan:fba0|FullAdder_SmallJordan:fa1|NAND4_SmallJordan:nand4a|Y~0 ; |EightBitAdder_SmallJordan|FourBitAdder_SmallJordan:fba0|FullAdder_SmallJordan:fa1|NAND4_SmallJordan:nand4a|Y~0 ; out0             ;
; |EightBitAdder_SmallJordan|FourBitAdder_SmallJordan:fba0|FullAdder_SmallJordan:fa1|NAND3_SmallJordan:nand3d|w1  ; |EightBitAdder_SmallJordan|FourBitAdder_SmallJordan:fba0|FullAdder_SmallJordan:fa1|NAND3_SmallJordan:nand3d|w1  ; out0             ;
; |EightBitAdder_SmallJordan|FourBitAdder_SmallJordan:fba0|FullAdder_SmallJordan:fa1|NAND3_SmallJordan:nand3d|Y~0 ; |EightBitAdder_SmallJordan|FourBitAdder_SmallJordan:fba0|FullAdder_SmallJordan:fa1|NAND3_SmallJordan:nand3d|Y~0 ; out0             ;
; |EightBitAdder_SmallJordan|FourBitAdder_SmallJordan:fba0|FullAdder_SmallJordan:fa1|NAND3_SmallJordan:nand3c|w1  ; |EightBitAdder_SmallJordan|FourBitAdder_SmallJordan:fba0|FullAdder_SmallJordan:fa1|NAND3_SmallJordan:nand3c|w1  ; out0             ;
; |EightBitAdder_SmallJordan|FourBitAdder_SmallJordan:fba0|FullAdder_SmallJordan:fa1|NAND3_SmallJordan:nand3c|Y~0 ; |EightBitAdder_SmallJordan|FourBitAdder_SmallJordan:fba0|FullAdder_SmallJordan:fa1|NAND3_SmallJordan:nand3c|Y~0 ; out0             ;
; |EightBitAdder_SmallJordan|FourBitAdder_SmallJordan:fba0|FullAdder_SmallJordan:fa1|NAND3_SmallJordan:nand3b|w1  ; |EightBitAdder_SmallJordan|FourBitAdder_SmallJordan:fba0|FullAdder_SmallJordan:fa1|NAND3_SmallJordan:nand3b|w1  ; out0             ;
; |EightBitAdder_SmallJordan|FourBitAdder_SmallJordan:fba0|FullAdder_SmallJordan:fa1|NAND3_SmallJordan:nand3b|Y~0 ; |EightBitAdder_SmallJordan|FourBitAdder_SmallJordan:fba0|FullAdder_SmallJordan:fa1|NAND3_SmallJordan:nand3b|Y~0 ; out0             ;
; |EightBitAdder_SmallJordan|FourBitAdder_SmallJordan:fba0|FullAdder_SmallJordan:fa1|NAND3_SmallJordan:nand3a|w1  ; |EightBitAdder_SmallJordan|FourBitAdder_SmallJordan:fba0|FullAdder_SmallJordan:fa1|NAND3_SmallJordan:nand3a|w1  ; out0             ;
; |EightBitAdder_SmallJordan|FourBitAdder_SmallJordan:fba0|FullAdder_SmallJordan:fa1|NAND3_SmallJordan:nand3a|Y~0 ; |EightBitAdder_SmallJordan|FourBitAdder_SmallJordan:fba0|FullAdder_SmallJordan:fa1|NAND3_SmallJordan:nand3a|Y~0 ; out0             ;
; |EightBitAdder_SmallJordan|FourBitAdder_SmallJordan:fba0|FullAdder_SmallJordan:fa0|w[9]                         ; |EightBitAdder_SmallJordan|FourBitAdder_SmallJordan:fba0|FullAdder_SmallJordan:fa0|w[9]                         ; out0             ;
; |EightBitAdder_SmallJordan|FourBitAdder_SmallJordan:fba0|FullAdder_SmallJordan:fa0|w[10]                        ; |EightBitAdder_SmallJordan|FourBitAdder_SmallJordan:fba0|FullAdder_SmallJordan:fa0|w[10]                        ; out0             ;
; |EightBitAdder_SmallJordan|FourBitAdder_SmallJordan:fba0|FullAdder_SmallJordan:fa0|w[11]                        ; |EightBitAdder_SmallJordan|FourBitAdder_SmallJordan:fba0|FullAdder_SmallJordan:fa0|w[11]                        ; out0             ;
; |EightBitAdder_SmallJordan|FourBitAdder_SmallJordan:fba0|FullAdder_SmallJordan:fa0|NAND3_SmallJordan:nand3e|w1  ; |EightBitAdder_SmallJordan|FourBitAdder_SmallJordan:fba0|FullAdder_SmallJordan:fa0|NAND3_SmallJordan:nand3e|w1  ; out0             ;
; |EightBitAdder_SmallJordan|FourBitAdder_SmallJordan:fba0|FullAdder_SmallJordan:fa0|NAND3_SmallJordan:nand3e|Y~0 ; |EightBitAdder_SmallJordan|FourBitAdder_SmallJordan:fba0|FullAdder_SmallJordan:fa0|NAND3_SmallJordan:nand3e|Y~0 ; out0             ;
; |EightBitAdder_SmallJordan|FourBitAdder_SmallJordan:fba0|FullAdder_SmallJordan:fa0|NAND4_SmallJordan:nand4a|w1  ; |EightBitAdder_SmallJordan|FourBitAdder_SmallJordan:fba0|FullAdder_SmallJordan:fa0|NAND4_SmallJordan:nand4a|w1  ; out0             ;
; |EightBitAdder_SmallJordan|FourBitAdder_SmallJordan:fba0|FullAdder_SmallJordan:fa0|NAND4_SmallJordan:nand4a|w2  ; |EightBitAdder_SmallJordan|FourBitAdder_SmallJordan:fba0|FullAdder_SmallJordan:fa0|NAND4_SmallJordan:nand4a|w2  ; out0             ;
; |EightBitAdder_SmallJordan|FourBitAdder_SmallJordan:fba0|FullAdder_SmallJordan:fa0|NAND4_SmallJordan:nand4a|Y~0 ; |EightBitAdder_SmallJordan|FourBitAdder_SmallJordan:fba0|FullAdder_SmallJordan:fa0|NAND4_SmallJordan:nand4a|Y~0 ; out0             ;
; |EightBitAdder_SmallJordan|FourBitAdder_SmallJordan:fba0|FullAdder_SmallJordan:fa0|NAND3_SmallJordan:nand3d|w1  ; |EightBitAdder_SmallJordan|FourBitAdder_SmallJordan:fba0|FullAdder_SmallJordan:fa0|NAND3_SmallJordan:nand3d|w1  ; out0             ;
; |EightBitAdder_SmallJordan|FourBitAdder_SmallJordan:fba0|FullAdder_SmallJordan:fa0|NAND3_SmallJordan:nand3d|Y~0 ; |EightBitAdder_SmallJordan|FourBitAdder_SmallJordan:fba0|FullAdder_SmallJordan:fa0|NAND3_SmallJordan:nand3d|Y~0 ; out0             ;
; |EightBitAdder_SmallJordan|FourBitAdder_SmallJordan:fba0|FullAdder_SmallJordan:fa0|NAND3_SmallJordan:nand3c|w1  ; |EightBitAdder_SmallJordan|FourBitAdder_SmallJordan:fba0|FullAdder_SmallJordan:fa0|NAND3_SmallJordan:nand3c|w1  ; out0             ;
; |EightBitAdder_SmallJordan|FourBitAdder_SmallJordan:fba0|FullAdder_SmallJordan:fa0|NAND3_SmallJordan:nand3c|Y~0 ; |EightBitAdder_SmallJordan|FourBitAdder_SmallJordan:fba0|FullAdder_SmallJordan:fa0|NAND3_SmallJordan:nand3c|Y~0 ; out0             ;
; |EightBitAdder_SmallJordan|FourBitAdder_SmallJordan:fba0|FullAdder_SmallJordan:fa0|NAND3_SmallJordan:nand3b|w1  ; |EightBitAdder_SmallJordan|FourBitAdder_SmallJordan:fba0|FullAdder_SmallJordan:fa0|NAND3_SmallJordan:nand3b|w1  ; out0             ;
; |EightBitAdder_SmallJordan|FourBitAdder_SmallJordan:fba0|FullAdder_SmallJordan:fa0|NAND3_SmallJordan:nand3b|Y~0 ; |EightBitAdder_SmallJordan|FourBitAdder_SmallJordan:fba0|FullAdder_SmallJordan:fa0|NAND3_SmallJordan:nand3b|Y~0 ; out0             ;
; |EightBitAdder_SmallJordan|FourBitAdder_SmallJordan:fba0|FullAdder_SmallJordan:fa0|NAND3_SmallJordan:nand3a|w1  ; |EightBitAdder_SmallJordan|FourBitAdder_SmallJordan:fba0|FullAdder_SmallJordan:fa0|NAND3_SmallJordan:nand3a|w1  ; out0             ;
; |EightBitAdder_SmallJordan|FourBitAdder_SmallJordan:fba0|FullAdder_SmallJordan:fa0|NAND3_SmallJordan:nand3a|Y~0 ; |EightBitAdder_SmallJordan|FourBitAdder_SmallJordan:fba0|FullAdder_SmallJordan:fa0|NAND3_SmallJordan:nand3a|Y~0 ; out0             ;
+-----------------------------------------------------------------------------------------------------------------+-----------------------------------------------------------------------------------------------------------------+------------------+


The following table displays output ports that do not toggle to 0 during simulation.
+------------------------------------------------------------------------------------------------------------------------------------------------------------------------------------------------------------------------------------------------------+
; Missing 0-Value Coverage                                                                                                                                                                                                                             ;
+-----------------------------------------------------------------------------------------------------------------+-----------------------------------------------------------------------------------------------------------------+------------------+
; Node Name                                                                                                       ; Output Port Name                                                                                                ; Output Port Type ;
+-----------------------------------------------------------------------------------------------------------------+-----------------------------------------------------------------------------------------------------------------+------------------+
; |EightBitAdder_SmallJordan|A7                                                                                   ; |EightBitAdder_SmallJordan|A7                                                                                   ; out              ;
; |EightBitAdder_SmallJordan|A6                                                                                   ; |EightBitAdder_SmallJordan|A6                                                                                   ; out              ;
; |EightBitAdder_SmallJordan|A5                                                                                   ; |EightBitAdder_SmallJordan|A5                                                                                   ; out              ;
; |EightBitAdder_SmallJordan|A4                                                                                   ; |EightBitAdder_SmallJordan|A4                                                                                   ; out              ;
; |EightBitAdder_SmallJordan|A3                                                                                   ; |EightBitAdder_SmallJordan|A3                                                                                   ; out              ;
; |EightBitAdder_SmallJordan|A2                                                                                   ; |EightBitAdder_SmallJordan|A2                                                                                   ; out              ;
; |EightBitAdder_SmallJordan|A1                                                                                   ; |EightBitAdder_SmallJordan|A1                                                                                   ; out              ;
; |EightBitAdder_SmallJordan|A0                                                                                   ; |EightBitAdder_SmallJordan|A0                                                                                   ; out              ;
; |EightBitAdder_SmallJordan|B7                                                                                   ; |EightBitAdder_SmallJordan|B7                                                                                   ; out              ;
; |EightBitAdder_SmallJordan|B6                                                                                   ; |EightBitAdder_SmallJordan|B6                                                                                   ; out              ;
; |EightBitAdder_SmallJordan|B5                                                                                   ; |EightBitAdder_SmallJordan|B5                                                                                   ; out              ;
; |EightBitAdder_SmallJordan|B4                                                                                   ; |EightBitAdder_SmallJordan|B4                                                                                   ; out              ;
; |EightBitAdder_SmallJordan|B3                                                                                   ; |EightBitAdder_SmallJordan|B3                                                                                   ; out              ;
; |EightBitAdder_SmallJordan|B2                                                                                   ; |EightBitAdder_SmallJordan|B2                                                                                   ; out              ;
; |EightBitAdder_SmallJordan|B1                                                                                   ; |EightBitAdder_SmallJordan|B1                                                                                   ; out              ;
; |EightBitAdder_SmallJordan|B0                                                                                   ; |EightBitAdder_SmallJordan|B0                                                                                   ; out              ;
; |EightBitAdder_SmallJordan|Cin                                                                                  ; |EightBitAdder_SmallJordan|Cin                                                                                  ; out              ;
; |EightBitAdder_SmallJordan|Cout                                                                                 ; |EightBitAdder_SmallJordan|Cout                                                                                 ; pin_out          ;
; |EightBitAdder_SmallJordan|S7                                                                                   ; |EightBitAdder_SmallJordan|S7                                                                                   ; pin_out          ;
; |EightBitAdder_SmallJordan|S6                                                                                   ; |EightBitAdder_SmallJordan|S6                                                                                   ; pin_out          ;
; |EightBitAdder_SmallJordan|S5                                                                                   ; |EightBitAdder_SmallJordan|S5                                                                                   ; pin_out          ;
; |EightBitAdder_SmallJordan|S4                                                                                   ; |EightBitAdder_SmallJordan|S4                                                                                   ; pin_out          ;
; |EightBitAdder_SmallJordan|S3                                                                                   ; |EightBitAdder_SmallJordan|S3                                                                                   ; pin_out          ;
; |EightBitAdder_SmallJordan|S2                                                                                   ; |EightBitAdder_SmallJordan|S2                                                                                   ; pin_out          ;
; |EightBitAdder_SmallJordan|S1                                                                                   ; |EightBitAdder_SmallJordan|S1                                                                                   ; pin_out          ;
; |EightBitAdder_SmallJordan|S0                                                                                   ; |EightBitAdder_SmallJordan|S0                                                                                   ; pin_out          ;
; |EightBitAdder_SmallJordan|FourBitAdder_SmallJordan:fba1|FullAdder_SmallJordan:fa3|w[9]                         ; |EightBitAdder_SmallJordan|FourBitAdder_SmallJordan:fba1|FullAdder_SmallJordan:fa3|w[9]                         ; out0             ;
; |EightBitAdder_SmallJordan|FourBitAdder_SmallJordan:fba1|FullAdder_SmallJordan:fa3|w[10]                        ; |EightBitAdder_SmallJordan|FourBitAdder_SmallJordan:fba1|FullAdder_SmallJordan:fa3|w[10]                        ; out0             ;
; |EightBitAdder_SmallJordan|FourBitAdder_SmallJordan:fba1|FullAdder_SmallJordan:fa3|w[11]                        ; |EightBitAdder_SmallJordan|FourBitAdder_SmallJordan:fba1|FullAdder_SmallJordan:fa3|w[11]                        ; out0             ;
; |EightBitAdder_SmallJordan|FourBitAdder_SmallJordan:fba1|FullAdder_SmallJordan:fa3|NAND3_SmallJordan:nand3e|w1  ; |EightBitAdder_SmallJordan|FourBitAdder_SmallJordan:fba1|FullAdder_SmallJordan:fa3|NAND3_SmallJordan:nand3e|w1  ; out0             ;
; |EightBitAdder_SmallJordan|FourBitAdder_SmallJordan:fba1|FullAdder_SmallJordan:fa3|NAND3_SmallJordan:nand3e|Y~0 ; |EightBitAdder_SmallJordan|FourBitAdder_SmallJordan:fba1|FullAdder_SmallJordan:fa3|NAND3_SmallJordan:nand3e|Y~0 ; out0             ;
; |EightBitAdder_SmallJordan|FourBitAdder_SmallJordan:fba1|FullAdder_SmallJordan:fa3|NAND4_SmallJordan:nand4a|w1  ; |EightBitAdder_SmallJordan|FourBitAdder_SmallJordan:fba1|FullAdder_SmallJordan:fa3|NAND4_SmallJordan:nand4a|w1  ; out0             ;
; |EightBitAdder_SmallJordan|FourBitAdder_SmallJordan:fba1|FullAdder_SmallJordan:fa3|NAND4_SmallJordan:nand4a|w2  ; |EightBitAdder_SmallJordan|FourBitAdder_SmallJordan:fba1|FullAdder_SmallJordan:fa3|NAND4_SmallJordan:nand4a|w2  ; out0             ;
; |EightBitAdder_SmallJordan|FourBitAdder_SmallJordan:fba1|FullAdder_SmallJordan:fa3|NAND4_SmallJordan:nand4a|Y~0 ; |EightBitAdder_SmallJordan|FourBitAdder_SmallJordan:fba1|FullAdder_SmallJordan:fa3|NAND4_SmallJordan:nand4a|Y~0 ; out0             ;
; |EightBitAdder_SmallJordan|FourBitAdder_SmallJordan:fba1|FullAdder_SmallJordan:fa3|NAND3_SmallJordan:nand3d|w1  ; |EightBitAdder_SmallJordan|FourBitAdder_SmallJordan:fba1|FullAdder_SmallJordan:fa3|NAND3_SmallJordan:nand3d|w1  ; out0             ;
; |EightBitAdder_SmallJordan|FourBitAdder_SmallJordan:fba1|FullAdder_SmallJordan:fa3|NAND3_SmallJordan:nand3d|Y~0 ; |EightBitAdder_SmallJordan|FourBitAdder_SmallJordan:fba1|FullAdder_SmallJordan:fa3|NAND3_SmallJordan:nand3d|Y~0 ; out0             ;
; |EightBitAdder_SmallJordan|FourBitAdder_SmallJordan:fba1|FullAdder_SmallJordan:fa3|NAND3_SmallJordan:nand3c|w1  ; |EightBitAdder_SmallJordan|FourBitAdder_SmallJordan:fba1|FullAdder_SmallJordan:fa3|NAND3_SmallJordan:nand3c|w1  ; out0             ;
; |EightBitAdder_SmallJordan|FourBitAdder_SmallJordan:fba1|FullAdder_SmallJordan:fa3|NAND3_SmallJordan:nand3c|Y~0 ; |EightBitAdder_SmallJordan|FourBitAdder_SmallJordan:fba1|FullAdder_SmallJordan:fa3|NAND3_SmallJordan:nand3c|Y~0 ; out0             ;
; |EightBitAdder_SmallJordan|FourBitAdder_SmallJordan:fba1|FullAdder_SmallJordan:fa3|NAND3_SmallJordan:nand3b|w1  ; |EightBitAdder_SmallJordan|FourBitAdder_SmallJordan:fba1|FullAdder_SmallJordan:fa3|NAND3_SmallJordan:nand3b|w1  ; out0             ;
; |EightBitAdder_SmallJordan|FourBitAdder_SmallJordan:fba1|FullAdder_SmallJordan:fa3|NAND3_SmallJordan:nand3b|Y~0 ; |EightBitAdder_SmallJordan|FourBitAdder_SmallJordan:fba1|FullAdder_SmallJordan:fa3|NAND3_SmallJordan:nand3b|Y~0 ; out0             ;
; |EightBitAdder_SmallJordan|FourBitAdder_SmallJordan:fba1|FullAdder_SmallJordan:fa3|NAND3_SmallJordan:nand3a|w1  ; |EightBitAdder_SmallJordan|FourBitAdder_SmallJordan:fba1|FullAdder_SmallJordan:fa3|NAND3_SmallJordan:nand3a|w1  ; out0             ;
; |EightBitAdder_SmallJordan|FourBitAdder_SmallJordan:fba1|FullAdder_SmallJordan:fa3|NAND3_SmallJordan:nand3a|Y~0 ; |EightBitAdder_SmallJordan|FourBitAdder_SmallJordan:fba1|FullAdder_SmallJordan:fa3|NAND3_SmallJordan:nand3a|Y~0 ; out0             ;
; |EightBitAdder_SmallJordan|FourBitAdder_SmallJordan:fba1|FullAdder_SmallJordan:fa2|w[9]                         ; |EightBitAdder_SmallJordan|FourBitAdder_SmallJordan:fba1|FullAdder_SmallJordan:fa2|w[9]                         ; out0             ;
; |EightBitAdder_SmallJordan|FourBitAdder_SmallJordan:fba1|FullAdder_SmallJordan:fa2|w[10]                        ; |EightBitAdder_SmallJordan|FourBitAdder_SmallJordan:fba1|FullAdder_SmallJordan:fa2|w[10]                        ; out0             ;
; |EightBitAdder_SmallJordan|FourBitAdder_SmallJordan:fba1|FullAdder_SmallJordan:fa2|w[11]                        ; |EightBitAdder_SmallJordan|FourBitAdder_SmallJordan:fba1|FullAdder_SmallJordan:fa2|w[11]                        ; out0             ;
; |EightBitAdder_SmallJordan|FourBitAdder_SmallJordan:fba1|FullAdder_SmallJordan:fa2|NAND3_SmallJordan:nand3e|w1  ; |EightBitAdder_SmallJordan|FourBitAdder_SmallJordan:fba1|FullAdder_SmallJordan:fa2|NAND3_SmallJordan:nand3e|w1  ; out0             ;
; |EightBitAdder_SmallJordan|FourBitAdder_SmallJordan:fba1|FullAdder_SmallJordan:fa2|NAND3_SmallJordan:nand3e|Y~0 ; |EightBitAdder_SmallJordan|FourBitAdder_SmallJordan:fba1|FullAdder_SmallJordan:fa2|NAND3_SmallJordan:nand3e|Y~0 ; out0             ;
; |EightBitAdder_SmallJordan|FourBitAdder_SmallJordan:fba1|FullAdder_SmallJordan:fa2|NAND4_SmallJordan:nand4a|w1  ; |EightBitAdder_SmallJordan|FourBitAdder_SmallJordan:fba1|FullAdder_SmallJordan:fa2|NAND4_SmallJordan:nand4a|w1  ; out0             ;
; |EightBitAdder_SmallJordan|FourBitAdder_SmallJordan:fba1|FullAdder_SmallJordan:fa2|NAND4_SmallJordan:nand4a|w2  ; |EightBitAdder_SmallJordan|FourBitAdder_SmallJordan:fba1|FullAdder_SmallJordan:fa2|NAND4_SmallJordan:nand4a|w2  ; out0             ;
; |EightBitAdder_SmallJordan|FourBitAdder_SmallJordan:fba1|FullAdder_SmallJordan:fa2|NAND4_SmallJordan:nand4a|Y~0 ; |EightBitAdder_SmallJordan|FourBitAdder_SmallJordan:fba1|FullAdder_SmallJordan:fa2|NAND4_SmallJordan:nand4a|Y~0 ; out0             ;
; |EightBitAdder_SmallJordan|FourBitAdder_SmallJordan:fba1|FullAdder_SmallJordan:fa2|NAND3_SmallJordan:nand3d|w1  ; |EightBitAdder_SmallJordan|FourBitAdder_SmallJordan:fba1|FullAdder_SmallJordan:fa2|NAND3_SmallJordan:nand3d|w1  ; out0             ;
; |EightBitAdder_SmallJordan|FourBitAdder_SmallJordan:fba1|FullAdder_SmallJordan:fa2|NAND3_SmallJordan:nand3d|Y~0 ; |EightBitAdder_SmallJordan|FourBitAdder_SmallJordan:fba1|FullAdder_SmallJordan:fa2|NAND3_SmallJordan:nand3d|Y~0 ; out0             ;
; |EightBitAdder_SmallJordan|FourBitAdder_SmallJordan:fba1|FullAdder_SmallJordan:fa2|NAND3_SmallJordan:nand3c|w1  ; |EightBitAdder_SmallJordan|FourBitAdder_SmallJordan:fba1|FullAdder_SmallJordan:fa2|NAND3_SmallJordan:nand3c|w1  ; out0             ;
; |EightBitAdder_SmallJordan|FourBitAdder_SmallJordan:fba1|FullAdder_SmallJordan:fa2|NAND3_SmallJordan:nand3c|Y~0 ; |EightBitAdder_SmallJordan|FourBitAdder_SmallJordan:fba1|FullAdder_SmallJordan:fa2|NAND3_SmallJordan:nand3c|Y~0 ; out0             ;
; |EightBitAdder_SmallJordan|FourBitAdder_SmallJordan:fba1|FullAdder_SmallJordan:fa2|NAND3_SmallJordan:nand3b|w1  ; |EightBitAdder_SmallJordan|FourBitAdder_SmallJordan:fba1|FullAdder_SmallJordan:fa2|NAND3_SmallJordan:nand3b|w1  ; out0             ;
; |EightBitAdder_SmallJordan|FourBitAdder_SmallJordan:fba1|FullAdder_SmallJordan:fa2|NAND3_SmallJordan:nand3b|Y~0 ; |EightBitAdder_SmallJordan|FourBitAdder_SmallJordan:fba1|FullAdder_SmallJordan:fa2|NAND3_SmallJordan:nand3b|Y~0 ; out0             ;
; |EightBitAdder_SmallJordan|FourBitAdder_SmallJordan:fba1|FullAdder_SmallJordan:fa2|NAND3_SmallJordan:nand3a|w1  ; |EightBitAdder_SmallJordan|FourBitAdder_SmallJordan:fba1|FullAdder_SmallJordan:fa2|NAND3_SmallJordan:nand3a|w1  ; out0             ;
; |EightBitAdder_SmallJordan|FourBitAdder_SmallJordan:fba1|FullAdder_SmallJordan:fa2|NAND3_SmallJordan:nand3a|Y~0 ; |EightBitAdder_SmallJordan|FourBitAdder_SmallJordan:fba1|FullAdder_SmallJordan:fa2|NAND3_SmallJordan:nand3a|Y~0 ; out0             ;
; |EightBitAdder_SmallJordan|FourBitAdder_SmallJordan:fba1|FullAdder_SmallJordan:fa1|w[9]                         ; |EightBitAdder_SmallJordan|FourBitAdder_SmallJordan:fba1|FullAdder_SmallJordan:fa1|w[9]                         ; out0             ;
; |EightBitAdder_SmallJordan|FourBitAdder_SmallJordan:fba1|FullAdder_SmallJordan:fa1|w[10]                        ; |EightBitAdder_SmallJordan|FourBitAdder_SmallJordan:fba1|FullAdder_SmallJordan:fa1|w[10]                        ; out0             ;
; |EightBitAdder_SmallJordan|FourBitAdder_SmallJordan:fba1|FullAdder_SmallJordan:fa1|w[11]                        ; |EightBitAdder_SmallJordan|FourBitAdder_SmallJordan:fba1|FullAdder_SmallJordan:fa1|w[11]                        ; out0             ;
; |EightBitAdder_SmallJordan|FourBitAdder_SmallJordan:fba1|FullAdder_SmallJordan:fa1|NAND3_SmallJordan:nand3e|w1  ; |EightBitAdder_SmallJordan|FourBitAdder_SmallJordan:fba1|FullAdder_SmallJordan:fa1|NAND3_SmallJordan:nand3e|w1  ; out0             ;
; |EightBitAdder_SmallJordan|FourBitAdder_SmallJordan:fba1|FullAdder_SmallJordan:fa1|NAND3_SmallJordan:nand3e|Y~0 ; |EightBitAdder_SmallJordan|FourBitAdder_SmallJordan:fba1|FullAdder_SmallJordan:fa1|NAND3_SmallJordan:nand3e|Y~0 ; out0             ;
; |EightBitAdder_SmallJordan|FourBitAdder_SmallJordan:fba1|FullAdder_SmallJordan:fa1|NAND4_SmallJordan:nand4a|w1  ; |EightBitAdder_SmallJordan|FourBitAdder_SmallJordan:fba1|FullAdder_SmallJordan:fa1|NAND4_SmallJordan:nand4a|w1  ; out0             ;
; |EightBitAdder_SmallJordan|FourBitAdder_SmallJordan:fba1|FullAdder_SmallJordan:fa1|NAND4_SmallJordan:nand4a|w2  ; |EightBitAdder_SmallJordan|FourBitAdder_SmallJordan:fba1|FullAdder_SmallJordan:fa1|NAND4_SmallJordan:nand4a|w2  ; out0             ;
; |EightBitAdder_SmallJordan|FourBitAdder_SmallJordan:fba1|FullAdder_SmallJordan:fa1|NAND4_SmallJordan:nand4a|Y~0 ; |EightBitAdder_SmallJordan|FourBitAdder_SmallJordan:fba1|FullAdder_SmallJordan:fa1|NAND4_SmallJordan:nand4a|Y~0 ; out0             ;
; |EightBitAdder_SmallJordan|FourBitAdder_SmallJordan:fba1|FullAdder_SmallJordan:fa1|NAND3_SmallJordan:nand3d|w1  ; |EightBitAdder_SmallJordan|FourBitAdder_SmallJordan:fba1|FullAdder_SmallJordan:fa1|NAND3_SmallJordan:nand3d|w1  ; out0             ;
; |EightBitAdder_SmallJordan|FourBitAdder_SmallJordan:fba1|FullAdder_SmallJordan:fa1|NAND3_SmallJordan:nand3d|Y~0 ; |EightBitAdder_SmallJordan|FourBitAdder_SmallJordan:fba1|FullAdder_SmallJordan:fa1|NAND3_SmallJordan:nand3d|Y~0 ; out0             ;
; |EightBitAdder_SmallJordan|FourBitAdder_SmallJordan:fba1|FullAdder_SmallJordan:fa1|NAND3_SmallJordan:nand3c|w1  ; |EightBitAdder_SmallJordan|FourBitAdder_SmallJordan:fba1|FullAdder_SmallJordan:fa1|NAND3_SmallJordan:nand3c|w1  ; out0             ;
; |EightBitAdder_SmallJordan|FourBitAdder_SmallJordan:fba1|FullAdder_SmallJordan:fa1|NAND3_SmallJordan:nand3c|Y~0 ; |EightBitAdder_SmallJordan|FourBitAdder_SmallJordan:fba1|FullAdder_SmallJordan:fa1|NAND3_SmallJordan:nand3c|Y~0 ; out0             ;
; |EightBitAdder_SmallJordan|FourBitAdder_SmallJordan:fba1|FullAdder_SmallJordan:fa1|NAND3_SmallJordan:nand3b|w1  ; |EightBitAdder_SmallJordan|FourBitAdder_SmallJordan:fba1|FullAdder_SmallJordan:fa1|NAND3_SmallJordan:nand3b|w1  ; out0             ;
; |EightBitAdder_SmallJordan|FourBitAdder_SmallJordan:fba1|FullAdder_SmallJordan:fa1|NAND3_SmallJordan:nand3b|Y~0 ; |EightBitAdder_SmallJordan|FourBitAdder_SmallJordan:fba1|FullAdder_SmallJordan:fa1|NAND3_SmallJordan:nand3b|Y~0 ; out0             ;
; |EightBitAdder_SmallJordan|FourBitAdder_SmallJordan:fba1|FullAdder_SmallJordan:fa1|NAND3_SmallJordan:nand3a|w1  ; |EightBitAdder_SmallJordan|FourBitAdder_SmallJordan:fba1|FullAdder_SmallJordan:fa1|NAND3_SmallJordan:nand3a|w1  ; out0             ;
; |EightBitAdder_SmallJordan|FourBitAdder_SmallJordan:fba1|FullAdder_SmallJordan:fa1|NAND3_SmallJordan:nand3a|Y~0 ; |EightBitAdder_SmallJordan|FourBitAdder_SmallJordan:fba1|FullAdder_SmallJordan:fa1|NAND3_SmallJordan:nand3a|Y~0 ; out0             ;
; |EightBitAdder_SmallJordan|FourBitAdder_SmallJordan:fba1|FullAdder_SmallJordan:fa0|w[9]                         ; |EightBitAdder_SmallJordan|FourBitAdder_SmallJordan:fba1|FullAdder_SmallJordan:fa0|w[9]                         ; out0             ;
; |EightBitAdder_SmallJordan|FourBitAdder_SmallJordan:fba1|FullAdder_SmallJordan:fa0|w[10]                        ; |EightBitAdder_SmallJordan|FourBitAdder_SmallJordan:fba1|FullAdder_SmallJordan:fa0|w[10]                        ; out0             ;
; |EightBitAdder_SmallJordan|FourBitAdder_SmallJordan:fba1|FullAdder_SmallJordan:fa0|w[11]                        ; |EightBitAdder_SmallJordan|FourBitAdder_SmallJordan:fba1|FullAdder_SmallJordan:fa0|w[11]                        ; out0             ;
; |EightBitAdder_SmallJordan|FourBitAdder_SmallJordan:fba1|FullAdder_SmallJordan:fa0|NAND3_SmallJordan:nand3e|w1  ; |EightBitAdder_SmallJordan|FourBitAdder_SmallJordan:fba1|FullAdder_SmallJordan:fa0|NAND3_SmallJordan:nand3e|w1  ; out0             ;
; |EightBitAdder_SmallJordan|FourBitAdder_SmallJordan:fba1|FullAdder_SmallJordan:fa0|NAND3_SmallJordan:nand3e|Y~0 ; |EightBitAdder_SmallJordan|FourBitAdder_SmallJordan:fba1|FullAdder_SmallJordan:fa0|NAND3_SmallJordan:nand3e|Y~0 ; out0             ;
; |EightBitAdder_SmallJordan|FourBitAdder_SmallJordan:fba1|FullAdder_SmallJordan:fa0|NAND4_SmallJordan:nand4a|w1  ; |EightBitAdder_SmallJordan|FourBitAdder_SmallJordan:fba1|FullAdder_SmallJordan:fa0|NAND4_SmallJordan:nand4a|w1  ; out0             ;
; |EightBitAdder_SmallJordan|FourBitAdder_SmallJordan:fba1|FullAdder_SmallJordan:fa0|NAND4_SmallJordan:nand4a|w2  ; |EightBitAdder_SmallJordan|FourBitAdder_SmallJordan:fba1|FullAdder_SmallJordan:fa0|NAND4_SmallJordan:nand4a|w2  ; out0             ;
; |EightBitAdder_SmallJordan|FourBitAdder_SmallJordan:fba1|FullAdder_SmallJordan:fa0|NAND4_SmallJordan:nand4a|Y~0 ; |EightBitAdder_SmallJordan|FourBitAdder_SmallJordan:fba1|FullAdder_SmallJordan:fa0|NAND4_SmallJordan:nand4a|Y~0 ; out0             ;
; |EightBitAdder_SmallJordan|FourBitAdder_SmallJordan:fba1|FullAdder_SmallJordan:fa0|NAND3_SmallJordan:nand3d|w1  ; |EightBitAdder_SmallJordan|FourBitAdder_SmallJordan:fba1|FullAdder_SmallJordan:fa0|NAND3_SmallJordan:nand3d|w1  ; out0             ;
; |EightBitAdder_SmallJordan|FourBitAdder_SmallJordan:fba1|FullAdder_SmallJordan:fa0|NAND3_SmallJordan:nand3d|Y~0 ; |EightBitAdder_SmallJordan|FourBitAdder_SmallJordan:fba1|FullAdder_SmallJordan:fa0|NAND3_SmallJordan:nand3d|Y~0 ; out0             ;
; |EightBitAdder_SmallJordan|FourBitAdder_SmallJordan:fba1|FullAdder_SmallJordan:fa0|NAND3_SmallJordan:nand3c|w1  ; |EightBitAdder_SmallJordan|FourBitAdder_SmallJordan:fba1|FullAdder_SmallJordan:fa0|NAND3_SmallJordan:nand3c|w1  ; out0             ;
; |EightBitAdder_SmallJordan|FourBitAdder_SmallJordan:fba1|FullAdder_SmallJordan:fa0|NAND3_SmallJordan:nand3c|Y~0 ; |EightBitAdder_SmallJordan|FourBitAdder_SmallJordan:fba1|FullAdder_SmallJordan:fa0|NAND3_SmallJordan:nand3c|Y~0 ; out0             ;
; |EightBitAdder_SmallJordan|FourBitAdder_SmallJordan:fba1|FullAdder_SmallJordan:fa0|NAND3_SmallJordan:nand3b|w1  ; |EightBitAdder_SmallJordan|FourBitAdder_SmallJordan:fba1|FullAdder_SmallJordan:fa0|NAND3_SmallJordan:nand3b|w1  ; out0             ;
; |EightBitAdder_SmallJordan|FourBitAdder_SmallJordan:fba1|FullAdder_SmallJordan:fa0|NAND3_SmallJordan:nand3b|Y~0 ; |EightBitAdder_SmallJordan|FourBitAdder_SmallJordan:fba1|FullAdder_SmallJordan:fa0|NAND3_SmallJordan:nand3b|Y~0 ; out0             ;
; |EightBitAdder_SmallJordan|FourBitAdder_SmallJordan:fba1|FullAdder_SmallJordan:fa0|NAND3_SmallJordan:nand3a|w1  ; |EightBitAdder_SmallJordan|FourBitAdder_SmallJordan:fba1|FullAdder_SmallJordan:fa0|NAND3_SmallJordan:nand3a|w1  ; out0             ;
; |EightBitAdder_SmallJordan|FourBitAdder_SmallJordan:fba1|FullAdder_SmallJordan:fa0|NAND3_SmallJordan:nand3a|Y~0 ; |EightBitAdder_SmallJordan|FourBitAdder_SmallJordan:fba1|FullAdder_SmallJordan:fa0|NAND3_SmallJordan:nand3a|Y~0 ; out0             ;
; |EightBitAdder_SmallJordan|FourBitAdder_SmallJordan:fba0|FullAdder_SmallJordan:fa3|w[9]                         ; |EightBitAdder_SmallJordan|FourBitAdder_SmallJordan:fba0|FullAdder_SmallJordan:fa3|w[9]                         ; out0             ;
; |EightBitAdder_SmallJordan|FourBitAdder_SmallJordan:fba0|FullAdder_SmallJordan:fa3|w[10]                        ; |EightBitAdder_SmallJordan|FourBitAdder_SmallJordan:fba0|FullAdder_SmallJordan:fa3|w[10]                        ; out0             ;
; |EightBitAdder_SmallJordan|FourBitAdder_SmallJordan:fba0|FullAdder_SmallJordan:fa3|w[11]                        ; |EightBitAdder_SmallJordan|FourBitAdder_SmallJordan:fba0|FullAdder_SmallJordan:fa3|w[11]                        ; out0             ;
; |EightBitAdder_SmallJordan|FourBitAdder_SmallJordan:fba0|FullAdder_SmallJordan:fa3|NAND3_SmallJordan:nand3e|w1  ; |EightBitAdder_SmallJordan|FourBitAdder_SmallJordan:fba0|FullAdder_SmallJordan:fa3|NAND3_SmallJordan:nand3e|w1  ; out0             ;
; |EightBitAdder_SmallJordan|FourBitAdder_SmallJordan:fba0|FullAdder_SmallJordan:fa3|NAND3_SmallJordan:nand3e|Y~0 ; |EightBitAdder_SmallJordan|FourBitAdder_SmallJordan:fba0|FullAdder_SmallJordan:fa3|NAND3_SmallJordan:nand3e|Y~0 ; out0             ;
; |EightBitAdder_SmallJordan|FourBitAdder_SmallJordan:fba0|FullAdder_SmallJordan:fa3|NAND4_SmallJordan:nand4a|w1  ; |EightBitAdder_SmallJordan|FourBitAdder_SmallJordan:fba0|FullAdder_SmallJordan:fa3|NAND4_SmallJordan:nand4a|w1  ; out0             ;
; |EightBitAdder_SmallJordan|FourBitAdder_SmallJordan:fba0|FullAdder_SmallJordan:fa3|NAND4_SmallJordan:nand4a|w2  ; |EightBitAdder_SmallJordan|FourBitAdder_SmallJordan:fba0|FullAdder_SmallJordan:fa3|NAND4_SmallJordan:nand4a|w2  ; out0             ;
; |EightBitAdder_SmallJordan|FourBitAdder_SmallJordan:fba0|FullAdder_SmallJordan:fa3|NAND4_SmallJordan:nand4a|Y~0 ; |EightBitAdder_SmallJordan|FourBitAdder_SmallJordan:fba0|FullAdder_SmallJordan:fa3|NAND4_SmallJordan:nand4a|Y~0 ; out0             ;
; |EightBitAdder_SmallJordan|FourBitAdder_SmallJordan:fba0|FullAdder_SmallJordan:fa3|NAND3_SmallJordan:nand3d|w1  ; |EightBitAdder_SmallJordan|FourBitAdder_SmallJordan:fba0|FullAdder_SmallJordan:fa3|NAND3_SmallJordan:nand3d|w1  ; out0             ;
; |EightBitAdder_SmallJordan|FourBitAdder_SmallJordan:fba0|FullAdder_SmallJordan:fa3|NAND3_SmallJordan:nand3d|Y~0 ; |EightBitAdder_SmallJordan|FourBitAdder_SmallJordan:fba0|FullAdder_SmallJordan:fa3|NAND3_SmallJordan:nand3d|Y~0 ; out0             ;
; |EightBitAdder_SmallJordan|FourBitAdder_SmallJordan:fba0|FullAdder_SmallJordan:fa3|NAND3_SmallJordan:nand3c|w1  ; |EightBitAdder_SmallJordan|FourBitAdder_SmallJordan:fba0|FullAdder_SmallJordan:fa3|NAND3_SmallJordan:nand3c|w1  ; out0             ;
; |EightBitAdder_SmallJordan|FourBitAdder_SmallJordan:fba0|FullAdder_SmallJordan:fa3|NAND3_SmallJordan:nand3c|Y~0 ; |EightBitAdder_SmallJordan|FourBitAdder_SmallJordan:fba0|FullAdder_SmallJordan:fa3|NAND3_SmallJordan:nand3c|Y~0 ; out0             ;
; |EightBitAdder_SmallJordan|FourBitAdder_SmallJordan:fba0|FullAdder_SmallJordan:fa3|NAND3_SmallJordan:nand3b|w1  ; |EightBitAdder_SmallJordan|FourBitAdder_SmallJordan:fba0|FullAdder_SmallJordan:fa3|NAND3_SmallJordan:nand3b|w1  ; out0             ;
; |EightBitAdder_SmallJordan|FourBitAdder_SmallJordan:fba0|FullAdder_SmallJordan:fa3|NAND3_SmallJordan:nand3b|Y~0 ; |EightBitAdder_SmallJordan|FourBitAdder_SmallJordan:fba0|FullAdder_SmallJordan:fa3|NAND3_SmallJordan:nand3b|Y~0 ; out0             ;
; |EightBitAdder_SmallJordan|FourBitAdder_SmallJordan:fba0|FullAdder_SmallJordan:fa3|NAND3_SmallJordan:nand3a|w1  ; |EightBitAdder_SmallJordan|FourBitAdder_SmallJordan:fba0|FullAdder_SmallJordan:fa3|NAND3_SmallJordan:nand3a|w1  ; out0             ;
; |EightBitAdder_SmallJordan|FourBitAdder_SmallJordan:fba0|FullAdder_SmallJordan:fa3|NAND3_SmallJordan:nand3a|Y~0 ; |EightBitAdder_SmallJordan|FourBitAdder_SmallJordan:fba0|FullAdder_SmallJordan:fa3|NAND3_SmallJordan:nand3a|Y~0 ; out0             ;
; |EightBitAdder_SmallJordan|FourBitAdder_SmallJordan:fba0|FullAdder_SmallJordan:fa2|w[9]                         ; |EightBitAdder_SmallJordan|FourBitAdder_SmallJordan:fba0|FullAdder_SmallJordan:fa2|w[9]                         ; out0             ;
; |EightBitAdder_SmallJordan|FourBitAdder_SmallJordan:fba0|FullAdder_SmallJordan:fa2|w[10]                        ; |EightBitAdder_SmallJordan|FourBitAdder_SmallJordan:fba0|FullAdder_SmallJordan:fa2|w[10]                        ; out0             ;
; |EightBitAdder_SmallJordan|FourBitAdder_SmallJordan:fba0|FullAdder_SmallJordan:fa2|w[11]                        ; |EightBitAdder_SmallJordan|FourBitAdder_SmallJordan:fba0|FullAdder_SmallJordan:fa2|w[11]                        ; out0             ;
; |EightBitAdder_SmallJordan|FourBitAdder_SmallJordan:fba0|FullAdder_SmallJordan:fa2|NAND3_SmallJordan:nand3e|w1  ; |EightBitAdder_SmallJordan|FourBitAdder_SmallJordan:fba0|FullAdder_SmallJordan:fa2|NAND3_SmallJordan:nand3e|w1  ; out0             ;
; |EightBitAdder_SmallJordan|FourBitAdder_SmallJordan:fba0|FullAdder_SmallJordan:fa2|NAND3_SmallJordan:nand3e|Y~0 ; |EightBitAdder_SmallJordan|FourBitAdder_SmallJordan:fba0|FullAdder_SmallJordan:fa2|NAND3_SmallJordan:nand3e|Y~0 ; out0             ;
; |EightBitAdder_SmallJordan|FourBitAdder_SmallJordan:fba0|FullAdder_SmallJordan:fa2|NAND4_SmallJordan:nand4a|w1  ; |EightBitAdder_SmallJordan|FourBitAdder_SmallJordan:fba0|FullAdder_SmallJordan:fa2|NAND4_SmallJordan:nand4a|w1  ; out0             ;
; |EightBitAdder_SmallJordan|FourBitAdder_SmallJordan:fba0|FullAdder_SmallJordan:fa2|NAND4_SmallJordan:nand4a|w2  ; |EightBitAdder_SmallJordan|FourBitAdder_SmallJordan:fba0|FullAdder_SmallJordan:fa2|NAND4_SmallJordan:nand4a|w2  ; out0             ;
; |EightBitAdder_SmallJordan|FourBitAdder_SmallJordan:fba0|FullAdder_SmallJordan:fa2|NAND4_SmallJordan:nand4a|Y~0 ; |EightBitAdder_SmallJordan|FourBitAdder_SmallJordan:fba0|FullAdder_SmallJordan:fa2|NAND4_SmallJordan:nand4a|Y~0 ; out0             ;
; |EightBitAdder_SmallJordan|FourBitAdder_SmallJordan:fba0|FullAdder_SmallJordan:fa2|NAND3_SmallJordan:nand3d|w1  ; |EightBitAdder_SmallJordan|FourBitAdder_SmallJordan:fba0|FullAdder_SmallJordan:fa2|NAND3_SmallJordan:nand3d|w1  ; out0             ;
; |EightBitAdder_SmallJordan|FourBitAdder_SmallJordan:fba0|FullAdder_SmallJordan:fa2|NAND3_SmallJordan:nand3d|Y~0 ; |EightBitAdder_SmallJordan|FourBitAdder_SmallJordan:fba0|FullAdder_SmallJordan:fa2|NAND3_SmallJordan:nand3d|Y~0 ; out0             ;
; |EightBitAdder_SmallJordan|FourBitAdder_SmallJordan:fba0|FullAdder_SmallJordan:fa2|NAND3_SmallJordan:nand3c|w1  ; |EightBitAdder_SmallJordan|FourBitAdder_SmallJordan:fba0|FullAdder_SmallJordan:fa2|NAND3_SmallJordan:nand3c|w1  ; out0             ;
; |EightBitAdder_SmallJordan|FourBitAdder_SmallJordan:fba0|FullAdder_SmallJordan:fa2|NAND3_SmallJordan:nand3c|Y~0 ; |EightBitAdder_SmallJordan|FourBitAdder_SmallJordan:fba0|FullAdder_SmallJordan:fa2|NAND3_SmallJordan:nand3c|Y~0 ; out0             ;
; |EightBitAdder_SmallJordan|FourBitAdder_SmallJordan:fba0|FullAdder_SmallJordan:fa2|NAND3_SmallJordan:nand3b|w1  ; |EightBitAdder_SmallJordan|FourBitAdder_SmallJordan:fba0|FullAdder_SmallJordan:fa2|NAND3_SmallJordan:nand3b|w1  ; out0             ;
; |EightBitAdder_SmallJordan|FourBitAdder_SmallJordan:fba0|FullAdder_SmallJordan:fa2|NAND3_SmallJordan:nand3b|Y~0 ; |EightBitAdder_SmallJordan|FourBitAdder_SmallJordan:fba0|FullAdder_SmallJordan:fa2|NAND3_SmallJordan:nand3b|Y~0 ; out0             ;
; |EightBitAdder_SmallJordan|FourBitAdder_SmallJordan:fba0|FullAdder_SmallJordan:fa2|NAND3_SmallJordan:nand3a|w1  ; |EightBitAdder_SmallJordan|FourBitAdder_SmallJordan:fba0|FullAdder_SmallJordan:fa2|NAND3_SmallJordan:nand3a|w1  ; out0             ;
; |EightBitAdder_SmallJordan|FourBitAdder_SmallJordan:fba0|FullAdder_SmallJordan:fa2|NAND3_SmallJordan:nand3a|Y~0 ; |EightBitAdder_SmallJordan|FourBitAdder_SmallJordan:fba0|FullAdder_SmallJordan:fa2|NAND3_SmallJordan:nand3a|Y~0 ; out0             ;
; |EightBitAdder_SmallJordan|FourBitAdder_SmallJordan:fba0|FullAdder_SmallJordan:fa1|w[9]                         ; |EightBitAdder_SmallJordan|FourBitAdder_SmallJordan:fba0|FullAdder_SmallJordan:fa1|w[9]                         ; out0             ;
; |EightBitAdder_SmallJordan|FourBitAdder_SmallJordan:fba0|FullAdder_SmallJordan:fa1|w[10]                        ; |EightBitAdder_SmallJordan|FourBitAdder_SmallJordan:fba0|FullAdder_SmallJordan:fa1|w[10]                        ; out0             ;
; |EightBitAdder_SmallJordan|FourBitAdder_SmallJordan:fba0|FullAdder_SmallJordan:fa1|w[11]                        ; |EightBitAdder_SmallJordan|FourBitAdder_SmallJordan:fba0|FullAdder_SmallJordan:fa1|w[11]                        ; out0             ;
; |EightBitAdder_SmallJordan|FourBitAdder_SmallJordan:fba0|FullAdder_SmallJordan:fa1|NAND3_SmallJordan:nand3e|w1  ; |EightBitAdder_SmallJordan|FourBitAdder_SmallJordan:fba0|FullAdder_SmallJordan:fa1|NAND3_SmallJordan:nand3e|w1  ; out0             ;
; |EightBitAdder_SmallJordan|FourBitAdder_SmallJordan:fba0|FullAdder_SmallJordan:fa1|NAND3_SmallJordan:nand3e|Y~0 ; |EightBitAdder_SmallJordan|FourBitAdder_SmallJordan:fba0|FullAdder_SmallJordan:fa1|NAND3_SmallJordan:nand3e|Y~0 ; out0             ;
; |EightBitAdder_SmallJordan|FourBitAdder_SmallJordan:fba0|FullAdder_SmallJordan:fa1|NAND4_SmallJordan:nand4a|w1  ; |EightBitAdder_SmallJordan|FourBitAdder_SmallJordan:fba0|FullAdder_SmallJordan:fa1|NAND4_SmallJordan:nand4a|w1  ; out0             ;
; |EightBitAdder_SmallJordan|FourBitAdder_SmallJordan:fba0|FullAdder_SmallJordan:fa1|NAND4_SmallJordan:nand4a|w2  ; |EightBitAdder_SmallJordan|FourBitAdder_SmallJordan:fba0|FullAdder_SmallJordan:fa1|NAND4_SmallJordan:nand4a|w2  ; out0             ;
; |EightBitAdder_SmallJordan|FourBitAdder_SmallJordan:fba0|FullAdder_SmallJordan:fa1|NAND4_SmallJordan:nand4a|Y~0 ; |EightBitAdder_SmallJordan|FourBitAdder_SmallJordan:fba0|FullAdder_SmallJordan:fa1|NAND4_SmallJordan:nand4a|Y~0 ; out0             ;
; |EightBitAdder_SmallJordan|FourBitAdder_SmallJordan:fba0|FullAdder_SmallJordan:fa1|NAND3_SmallJordan:nand3d|w1  ; |EightBitAdder_SmallJordan|FourBitAdder_SmallJordan:fba0|FullAdder_SmallJordan:fa1|NAND3_SmallJordan:nand3d|w1  ; out0             ;
; |EightBitAdder_SmallJordan|FourBitAdder_SmallJordan:fba0|FullAdder_SmallJordan:fa1|NAND3_SmallJordan:nand3d|Y~0 ; |EightBitAdder_SmallJordan|FourBitAdder_SmallJordan:fba0|FullAdder_SmallJordan:fa1|NAND3_SmallJordan:nand3d|Y~0 ; out0             ;
; |EightBitAdder_SmallJordan|FourBitAdder_SmallJordan:fba0|FullAdder_SmallJordan:fa1|NAND3_SmallJordan:nand3c|w1  ; |EightBitAdder_SmallJordan|FourBitAdder_SmallJordan:fba0|FullAdder_SmallJordan:fa1|NAND3_SmallJordan:nand3c|w1  ; out0             ;
; |EightBitAdder_SmallJordan|FourBitAdder_SmallJordan:fba0|FullAdder_SmallJordan:fa1|NAND3_SmallJordan:nand3c|Y~0 ; |EightBitAdder_SmallJordan|FourBitAdder_SmallJordan:fba0|FullAdder_SmallJordan:fa1|NAND3_SmallJordan:nand3c|Y~0 ; out0             ;
; |EightBitAdder_SmallJordan|FourBitAdder_SmallJordan:fba0|FullAdder_SmallJordan:fa1|NAND3_SmallJordan:nand3b|w1  ; |EightBitAdder_SmallJordan|FourBitAdder_SmallJordan:fba0|FullAdder_SmallJordan:fa1|NAND3_SmallJordan:nand3b|w1  ; out0             ;
; |EightBitAdder_SmallJordan|FourBitAdder_SmallJordan:fba0|FullAdder_SmallJordan:fa1|NAND3_SmallJordan:nand3b|Y~0 ; |EightBitAdder_SmallJordan|FourBitAdder_SmallJordan:fba0|FullAdder_SmallJordan:fa1|NAND3_SmallJordan:nand3b|Y~0 ; out0             ;
; |EightBitAdder_SmallJordan|FourBitAdder_SmallJordan:fba0|FullAdder_SmallJordan:fa1|NAND3_SmallJordan:nand3a|w1  ; |EightBitAdder_SmallJordan|FourBitAdder_SmallJordan:fba0|FullAdder_SmallJordan:fa1|NAND3_SmallJordan:nand3a|w1  ; out0             ;
; |EightBitAdder_SmallJordan|FourBitAdder_SmallJordan:fba0|FullAdder_SmallJordan:fa1|NAND3_SmallJordan:nand3a|Y~0 ; |EightBitAdder_SmallJordan|FourBitAdder_SmallJordan:fba0|FullAdder_SmallJordan:fa1|NAND3_SmallJordan:nand3a|Y~0 ; out0             ;
; |EightBitAdder_SmallJordan|FourBitAdder_SmallJordan:fba0|FullAdder_SmallJordan:fa0|w[9]                         ; |EightBitAdder_SmallJordan|FourBitAdder_SmallJordan:fba0|FullAdder_SmallJordan:fa0|w[9]                         ; out0             ;
; |EightBitAdder_SmallJordan|FourBitAdder_SmallJordan:fba0|FullAdder_SmallJordan:fa0|w[10]                        ; |EightBitAdder_SmallJordan|FourBitAdder_SmallJordan:fba0|FullAdder_SmallJordan:fa0|w[10]                        ; out0             ;
; |EightBitAdder_SmallJordan|FourBitAdder_SmallJordan:fba0|FullAdder_SmallJordan:fa0|w[11]                        ; |EightBitAdder_SmallJordan|FourBitAdder_SmallJordan:fba0|FullAdder_SmallJordan:fa0|w[11]                        ; out0             ;
; |EightBitAdder_SmallJordan|FourBitAdder_SmallJordan:fba0|FullAdder_SmallJordan:fa0|NAND3_SmallJordan:nand3e|w1  ; |EightBitAdder_SmallJordan|FourBitAdder_SmallJordan:fba0|FullAdder_SmallJordan:fa0|NAND3_SmallJordan:nand3e|w1  ; out0             ;
; |EightBitAdder_SmallJordan|FourBitAdder_SmallJordan:fba0|FullAdder_SmallJordan:fa0|NAND3_SmallJordan:nand3e|Y~0 ; |EightBitAdder_SmallJordan|FourBitAdder_SmallJordan:fba0|FullAdder_SmallJordan:fa0|NAND3_SmallJordan:nand3e|Y~0 ; out0             ;
; |EightBitAdder_SmallJordan|FourBitAdder_SmallJordan:fba0|FullAdder_SmallJordan:fa0|NAND4_SmallJordan:nand4a|w1  ; |EightBitAdder_SmallJordan|FourBitAdder_SmallJordan:fba0|FullAdder_SmallJordan:fa0|NAND4_SmallJordan:nand4a|w1  ; out0             ;
; |EightBitAdder_SmallJordan|FourBitAdder_SmallJordan:fba0|FullAdder_SmallJordan:fa0|NAND4_SmallJordan:nand4a|w2  ; |EightBitAdder_SmallJordan|FourBitAdder_SmallJordan:fba0|FullAdder_SmallJordan:fa0|NAND4_SmallJordan:nand4a|w2  ; out0             ;
; |EightBitAdder_SmallJordan|FourBitAdder_SmallJordan:fba0|FullAdder_SmallJordan:fa0|NAND4_SmallJordan:nand4a|Y~0 ; |EightBitAdder_SmallJordan|FourBitAdder_SmallJordan:fba0|FullAdder_SmallJordan:fa0|NAND4_SmallJordan:nand4a|Y~0 ; out0             ;
; |EightBitAdder_SmallJordan|FourBitAdder_SmallJordan:fba0|FullAdder_SmallJordan:fa0|NAND3_SmallJordan:nand3d|w1  ; |EightBitAdder_SmallJordan|FourBitAdder_SmallJordan:fba0|FullAdder_SmallJordan:fa0|NAND3_SmallJordan:nand3d|w1  ; out0             ;
; |EightBitAdder_SmallJordan|FourBitAdder_SmallJordan:fba0|FullAdder_SmallJordan:fa0|NAND3_SmallJordan:nand3d|Y~0 ; |EightBitAdder_SmallJordan|FourBitAdder_SmallJordan:fba0|FullAdder_SmallJordan:fa0|NAND3_SmallJordan:nand3d|Y~0 ; out0             ;
; |EightBitAdder_SmallJordan|FourBitAdder_SmallJordan:fba0|FullAdder_SmallJordan:fa0|NAND3_SmallJordan:nand3c|w1  ; |EightBitAdder_SmallJordan|FourBitAdder_SmallJordan:fba0|FullAdder_SmallJordan:fa0|NAND3_SmallJordan:nand3c|w1  ; out0             ;
; |EightBitAdder_SmallJordan|FourBitAdder_SmallJordan:fba0|FullAdder_SmallJordan:fa0|NAND3_SmallJordan:nand3c|Y~0 ; |EightBitAdder_SmallJordan|FourBitAdder_SmallJordan:fba0|FullAdder_SmallJordan:fa0|NAND3_SmallJordan:nand3c|Y~0 ; out0             ;
; |EightBitAdder_SmallJordan|FourBitAdder_SmallJordan:fba0|FullAdder_SmallJordan:fa0|NAND3_SmallJordan:nand3b|w1  ; |EightBitAdder_SmallJordan|FourBitAdder_SmallJordan:fba0|FullAdder_SmallJordan:fa0|NAND3_SmallJordan:nand3b|w1  ; out0             ;
; |EightBitAdder_SmallJordan|FourBitAdder_SmallJordan:fba0|FullAdder_SmallJordan:fa0|NAND3_SmallJordan:nand3b|Y~0 ; |EightBitAdder_SmallJordan|FourBitAdder_SmallJordan:fba0|FullAdder_SmallJordan:fa0|NAND3_SmallJordan:nand3b|Y~0 ; out0             ;
; |EightBitAdder_SmallJordan|FourBitAdder_SmallJordan:fba0|FullAdder_SmallJordan:fa0|NAND3_SmallJordan:nand3a|w1  ; |EightBitAdder_SmallJordan|FourBitAdder_SmallJordan:fba0|FullAdder_SmallJordan:fa0|NAND3_SmallJordan:nand3a|w1  ; out0             ;
; |EightBitAdder_SmallJordan|FourBitAdder_SmallJordan:fba0|FullAdder_SmallJordan:fa0|NAND3_SmallJordan:nand3a|Y~0 ; |EightBitAdder_SmallJordan|FourBitAdder_SmallJordan:fba0|FullAdder_SmallJordan:fa0|NAND3_SmallJordan:nand3a|Y~0 ; out0             ;
+-----------------------------------------------------------------------------------------------------------------+-----------------------------------------------------------------------------------------------------------------+------------------+


+---------------------+
; Simulator INI Usage ;
+--------+------------+
; Option ; Usage      ;
+--------+------------+


+--------------------+
; Simulator Messages ;
+--------------------+
Info: *******************************************************************
Info: Running Quartus II Simulator
    Info: Version 9.1 Build 350 03/24/2010 Service Pack 2 SJ Web Edition
    Info: Processing started: Fri Oct 13 19:59:42 2023
Info: Command: quartus_sim --read_settings_files=on --write_settings_files=off EightBitAdder_SmallJordan -c EightBitAdder_SmallJordan
Info: Using vector source file "C:/Users/Jordan/Desktop/Desktop/School/Fall 2023/CDA3203/Lab2_SmallJordan/EightBitAdder_SmallJordan.vwf"
Info: Overwriting simulation input file with simulation results
    Info: A backup of EightBitAdder_SmallJordan.vwf called EightBitAdder_SmallJordan.sim_ori.vwf has been created in the db folder
Info: Option to preserve fewer signal transitions to reduce memory requirements is enabled
    Info: Simulation has been partitioned into sub-simulations according to the maximum transition count determined by the engine. Transitions from memory will be flushed out to disk at the end of each sub-simulation to reduce memory requirements.
Info: Simulation partitioned into 1 sub-simulations
Info: Simulation coverage is       0.00 %
Info: Number of transitions in simulation is 0
Info: Vector file EightBitAdder_SmallJordan.vwf is saved in VWF text format. You can compress it into CVWF format in order to reduce file size. For more details please refer to the Quartus II Help.
Info: Quartus II Simulator was successful. 0 errors, 0 warnings
    Info: Peak virtual memory: 141 megabytes
    Info: Processing ended: Fri Oct 13 19:59:42 2023
    Info: Elapsed time: 00:00:00
    Info: Total CPU time (on all processors): 00:00:00


