Classic Timing Analyzer report for SixteenBitAdder_SmallJordan
Sat Oct 14 00:06:34 2023
Quartus II Version 9.1 Build 350 03/24/2010 Service Pack 2 SJ Web Edition


---------------------
; Table of Contents ;
---------------------
  1. Legal Notice
  2. Timing Analyzer Summary
  3. Timing Analyzer Settings
  4. Parallel Compilation
  5. tpd
  6. Timing Analyzer Messages



----------------
; Legal Notice ;
----------------
Copyright (C) 1991-2010 Altera Corporation
Your use of Altera Corporation's design tools, logic functions 
and other software and tools, and its AMPP partner logic 
functions, and any output files from any of the foregoing 
(including device programming or simulation files), and any 
associated documentation or information are expressly subject 
to the terms and conditions of the Altera Program License 
Subscription Agreement, Altera MegaCore Function License 
Agreement, or other applicable license agreement, including, 
without limitation, that your use is for the sole purpose of 
programming logic devices manufactured by Altera and sold by 
Altera or its authorized distributors.  Please refer to the 
applicable agreement for further details.



+------------------------------------------------------------------------------------------------------------------------+
; Timing Analyzer Summary                                                                                                ;
+------------------------------+-------+---------------+-------------+------+-----+------------+----------+--------------+
; Type                         ; Slack ; Required Time ; Actual Time ; From ; To  ; From Clock ; To Clock ; Failed Paths ;
+------------------------------+-------+---------------+-------------+------+-----+------------+----------+--------------+
; Worst-case tpd               ; N/A   ; None          ; 28.100 ns   ; B4   ; S11 ; --         ; --       ; 0            ;
; Total number of failed paths ;       ;               ;             ;      ;     ;            ;          ; 0            ;
+------------------------------+-------+---------------+-------------+------+-----+------------+----------+--------------+


+-----------------------------------------------------------------------------------------------------------------------------------------------------+
; Timing Analyzer Settings                                                                                                                            ;
+------------------------------------------------------------------------------------------------------+--------------------+------+----+-------------+
; Option                                                                                               ; Setting            ; From ; To ; Entity Name ;
+------------------------------------------------------------------------------------------------------+--------------------+------+----+-------------+
; Device Name                                                                                          ; EPM3128ATC144-10   ;      ;    ;             ;
; Timing Models                                                                                        ; Final              ;      ;    ;             ;
; Default hold multicycle                                                                              ; Same as Multicycle ;      ;    ;             ;
; Cut paths between unrelated clock domains                                                            ; On                 ;      ;    ;             ;
; Cut off read during write signal paths                                                               ; On                 ;      ;    ;             ;
; Cut off feedback from I/O pins                                                                       ; On                 ;      ;    ;             ;
; Report Combined Fast/Slow Timing                                                                     ; Off                ;      ;    ;             ;
; Ignore Clock Settings                                                                                ; Off                ;      ;    ;             ;
; Analyze latches as synchronous elements                                                              ; On                 ;      ;    ;             ;
; Enable Recovery/Removal analysis                                                                     ; Off                ;      ;    ;             ;
; Enable Clock Latency                                                                                 ; Off                ;      ;    ;             ;
; Use TimeQuest Timing Analyzer                                                                        ; Off                ;      ;    ;             ;
; Number of source nodes to report per destination node                                                ; 10                 ;      ;    ;             ;
; Number of destination nodes to report                                                                ; 10                 ;      ;    ;             ;
; Number of paths to report                                                                            ; 200                ;      ;    ;             ;
; Report Minimum Timing Checks                                                                         ; Off                ;      ;    ;             ;
; Use Fast Timing Models                                                                               ; Off                ;      ;    ;             ;
; Report IO Paths Separately                                                                           ; Off                ;      ;    ;             ;
; Perform Multicorner Analysis                                                                         ; Off                ;      ;    ;             ;
; Reports the worst-case path for each clock domain and analysis                                       ; Off                ;      ;    ;             ;
; Reports worst-case timing paths for each clock domain and analysis                                   ; On                 ;      ;    ;             ;
; Specifies the maximum number of worst-case timing paths to report for each clock domain and analysis ; 100                ;      ;    ;             ;
; Removes common clock path pessimism (CCPP) during slack computation                                  ; Off                ;      ;    ;             ;
; Output I/O Timing Endpoint                                                                           ; Near End           ;      ;    ;             ;
+------------------------------------------------------------------------------------------------------+--------------------+------+----+-------------+


Parallel compilation was disabled, but you have multiple processors available. Enable parallel compilation to reduce compilation time.
+-------------------------------------+
; Parallel Compilation                ;
+----------------------------+--------+
; Processors                 ; Number ;
+----------------------------+--------+
; Number detected on machine ; 8      ;
; Maximum allowed            ; 1      ;
+----------------------------+--------+


+-------------------------------------------------------------------------------------------------------------------------------+
; tpd                                                                                                                           ;
+-----------------------------------------+-----------------------------------------------------+-----------------+------+------+
; Slack                                   ; Required P2P Time                                   ; Actual P2P Time ; From ; To   ;
+-----------------------------------------+-----------------------------------------------------+-----------------+------+------+
; N/A                                     ; None                                                ; 28.100 ns       ; B0   ; S15  ;
; N/A                                     ; None                                                ; 28.100 ns       ; A0   ; S15  ;
; N/A                                     ; None                                                ; 28.100 ns       ; B1   ; S15  ;
; N/A                                     ; None                                                ; 28.100 ns       ; A1   ; S15  ;
; N/A                                     ; None                                                ; 28.100 ns       ; B2   ; S15  ;
; N/A                                     ; None                                                ; 28.100 ns       ; A2   ; S15  ;
; N/A                                     ; None                                                ; 28.100 ns       ; A4   ; S15  ;
; N/A                                     ; None                                                ; 28.100 ns       ; B4   ; S15  ;
; N/A                                     ; None                                                ; 28.100 ns       ; B0   ; S14  ;
; N/A                                     ; None                                                ; 28.100 ns       ; A0   ; S14  ;
; N/A                                     ; None                                                ; 28.100 ns       ; B1   ; S14  ;
; N/A                                     ; None                                                ; 28.100 ns       ; A1   ; S14  ;
; N/A                                     ; None                                                ; 28.100 ns       ; B2   ; S14  ;
; N/A                                     ; None                                                ; 28.100 ns       ; A2   ; S14  ;
; N/A                                     ; None                                                ; 28.100 ns       ; A4   ; S14  ;
; N/A                                     ; None                                                ; 28.100 ns       ; B4   ; S14  ;
; N/A                                     ; None                                                ; 28.100 ns       ; B0   ; S13  ;
; N/A                                     ; None                                                ; 28.100 ns       ; A0   ; S13  ;
; N/A                                     ; None                                                ; 28.100 ns       ; B1   ; S13  ;
; N/A                                     ; None                                                ; 28.100 ns       ; A1   ; S13  ;
; N/A                                     ; None                                                ; 28.100 ns       ; B2   ; S13  ;
; N/A                                     ; None                                                ; 28.100 ns       ; A2   ; S13  ;
; N/A                                     ; None                                                ; 28.100 ns       ; A4   ; S13  ;
; N/A                                     ; None                                                ; 28.100 ns       ; B4   ; S13  ;
; N/A                                     ; None                                                ; 28.100 ns       ; B0   ; S12  ;
; N/A                                     ; None                                                ; 28.100 ns       ; A0   ; S12  ;
; N/A                                     ; None                                                ; 28.100 ns       ; B1   ; S12  ;
; N/A                                     ; None                                                ; 28.100 ns       ; A1   ; S12  ;
; N/A                                     ; None                                                ; 28.100 ns       ; B2   ; S12  ;
; N/A                                     ; None                                                ; 28.100 ns       ; A2   ; S12  ;
; N/A                                     ; None                                                ; 28.100 ns       ; A4   ; S12  ;
; N/A                                     ; None                                                ; 28.100 ns       ; B4   ; S12  ;
; N/A                                     ; None                                                ; 28.100 ns       ; B0   ; S11  ;
; N/A                                     ; None                                                ; 28.100 ns       ; A0   ; S11  ;
; N/A                                     ; None                                                ; 28.100 ns       ; B1   ; S11  ;
; N/A                                     ; None                                                ; 28.100 ns       ; A1   ; S11  ;
; N/A                                     ; None                                                ; 28.100 ns       ; B2   ; S11  ;
; N/A                                     ; None                                                ; 28.100 ns       ; A2   ; S11  ;
; N/A                                     ; None                                                ; 28.100 ns       ; A4   ; S11  ;
; N/A                                     ; None                                                ; 28.100 ns       ; B4   ; S11  ;
; N/A                                     ; None                                                ; 28.000 ns       ; A3   ; S15  ;
; N/A                                     ; None                                                ; 28.000 ns       ; B3   ; S15  ;
; N/A                                     ; None                                                ; 28.000 ns       ; A3   ; S14  ;
; N/A                                     ; None                                                ; 28.000 ns       ; B3   ; S14  ;
; N/A                                     ; None                                                ; 28.000 ns       ; A3   ; S13  ;
; N/A                                     ; None                                                ; 28.000 ns       ; B3   ; S13  ;
; N/A                                     ; None                                                ; 28.000 ns       ; A3   ; S12  ;
; N/A                                     ; None                                                ; 28.000 ns       ; B3   ; S12  ;
; N/A                                     ; None                                                ; 28.000 ns       ; A3   ; S11  ;
; N/A                                     ; None                                                ; 28.000 ns       ; B3   ; S11  ;
; N/A                                     ; None                                                ; 25.400 ns       ; A5   ; S15  ;
; N/A                                     ; None                                                ; 25.400 ns       ; B5   ; S15  ;
; N/A                                     ; None                                                ; 25.400 ns       ; A5   ; S14  ;
; N/A                                     ; None                                                ; 25.400 ns       ; B5   ; S14  ;
; N/A                                     ; None                                                ; 25.400 ns       ; A5   ; S13  ;
; N/A                                     ; None                                                ; 25.400 ns       ; B5   ; S13  ;
; N/A                                     ; None                                                ; 25.400 ns       ; A5   ; S12  ;
; N/A                                     ; None                                                ; 25.400 ns       ; B5   ; S12  ;
; N/A                                     ; None                                                ; 25.400 ns       ; A5   ; S11  ;
; N/A                                     ; None                                                ; 25.400 ns       ; B5   ; S11  ;
; N/A                                     ; None                                                ; 25.300 ns       ; A6   ; S12  ;
; N/A                                     ; None                                                ; 25.300 ns       ; B6   ; S12  ;
; N/A                                     ; None                                                ; 25.200 ns       ; A9   ; S15  ;
; N/A                                     ; None                                                ; 25.200 ns       ; B9   ; S15  ;
; N/A                                     ; None                                                ; 25.200 ns       ; A8   ; S14  ;
; N/A                                     ; None                                                ; 25.200 ns       ; B8   ; S14  ;
; N/A                                     ; None                                                ; 25.200 ns       ; A9   ; S14  ;
; N/A                                     ; None                                                ; 25.200 ns       ; B9   ; S14  ;
; N/A                                     ; None                                                ; 25.200 ns       ; A7   ; S13  ;
; N/A                                     ; None                                                ; 25.200 ns       ; B7   ; S13  ;
; N/A                                     ; None                                                ; 25.200 ns       ; A8   ; S13  ;
; N/A                                     ; None                                                ; 25.200 ns       ; B8   ; S13  ;
; N/A                                     ; None                                                ; 25.200 ns       ; A9   ; S13  ;
; N/A                                     ; None                                                ; 25.200 ns       ; B9   ; S13  ;
; N/A                                     ; None                                                ; 25.200 ns       ; A7   ; S12  ;
; N/A                                     ; None                                                ; 25.200 ns       ; B7   ; S12  ;
; N/A                                     ; None                                                ; 25.200 ns       ; A8   ; S12  ;
; N/A                                     ; None                                                ; 25.200 ns       ; B8   ; S12  ;
; N/A                                     ; None                                                ; 25.200 ns       ; A9   ; S12  ;
; N/A                                     ; None                                                ; 25.200 ns       ; B9   ; S12  ;
; N/A                                     ; None                                                ; 24.900 ns       ; B0   ; S10  ;
; N/A                                     ; None                                                ; 24.900 ns       ; A0   ; S10  ;
; N/A                                     ; None                                                ; 24.900 ns       ; B1   ; S10  ;
; N/A                                     ; None                                                ; 24.900 ns       ; A1   ; S10  ;
; N/A                                     ; None                                                ; 24.900 ns       ; B2   ; S10  ;
; N/A                                     ; None                                                ; 24.900 ns       ; A2   ; S10  ;
; N/A                                     ; None                                                ; 24.900 ns       ; A4   ; S10  ;
; N/A                                     ; None                                                ; 24.900 ns       ; B4   ; S10  ;
; N/A                                     ; None                                                ; 24.900 ns       ; B0   ; S9   ;
; N/A                                     ; None                                                ; 24.900 ns       ; A0   ; S9   ;
; N/A                                     ; None                                                ; 24.900 ns       ; B1   ; S9   ;
; N/A                                     ; None                                                ; 24.900 ns       ; A1   ; S9   ;
; N/A                                     ; None                                                ; 24.900 ns       ; B2   ; S9   ;
; N/A                                     ; None                                                ; 24.900 ns       ; A2   ; S9   ;
; N/A                                     ; None                                                ; 24.900 ns       ; A4   ; S9   ;
; N/A                                     ; None                                                ; 24.900 ns       ; B4   ; S9   ;
; N/A                                     ; None                                                ; 24.800 ns       ; A3   ; S10  ;
; N/A                                     ; None                                                ; 24.800 ns       ; B3   ; S10  ;
; N/A                                     ; None                                                ; 24.800 ns       ; A3   ; S9   ;
; N/A                                     ; None                                                ; 24.800 ns       ; B3   ; S9   ;
; N/A                                     ; None                                                ; 24.400 ns       ; A6   ; S15  ;
; N/A                                     ; None                                                ; 24.400 ns       ; B6   ; S15  ;
; N/A                                     ; None                                                ; 24.400 ns       ; A6   ; S14  ;
; N/A                                     ; None                                                ; 24.400 ns       ; B6   ; S14  ;
; N/A                                     ; None                                                ; 24.400 ns       ; A6   ; S13  ;
; N/A                                     ; None                                                ; 24.400 ns       ; B6   ; S13  ;
; N/A                                     ; None                                                ; 24.400 ns       ; A6   ; S11  ;
; N/A                                     ; None                                                ; 24.400 ns       ; B6   ; S11  ;
; N/A                                     ; None                                                ; 24.300 ns       ; Cin  ; S15  ;
; N/A                                     ; None                                                ; 24.300 ns       ; A7   ; S15  ;
; N/A                                     ; None                                                ; 24.300 ns       ; B7   ; S15  ;
; N/A                                     ; None                                                ; 24.300 ns       ; A8   ; S15  ;
; N/A                                     ; None                                                ; 24.300 ns       ; B8   ; S15  ;
; N/A                                     ; None                                                ; 24.300 ns       ; Cin  ; S14  ;
; N/A                                     ; None                                                ; 24.300 ns       ; A7   ; S14  ;
; N/A                                     ; None                                                ; 24.300 ns       ; B7   ; S14  ;
; N/A                                     ; None                                                ; 24.300 ns       ; Cin  ; S13  ;
; N/A                                     ; None                                                ; 24.300 ns       ; Cin  ; S12  ;
; N/A                                     ; None                                                ; 24.300 ns       ; Cin  ; S11  ;
; N/A                                     ; None                                                ; 24.300 ns       ; A7   ; S11  ;
; N/A                                     ; None                                                ; 24.300 ns       ; B7   ; S11  ;
; N/A                                     ; None                                                ; 24.300 ns       ; A8   ; S11  ;
; N/A                                     ; None                                                ; 24.300 ns       ; B8   ; S11  ;
; N/A                                     ; None                                                ; 24.300 ns       ; A9   ; S11  ;
; N/A                                     ; None                                                ; 24.300 ns       ; B9   ; S11  ;
; N/A                                     ; None                                                ; 22.200 ns       ; A5   ; S10  ;
; N/A                                     ; None                                                ; 22.200 ns       ; B5   ; S10  ;
; N/A                                     ; None                                                ; 22.200 ns       ; A5   ; S9   ;
; N/A                                     ; None                                                ; 22.200 ns       ; B5   ; S9   ;
; N/A                                     ; None                                                ; 22.000 ns       ; B0   ; Cout ;
; N/A                                     ; None                                                ; 22.000 ns       ; A0   ; Cout ;
; N/A                                     ; None                                                ; 22.000 ns       ; B1   ; Cout ;
; N/A                                     ; None                                                ; 22.000 ns       ; A1   ; Cout ;
; N/A                                     ; None                                                ; 22.000 ns       ; B2   ; Cout ;
; N/A                                     ; None                                                ; 22.000 ns       ; A2   ; Cout ;
; N/A                                     ; None                                                ; 22.000 ns       ; A4   ; Cout ;
; N/A                                     ; None                                                ; 22.000 ns       ; B4   ; Cout ;
; N/A                                     ; None                                                ; 22.000 ns       ; B0   ; S8   ;
; N/A                                     ; None                                                ; 22.000 ns       ; A0   ; S8   ;
; N/A                                     ; None                                                ; 22.000 ns       ; B1   ; S8   ;
; N/A                                     ; None                                                ; 22.000 ns       ; A1   ; S8   ;
; N/A                                     ; None                                                ; 22.000 ns       ; B2   ; S8   ;
; N/A                                     ; None                                                ; 22.000 ns       ; A2   ; S8   ;
; N/A                                     ; None                                                ; 22.000 ns       ; A4   ; S8   ;
; N/A                                     ; None                                                ; 22.000 ns       ; B4   ; S8   ;
; N/A                                     ; None                                                ; 22.000 ns       ; B0   ; S7   ;
; N/A                                     ; None                                                ; 22.000 ns       ; A0   ; S7   ;
; N/A                                     ; None                                                ; 22.000 ns       ; B1   ; S7   ;
; N/A                                     ; None                                                ; 22.000 ns       ; A1   ; S7   ;
; N/A                                     ; None                                                ; 22.000 ns       ; B2   ; S7   ;
; N/A                                     ; None                                                ; 22.000 ns       ; A2   ; S7   ;
; N/A                                     ; None                                                ; 22.000 ns       ; A4   ; S7   ;
; N/A                                     ; None                                                ; 22.000 ns       ; B4   ; S7   ;
; N/A                                     ; None                                                ; 21.900 ns       ; B10  ; S15  ;
; N/A                                     ; None                                                ; 21.900 ns       ; A10  ; S15  ;
; N/A                                     ; None                                                ; 21.900 ns       ; A3   ; Cout ;
; N/A                                     ; None                                                ; 21.900 ns       ; B3   ; Cout ;
; N/A                                     ; None                                                ; 21.900 ns       ; B10  ; S14  ;
; N/A                                     ; None                                                ; 21.900 ns       ; A10  ; S14  ;
; N/A                                     ; None                                                ; 21.900 ns       ; B10  ; S13  ;
; N/A                                     ; None                                                ; 21.900 ns       ; A10  ; S13  ;
; N/A                                     ; None                                                ; 21.900 ns       ; B10  ; S12  ;
; N/A                                     ; None                                                ; 21.900 ns       ; A10  ; S12  ;
; N/A                                     ; None                                                ; 21.900 ns       ; A3   ; S8   ;
; N/A                                     ; None                                                ; 21.900 ns       ; B3   ; S8   ;
; N/A                                     ; None                                                ; 21.900 ns       ; A3   ; S7   ;
; N/A                                     ; None                                                ; 21.900 ns       ; B3   ; S7   ;
; N/A                                     ; None                                                ; 21.800 ns       ; A11  ; S15  ;
; N/A                                     ; None                                                ; 21.800 ns       ; B11  ; S15  ;
; N/A                                     ; None                                                ; 21.800 ns       ; A12  ; S15  ;
; N/A                                     ; None                                                ; 21.800 ns       ; B12  ; S15  ;
; N/A                                     ; None                                                ; 21.800 ns       ; A13  ; S15  ;
; N/A                                     ; None                                                ; 21.800 ns       ; B13  ; S15  ;
; N/A                                     ; None                                                ; 21.800 ns       ; A11  ; S14  ;
; N/A                                     ; None                                                ; 21.800 ns       ; B11  ; S14  ;
; N/A                                     ; None                                                ; 21.800 ns       ; A12  ; S14  ;
; N/A                                     ; None                                                ; 21.800 ns       ; B12  ; S14  ;
; N/A                                     ; None                                                ; 21.800 ns       ; A11  ; S13  ;
; N/A                                     ; None                                                ; 21.800 ns       ; B11  ; S13  ;
; N/A                                     ; None                                                ; 21.800 ns       ; B0   ; S6   ;
; N/A                                     ; None                                                ; 21.800 ns       ; A0   ; S6   ;
; N/A                                     ; None                                                ; 21.800 ns       ; B1   ; S6   ;
; N/A                                     ; None                                                ; 21.800 ns       ; A1   ; S6   ;
; N/A                                     ; None                                                ; 21.800 ns       ; B2   ; S6   ;
; N/A                                     ; None                                                ; 21.800 ns       ; A2   ; S6   ;
; N/A                                     ; None                                                ; 21.800 ns       ; A4   ; S6   ;
; N/A                                     ; None                                                ; 21.800 ns       ; B4   ; S6   ;
; N/A                                     ; None                                                ; 21.800 ns       ; B0   ; S5   ;
; N/A                                     ; None                                                ; 21.800 ns       ; A0   ; S5   ;
; N/A                                     ; None                                                ; 21.800 ns       ; B1   ; S5   ;
; N/A                                     ; None                                                ; 21.800 ns       ; A1   ; S5   ;
; N/A                                     ; None                                                ; 21.800 ns       ; B2   ; S5   ;
; N/A                                     ; None                                                ; 21.800 ns       ; A2   ; S5   ;
; N/A                                     ; None                                                ; 21.700 ns       ; A3   ; S6   ;
; N/A                                     ; None                                                ; 21.700 ns       ; B3   ; S6   ;
; N/A                                     ; None                                                ; 21.700 ns       ; A3   ; S5   ;
; N/A                                     ; None                                                ; 21.700 ns       ; B3   ; S5   ;
; N/A                                     ; None                                                ; 21.100 ns       ; Cin  ; S10  ;
; N/A                                     ; None                                                ; 21.100 ns       ; Cin  ; S9   ;
; N/A                                     ; None                                                ; 20.000 ns       ; A9   ; S10  ;
; Timing analysis restricted to 200 rows. ; To change the limit use Settings (Assignments menu) ;                 ;      ;      ;
+-----------------------------------------+-----------------------------------------------------+-----------------+------+------+


+--------------------------+
; Timing Analyzer Messages ;
+--------------------------+
Info: *******************************************************************
Info: Running Quartus II Classic Timing Analyzer
    Info: Version 9.1 Build 350 03/24/2010 Service Pack 2 SJ Web Edition
    Info: Processing started: Sat Oct 14 00:06:34 2023
Info: Command: quartus_tan --read_settings_files=off --write_settings_files=off SixteenBitAdder_SmallJordan -c SixteenBitAdder_SmallJordan
Info: Started post-fitting delay annotation
Info: Delay annotation completed successfully
Warning: Timing Analysis does not support the analysis of latches as synchronous elements for the currently selected device family
Info: Longest tpd from source pin "B0" to destination pin "S15" is 28.100 ns
    Info: 1: + IC(0.000 ns) + CELL(1.400 ns) = 1.400 ns; Loc. = PIN_141; Fanout = 36; PIN Node = 'B0'
    Info: 2: + IC(2.700 ns) + CELL(3.800 ns) = 7.900 ns; Loc. = SEXP46; Fanout = 4; COMB Node = 'EightBitAdder_SmallJordan:eba0|FourBitAdder_SmallJordan:fba0|FullAdder_SmallJordan:fa2|NAND4_SmallJordan:nand4a|Y~27'
    Info: 3: + IC(0.000 ns) + CELL(4.400 ns) = 12.300 ns; Loc. = LC34; Fanout = 17; COMB Node = 'EightBitAdder_SmallJordan:eba0|FourBitAdder_SmallJordan:fba1|FullAdder_SmallJordan:fa1|NAND3_SmallJordan:nand3e|Y~12'
    Info: 4: + IC(2.800 ns) + CELL(4.400 ns) = 19.500 ns; Loc. = LC4; Fanout = 4; COMB Node = 'EightBitAdder_SmallJordan:eba1|FourBitAdder_SmallJordan:fba1|FullAdder_SmallJordan:fa1|NAND3_SmallJordan:nand3e|Y~7'
    Info: 5: + IC(2.600 ns) + CELL(4.400 ns) = 26.500 ns; Loc. = LC53; Fanout = 1; COMB Node = 'EightBitAdder_SmallJordan:eba1|FourBitAdder_SmallJordan:fba1|FullAdder_SmallJordan:fa3|NAND4_SmallJordan:nand4a|Y~7'
    Info: 6: + IC(0.000 ns) + CELL(1.600 ns) = 28.100 ns; Loc. = PIN_53; Fanout = 0; PIN Node = 'S15'
    Info: Total cell delay = 20.000 ns ( 71.17 % )
    Info: Total interconnect delay = 8.100 ns ( 28.83 % )
Info: Quartus II Classic Timing Analyzer was successful. 0 errors, 1 warning
    Info: Peak virtual memory: 167 megabytes
    Info: Processing ended: Sat Oct 14 00:06:34 2023
    Info: Elapsed time: 00:00:00
    Info: Total CPU time (on all processors): 00:00:00


