Analysis & Synthesis report for SixteenBitAdder_SmallJordan
Sat Oct 14 00:06:32 2023
Quartus II Version 9.1 Build 350 03/24/2010 Service Pack 2 SJ Web Edition


---------------------
; Table of Contents ;
---------------------
  1. Legal Notice
  2. Analysis & Synthesis Summary
  3. Analysis & Synthesis Settings
  4. Parallel Compilation
  5. Analysis & Synthesis Source Files Read
  6. Analysis & Synthesis Resource Usage Summary
  7. Analysis & Synthesis Resource Utilization by Entity
  8. Analysis & Synthesis Messages



----------------
; Legal Notice ;
----------------
Copyright (C) 1991-2010 Altera Corporation
Your use of Altera Corporation's design tools, logic functions 
and other software and tools, and its AMPP partner logic 
functions, and any output files from any of the foregoing 
(including device programming or simulation files), and any 
associated documentation or information are expressly subject 
to the terms and conditions of the Altera Program License 
Subscription Agreement, Altera MegaCore Function License 
Agreement, or other applicable license agreement, including, 
without limitation, that your use is for the sole purpose of 
programming logic devices manufactured by Altera and sold by 
Altera or its authorized distributors.  Please refer to the 
applicable agreement for further details.



+----------------------------------------------------------------------------+
; Analysis & Synthesis Summary                                               ;
+-----------------------------+----------------------------------------------+
; Analysis & Synthesis Status ; Successful - Sat Oct 14 00:06:32 2023        ;
; Quartus II Version          ; 9.1 Build 350 03/24/2010 SP 2 SJ Web Edition ;
; Revision Name               ; SixteenBitAdder_SmallJordan                  ;
; Top-level Entity Name       ; SixteenBitAdder_SmallJordan                  ;
; Family                      ; MAX3000A                                     ;
; Total macrocells            ; 64                                           ;
; Total pins                  ; 50                                           ;
+-----------------------------+----------------------------------------------+


+----------------------------------------------------------------------------------------------------------------------------------------+
; Analysis & Synthesis Settings                                                                                                          ;
+----------------------------------------------------------------------------+-----------------------------+-----------------------------+
; Option                                                                     ; Setting                     ; Default Value               ;
+----------------------------------------------------------------------------+-----------------------------+-----------------------------+
; Device                                                                     ; EPM3128ATC144-10            ;                             ;
; Top-level entity name                                                      ; SixteenBitAdder_SmallJordan ; SixteenBitAdder_SmallJordan ;
; Family name                                                                ; MAX3000A                    ; Stratix II                  ;
; Use Generated Physical Constraints File                                    ; Off                         ;                             ;
; Use smart compilation                                                      ; Off                         ; Off                         ;
; Enable parallel Assembler and TimeQuest Timing Analyzer during compilation ; On                          ; On                          ;
; Enable compact report table                                                ; Off                         ; Off                         ;
; Create Debugging Nodes for IP Cores                                        ; Off                         ; Off                         ;
; Preserve fewer node names                                                  ; On                          ; On                          ;
; Disable OpenCore Plus hardware evaluation                                  ; Off                         ; Off                         ;
; Verilog Version                                                            ; Verilog_2001                ; Verilog_2001                ;
; VHDL Version                                                               ; VHDL_1993                   ; VHDL_1993                   ;
; State Machine Processing                                                   ; Auto                        ; Auto                        ;
; Safe State Machine                                                         ; Off                         ; Off                         ;
; Extract Verilog State Machines                                             ; On                          ; On                          ;
; Extract VHDL State Machines                                                ; On                          ; On                          ;
; Ignore Verilog initial constructs                                          ; Off                         ; Off                         ;
; Iteration limit for constant Verilog loops                                 ; 5000                        ; 5000                        ;
; Iteration limit for non-constant Verilog loops                             ; 250                         ; 250                         ;
; Add Pass-Through Logic to Inferred RAMs                                    ; On                          ; On                          ;
; Parallel Synthesis                                                         ; On                          ; On                          ;
; NOT Gate Push-Back                                                         ; On                          ; On                          ;
; Power-Up Don't Care                                                        ; On                          ; On                          ;
; Remove Duplicate Registers                                                 ; On                          ; On                          ;
; Ignore CARRY Buffers                                                       ; Off                         ; Off                         ;
; Ignore CASCADE Buffers                                                     ; Off                         ; Off                         ;
; Ignore GLOBAL Buffers                                                      ; Off                         ; Off                         ;
; Ignore ROW GLOBAL Buffers                                                  ; Off                         ; Off                         ;
; Ignore LCELL Buffers                                                       ; Auto                        ; Auto                        ;
; Ignore SOFT Buffers                                                        ; Off                         ; Off                         ;
; Limit AHDL Integers to 32 Bits                                             ; Off                         ; Off                         ;
; Optimization Technique                                                     ; Speed                       ; Speed                       ;
; Allow XOR Gate Usage                                                       ; On                          ; On                          ;
; Auto Logic Cell Insertion                                                  ; On                          ; On                          ;
; Parallel Expander Chain Length                                             ; 4                           ; 4                           ;
; Auto Parallel Expanders                                                    ; On                          ; On                          ;
; Auto Open-Drain Pins                                                       ; On                          ; On                          ;
; Auto Resource Sharing                                                      ; Off                         ; Off                         ;
; Maximum Fan-in Per Macrocell                                               ; 100                         ; 100                         ;
; Use LogicLock Constraints during Resource Balancing                        ; On                          ; On                          ;
; Ignore translate_off and synthesis_off directives                          ; Off                         ; Off                         ;
; Show Parameter Settings Tables in Synthesis Report                         ; On                          ; On                          ;
; HDL message level                                                          ; Level2                      ; Level2                      ;
; Suppress Register Optimization Related Messages                            ; Off                         ; Off                         ;
; Number of Removed Registers Reported in Synthesis Report                   ; 5000                        ; 5000                        ;
; Number of Inverted Registers Reported in Synthesis Report                  ; 100                         ; 100                         ;
; Block Design Naming                                                        ; Auto                        ; Auto                        ;
; Synthesis Effort                                                           ; Auto                        ; Auto                        ;
; Shift Register Replacement - Allow Asynchronous Clear Signal               ; On                          ; On                          ;
; Analysis & Synthesis Message Level                                         ; Medium                      ; Medium                      ;
; Disable Register Merging Across Hierarchies                                ; Auto                        ; Auto                        ;
+----------------------------------------------------------------------------+-----------------------------+-----------------------------+


Parallel compilation was disabled, but you have multiple processors available. Enable parallel compilation to reduce compilation time.
+-------------------------------------+
; Parallel Compilation                ;
+----------------------------+--------+
; Processors                 ; Number ;
+----------------------------+--------+
; Number detected on machine ; 8      ;
; Maximum allowed            ; 1      ;
+----------------------------+--------+


+----------------------------------------------------------------------------------------------------------------------------------------------------------------------------------+
; Analysis & Synthesis Source Files Read                                                                                                                                           ;
+----------------------------------+-----------------+-----------------+-----------------------------------------------------------------------------------------------------------+
; File Name with User-Entered Path ; Used in Netlist ; File Type       ; File Name with Absolute Path                                                                              ;
+----------------------------------+-----------------+-----------------+-----------------------------------------------------------------------------------------------------------+
; adders_SmallJordan.vhd           ; yes             ; User VHDL File  ; C:/Users/Jordan/Desktop/Desktop/School/Fall 2023/CDA3203/Lab2_SmallJordan/adders_SmallJordan.vhd          ;
; EightBitAdder_SmallJordan.vhd    ; yes             ; User VHDL File  ; C:/Users/Jordan/Desktop/Desktop/School/Fall 2023/CDA3203/Lab2_SmallJordan/EightBitAdder_SmallJordan.vhd   ;
; FourBitAdder_SmallJordan.vhd     ; yes             ; User VHDL File  ; C:/Users/Jordan/Desktop/Desktop/School/Fall 2023/CDA3203/Lab2_SmallJordan/FourBitAdder_SmallJordan.vhd    ;
; FullAdder_SmallJordan.vhd        ; yes             ; User VHDL File  ; C:/Users/Jordan/Desktop/Desktop/School/Fall 2023/CDA3203/Lab2_SmallJordan/FullAdder_SmallJordan.vhd       ;
; NAND3_SmallJordan.vhd            ; yes             ; User VHDL File  ; C:/Users/Jordan/Desktop/Desktop/School/Fall 2023/CDA3203/Lab2_SmallJordan/NAND3_SmallJordan.vhd           ;
; NAND4_SmallJordan.vhd            ; yes             ; User VHDL File  ; C:/Users/Jordan/Desktop/Desktop/School/Fall 2023/CDA3203/Lab2_SmallJordan/NAND4_SmallJordan.vhd           ;
; SixteenBitAdder_SmallJordan.vhd  ; yes             ; User VHDL File  ; C:/Users/Jordan/Desktop/Desktop/School/Fall 2023/CDA3203/Lab2_SmallJordan/SixteenBitAdder_SmallJordan.vhd ;
+----------------------------------+-----------------+-----------------+-----------------------------------------------------------------------------------------------------------+


+---------------------------------------------+
; Analysis & Synthesis Resource Usage Summary ;
+----------------------+----------------------+
; Resource             ; Usage                ;
+----------------------+----------------------+
; Logic cells          ; 64                   ;
; Total registers      ; 0                    ;
; I/O pins             ; 50                   ;
; Shareable expanders  ; 26                   ;
; Parallel expanders   ; 31                   ;
; Maximum fan-out node ; A6                   ;
; Maximum fan-out      ; 19                   ;
; Total fan-out        ; 611                  ;
; Average fan-out      ; 4.36                 ;
+----------------------+----------------------+


+--------------------------------------------------------------------------------------------------------------------------------------------------------------------------------------------------------------------------+
; Analysis & Synthesis Resource Utilization by Entity                                                                                                                                                                      ;
+----------------------------------------+------------+------+----------------------------------------------------------------------------------------------------------------------------------------------+--------------+
; Compilation Hierarchy Node             ; Macrocells ; Pins ; Full Hierarchy Name                                                                                                                          ; Library Name ;
+----------------------------------------+------------+------+----------------------------------------------------------------------------------------------------------------------------------------------+--------------+
; |SixteenBitAdder_SmallJordan           ; 64         ; 50   ; |SixteenBitAdder_SmallJordan                                                                                                                 ; work         ;
;    |EightBitAdder_SmallJordan:eba0|    ; 29         ; 0    ; |SixteenBitAdder_SmallJordan|EightBitAdder_SmallJordan:eba0                                                                                  ; work         ;
;       |FourBitAdder_SmallJordan:fba0|  ; 14         ; 0    ; |SixteenBitAdder_SmallJordan|EightBitAdder_SmallJordan:eba0|FourBitAdder_SmallJordan:fba0                                                    ; work         ;
;          |FullAdder_SmallJordan:fa0|   ; 1          ; 0    ; |SixteenBitAdder_SmallJordan|EightBitAdder_SmallJordan:eba0|FourBitAdder_SmallJordan:fba0|FullAdder_SmallJordan:fa0                          ; work         ;
;             |NAND4_SmallJordan:nand4a| ; 1          ; 0    ; |SixteenBitAdder_SmallJordan|EightBitAdder_SmallJordan:eba0|FourBitAdder_SmallJordan:fba0|FullAdder_SmallJordan:fa0|NAND4_SmallJordan:nand4a ; work         ;
;          |FullAdder_SmallJordan:fa1|   ; 3          ; 0    ; |SixteenBitAdder_SmallJordan|EightBitAdder_SmallJordan:eba0|FourBitAdder_SmallJordan:fba0|FullAdder_SmallJordan:fa1                          ; work         ;
;             |NAND4_SmallJordan:nand4a| ; 3          ; 0    ; |SixteenBitAdder_SmallJordan|EightBitAdder_SmallJordan:eba0|FourBitAdder_SmallJordan:fba0|FullAdder_SmallJordan:fa1|NAND4_SmallJordan:nand4a ; work         ;
;          |FullAdder_SmallJordan:fa2|   ; 6          ; 0    ; |SixteenBitAdder_SmallJordan|EightBitAdder_SmallJordan:eba0|FourBitAdder_SmallJordan:fba0|FullAdder_SmallJordan:fa2                          ; work         ;
;             |NAND3_SmallJordan:nand3e| ; 3          ; 0    ; |SixteenBitAdder_SmallJordan|EightBitAdder_SmallJordan:eba0|FourBitAdder_SmallJordan:fba0|FullAdder_SmallJordan:fa2|NAND3_SmallJordan:nand3e ; work         ;
;             |NAND4_SmallJordan:nand4a| ; 3          ; 0    ; |SixteenBitAdder_SmallJordan|EightBitAdder_SmallJordan:eba0|FourBitAdder_SmallJordan:fba0|FullAdder_SmallJordan:fa2|NAND4_SmallJordan:nand4a ; work         ;
;          |FullAdder_SmallJordan:fa3|   ; 4          ; 0    ; |SixteenBitAdder_SmallJordan|EightBitAdder_SmallJordan:eba0|FourBitAdder_SmallJordan:fba0|FullAdder_SmallJordan:fa3                          ; work         ;
;             |NAND3_SmallJordan:nand3b| ; 0          ; 0    ; |SixteenBitAdder_SmallJordan|EightBitAdder_SmallJordan:eba0|FourBitAdder_SmallJordan:fba0|FullAdder_SmallJordan:fa3|NAND3_SmallJordan:nand3b ; work         ;
;             |NAND3_SmallJordan:nand3e| ; 1          ; 0    ; |SixteenBitAdder_SmallJordan|EightBitAdder_SmallJordan:eba0|FourBitAdder_SmallJordan:fba0|FullAdder_SmallJordan:fa3|NAND3_SmallJordan:nand3e ; work         ;
;             |NAND4_SmallJordan:nand4a| ; 3          ; 0    ; |SixteenBitAdder_SmallJordan|EightBitAdder_SmallJordan:eba0|FourBitAdder_SmallJordan:fba0|FullAdder_SmallJordan:fa3|NAND4_SmallJordan:nand4a ; work         ;
;       |FourBitAdder_SmallJordan:fba1|  ; 15         ; 0    ; |SixteenBitAdder_SmallJordan|EightBitAdder_SmallJordan:eba0|FourBitAdder_SmallJordan:fba1                                                    ; work         ;
;          |FullAdder_SmallJordan:fa0|   ; 4          ; 0    ; |SixteenBitAdder_SmallJordan|EightBitAdder_SmallJordan:eba0|FourBitAdder_SmallJordan:fba1|FullAdder_SmallJordan:fa0                          ; work         ;
;             |NAND3_SmallJordan:nand3b| ; 0          ; 0    ; |SixteenBitAdder_SmallJordan|EightBitAdder_SmallJordan:eba0|FourBitAdder_SmallJordan:fba1|FullAdder_SmallJordan:fa0|NAND3_SmallJordan:nand3b ; work         ;
;             |NAND3_SmallJordan:nand3e| ; 2          ; 0    ; |SixteenBitAdder_SmallJordan|EightBitAdder_SmallJordan:eba0|FourBitAdder_SmallJordan:fba1|FullAdder_SmallJordan:fa0|NAND3_SmallJordan:nand3e ; work         ;
;             |NAND4_SmallJordan:nand4a| ; 2          ; 0    ; |SixteenBitAdder_SmallJordan|EightBitAdder_SmallJordan:eba0|FourBitAdder_SmallJordan:fba1|FullAdder_SmallJordan:fa0|NAND4_SmallJordan:nand4a ; work         ;
;          |FullAdder_SmallJordan:fa1|   ; 5          ; 0    ; |SixteenBitAdder_SmallJordan|EightBitAdder_SmallJordan:eba0|FourBitAdder_SmallJordan:fba1|FullAdder_SmallJordan:fa1                          ; work         ;
;             |NAND3_SmallJordan:nand3b| ; 0          ; 0    ; |SixteenBitAdder_SmallJordan|EightBitAdder_SmallJordan:eba0|FourBitAdder_SmallJordan:fba1|FullAdder_SmallJordan:fa1|NAND3_SmallJordan:nand3b ; work         ;
;             |NAND3_SmallJordan:nand3c| ; 1          ; 0    ; |SixteenBitAdder_SmallJordan|EightBitAdder_SmallJordan:eba0|FourBitAdder_SmallJordan:fba1|FullAdder_SmallJordan:fa1|NAND3_SmallJordan:nand3c ; work         ;
;             |NAND3_SmallJordan:nand3e| ; 2          ; 0    ; |SixteenBitAdder_SmallJordan|EightBitAdder_SmallJordan:eba0|FourBitAdder_SmallJordan:fba1|FullAdder_SmallJordan:fa1|NAND3_SmallJordan:nand3e ; work         ;
;             |NAND4_SmallJordan:nand4a| ; 2          ; 0    ; |SixteenBitAdder_SmallJordan|EightBitAdder_SmallJordan:eba0|FourBitAdder_SmallJordan:fba1|FullAdder_SmallJordan:fa1|NAND4_SmallJordan:nand4a ; work         ;
;          |FullAdder_SmallJordan:fa2|   ; 3          ; 0    ; |SixteenBitAdder_SmallJordan|EightBitAdder_SmallJordan:eba0|FourBitAdder_SmallJordan:fba1|FullAdder_SmallJordan:fa2                          ; work         ;
;             |NAND3_SmallJordan:nand3b| ; 0          ; 0    ; |SixteenBitAdder_SmallJordan|EightBitAdder_SmallJordan:eba0|FourBitAdder_SmallJordan:fba1|FullAdder_SmallJordan:fa2|NAND3_SmallJordan:nand3b ; work         ;
;             |NAND3_SmallJordan:nand3c| ; 1          ; 0    ; |SixteenBitAdder_SmallJordan|EightBitAdder_SmallJordan:eba0|FourBitAdder_SmallJordan:fba1|FullAdder_SmallJordan:fa2|NAND3_SmallJordan:nand3c ; work         ;
;             |NAND4_SmallJordan:nand4a| ; 2          ; 0    ; |SixteenBitAdder_SmallJordan|EightBitAdder_SmallJordan:eba0|FourBitAdder_SmallJordan:fba1|FullAdder_SmallJordan:fa2|NAND4_SmallJordan:nand4a ; work         ;
;          |FullAdder_SmallJordan:fa3|   ; 3          ; 0    ; |SixteenBitAdder_SmallJordan|EightBitAdder_SmallJordan:eba0|FourBitAdder_SmallJordan:fba1|FullAdder_SmallJordan:fa3                          ; work         ;
;             |NAND3_SmallJordan:nand3b| ; 1          ; 0    ; |SixteenBitAdder_SmallJordan|EightBitAdder_SmallJordan:eba0|FourBitAdder_SmallJordan:fba1|FullAdder_SmallJordan:fa3|NAND3_SmallJordan:nand3b ; work         ;
;             |NAND4_SmallJordan:nand4a| ; 2          ; 0    ; |SixteenBitAdder_SmallJordan|EightBitAdder_SmallJordan:eba0|FourBitAdder_SmallJordan:fba1|FullAdder_SmallJordan:fa3|NAND4_SmallJordan:nand4a ; work         ;
;    |EightBitAdder_SmallJordan:eba1|    ; 35         ; 0    ; |SixteenBitAdder_SmallJordan|EightBitAdder_SmallJordan:eba1                                                                                  ; work         ;
;       |FourBitAdder_SmallJordan:fba0|  ; 20         ; 0    ; |SixteenBitAdder_SmallJordan|EightBitAdder_SmallJordan:eba1|FourBitAdder_SmallJordan:fba0                                                    ; work         ;
;          |FullAdder_SmallJordan:fa0|   ; 2          ; 0    ; |SixteenBitAdder_SmallJordan|EightBitAdder_SmallJordan:eba1|FourBitAdder_SmallJordan:fba0|FullAdder_SmallJordan:fa0                          ; work         ;
;             |NAND4_SmallJordan:nand4a| ; 2          ; 0    ; |SixteenBitAdder_SmallJordan|EightBitAdder_SmallJordan:eba1|FourBitAdder_SmallJordan:fba0|FullAdder_SmallJordan:fa0|NAND4_SmallJordan:nand4a ; work         ;
;          |FullAdder_SmallJordan:fa1|   ; 7          ; 0    ; |SixteenBitAdder_SmallJordan|EightBitAdder_SmallJordan:eba1|FourBitAdder_SmallJordan:fba0|FullAdder_SmallJordan:fa1                          ; work         ;
;             |NAND3_SmallJordan:nand3e| ; 1          ; 0    ; |SixteenBitAdder_SmallJordan|EightBitAdder_SmallJordan:eba1|FourBitAdder_SmallJordan:fba0|FullAdder_SmallJordan:fa1|NAND3_SmallJordan:nand3e ; work         ;
;             |NAND4_SmallJordan:nand4a| ; 6          ; 0    ; |SixteenBitAdder_SmallJordan|EightBitAdder_SmallJordan:eba1|FourBitAdder_SmallJordan:fba0|FullAdder_SmallJordan:fa1|NAND4_SmallJordan:nand4a ; work         ;
;          |FullAdder_SmallJordan:fa2|   ; 7          ; 0    ; |SixteenBitAdder_SmallJordan|EightBitAdder_SmallJordan:eba1|FourBitAdder_SmallJordan:fba0|FullAdder_SmallJordan:fa2                          ; work         ;
;             |NAND3_SmallJordan:nand3b| ; 0          ; 0    ; |SixteenBitAdder_SmallJordan|EightBitAdder_SmallJordan:eba1|FourBitAdder_SmallJordan:fba0|FullAdder_SmallJordan:fa2|NAND3_SmallJordan:nand3b ; work         ;
;             |NAND3_SmallJordan:nand3c| ; 0          ; 0    ; |SixteenBitAdder_SmallJordan|EightBitAdder_SmallJordan:eba1|FourBitAdder_SmallJordan:fba0|FullAdder_SmallJordan:fa2|NAND3_SmallJordan:nand3c ; work         ;
;             |NAND3_SmallJordan:nand3e| ; 2          ; 0    ; |SixteenBitAdder_SmallJordan|EightBitAdder_SmallJordan:eba1|FourBitAdder_SmallJordan:fba0|FullAdder_SmallJordan:fa2|NAND3_SmallJordan:nand3e ; work         ;
;             |NAND4_SmallJordan:nand4a| ; 5          ; 0    ; |SixteenBitAdder_SmallJordan|EightBitAdder_SmallJordan:eba1|FourBitAdder_SmallJordan:fba0|FullAdder_SmallJordan:fa2|NAND4_SmallJordan:nand4a ; work         ;
;          |FullAdder_SmallJordan:fa3|   ; 4          ; 0    ; |SixteenBitAdder_SmallJordan|EightBitAdder_SmallJordan:eba1|FourBitAdder_SmallJordan:fba0|FullAdder_SmallJordan:fa3                          ; work         ;
;             |NAND3_SmallJordan:nand3b| ; 0          ; 0    ; |SixteenBitAdder_SmallJordan|EightBitAdder_SmallJordan:eba1|FourBitAdder_SmallJordan:fba0|FullAdder_SmallJordan:fa3|NAND3_SmallJordan:nand3b ; work         ;
;             |NAND3_SmallJordan:nand3c| ; 0          ; 0    ; |SixteenBitAdder_SmallJordan|EightBitAdder_SmallJordan:eba1|FourBitAdder_SmallJordan:fba0|FullAdder_SmallJordan:fa3|NAND3_SmallJordan:nand3c ; work         ;
;             |NAND3_SmallJordan:nand3e| ; 2          ; 0    ; |SixteenBitAdder_SmallJordan|EightBitAdder_SmallJordan:eba1|FourBitAdder_SmallJordan:fba0|FullAdder_SmallJordan:fa3|NAND3_SmallJordan:nand3e ; work         ;
;             |NAND4_SmallJordan:nand4a| ; 2          ; 0    ; |SixteenBitAdder_SmallJordan|EightBitAdder_SmallJordan:eba1|FourBitAdder_SmallJordan:fba0|FullAdder_SmallJordan:fa3|NAND4_SmallJordan:nand4a ; work         ;
;       |FourBitAdder_SmallJordan:fba1|  ; 15         ; 0    ; |SixteenBitAdder_SmallJordan|EightBitAdder_SmallJordan:eba1|FourBitAdder_SmallJordan:fba1                                                    ; work         ;
;          |FullAdder_SmallJordan:fa0|   ; 4          ; 0    ; |SixteenBitAdder_SmallJordan|EightBitAdder_SmallJordan:eba1|FourBitAdder_SmallJordan:fba1|FullAdder_SmallJordan:fa0                          ; work         ;
;             |NAND3_SmallJordan:nand3b| ; 0          ; 0    ; |SixteenBitAdder_SmallJordan|EightBitAdder_SmallJordan:eba1|FourBitAdder_SmallJordan:fba1|FullAdder_SmallJordan:fa0|NAND3_SmallJordan:nand3b ; work         ;
;             |NAND3_SmallJordan:nand3e| ; 2          ; 0    ; |SixteenBitAdder_SmallJordan|EightBitAdder_SmallJordan:eba1|FourBitAdder_SmallJordan:fba1|FullAdder_SmallJordan:fa0|NAND3_SmallJordan:nand3e ; work         ;
;             |NAND4_SmallJordan:nand4a| ; 2          ; 0    ; |SixteenBitAdder_SmallJordan|EightBitAdder_SmallJordan:eba1|FourBitAdder_SmallJordan:fba1|FullAdder_SmallJordan:fa0|NAND4_SmallJordan:nand4a ; work         ;
;          |FullAdder_SmallJordan:fa1|   ; 4          ; 0    ; |SixteenBitAdder_SmallJordan|EightBitAdder_SmallJordan:eba1|FourBitAdder_SmallJordan:fba1|FullAdder_SmallJordan:fa1                          ; work         ;
;             |NAND3_SmallJordan:nand3b| ; 0          ; 0    ; |SixteenBitAdder_SmallJordan|EightBitAdder_SmallJordan:eba1|FourBitAdder_SmallJordan:fba1|FullAdder_SmallJordan:fa1|NAND3_SmallJordan:nand3b ; work         ;
;             |NAND3_SmallJordan:nand3c| ; 0          ; 0    ; |SixteenBitAdder_SmallJordan|EightBitAdder_SmallJordan:eba1|FourBitAdder_SmallJordan:fba1|FullAdder_SmallJordan:fa1|NAND3_SmallJordan:nand3c ; work         ;
;             |NAND3_SmallJordan:nand3e| ; 2          ; 0    ; |SixteenBitAdder_SmallJordan|EightBitAdder_SmallJordan:eba1|FourBitAdder_SmallJordan:fba1|FullAdder_SmallJordan:fa1|NAND3_SmallJordan:nand3e ; work         ;
;             |NAND4_SmallJordan:nand4a| ; 2          ; 0    ; |SixteenBitAdder_SmallJordan|EightBitAdder_SmallJordan:eba1|FourBitAdder_SmallJordan:fba1|FullAdder_SmallJordan:fa1|NAND4_SmallJordan:nand4a ; work         ;
;          |FullAdder_SmallJordan:fa2|   ; 2          ; 0    ; |SixteenBitAdder_SmallJordan|EightBitAdder_SmallJordan:eba1|FourBitAdder_SmallJordan:fba1|FullAdder_SmallJordan:fa2                          ; work         ;
;             |NAND3_SmallJordan:nand3b| ; 0          ; 0    ; |SixteenBitAdder_SmallJordan|EightBitAdder_SmallJordan:eba1|FourBitAdder_SmallJordan:fba1|FullAdder_SmallJordan:fa2|NAND3_SmallJordan:nand3b ; work         ;
;             |NAND3_SmallJordan:nand3c| ; 0          ; 0    ; |SixteenBitAdder_SmallJordan|EightBitAdder_SmallJordan:eba1|FourBitAdder_SmallJordan:fba1|FullAdder_SmallJordan:fa2|NAND3_SmallJordan:nand3c ; work         ;
;             |NAND4_SmallJordan:nand4a| ; 2          ; 0    ; |SixteenBitAdder_SmallJordan|EightBitAdder_SmallJordan:eba1|FourBitAdder_SmallJordan:fba1|FullAdder_SmallJordan:fa2|NAND4_SmallJordan:nand4a ; work         ;
;          |FullAdder_SmallJordan:fa3|   ; 5          ; 0    ; |SixteenBitAdder_SmallJordan|EightBitAdder_SmallJordan:eba1|FourBitAdder_SmallJordan:fba1|FullAdder_SmallJordan:fa3                          ; work         ;
;             |NAND3_SmallJordan:nand3b| ; 0          ; 0    ; |SixteenBitAdder_SmallJordan|EightBitAdder_SmallJordan:eba1|FourBitAdder_SmallJordan:fba1|FullAdder_SmallJordan:fa3|NAND3_SmallJordan:nand3b ; work         ;
;             |NAND3_SmallJordan:nand3e| ; 3          ; 0    ; |SixteenBitAdder_SmallJordan|EightBitAdder_SmallJordan:eba1|FourBitAdder_SmallJordan:fba1|FullAdder_SmallJordan:fa3|NAND3_SmallJordan:nand3e ; work         ;
;             |NAND4_SmallJordan:nand4a| ; 2          ; 0    ; |SixteenBitAdder_SmallJordan|EightBitAdder_SmallJordan:eba1|FourBitAdder_SmallJordan:fba1|FullAdder_SmallJordan:fa3|NAND4_SmallJordan:nand4a ; work         ;
+----------------------------------------+------------+------+----------------------------------------------------------------------------------------------------------------------------------------------+--------------+


+-------------------------------+
; Analysis & Synthesis Messages ;
+-------------------------------+
Info: *******************************************************************
Info: Running Quartus II Analysis & Synthesis
    Info: Version 9.1 Build 350 03/24/2010 Service Pack 2 SJ Web Edition
    Info: Processing started: Sat Oct 14 00:06:30 2023
Info: Command: quartus_map --read_settings_files=on --write_settings_files=off SixteenBitAdder_SmallJordan -c SixteenBitAdder_SmallJordan
Info: Found 1 design units, including 0 entities, in source file adders_smalljordan.vhd
    Info: Found design unit 1: adders_SmallJordan
Info: Found 2 design units, including 1 entities, in source file eightbitadder_smalljordan.vhd
    Info: Found design unit 1: EightBitAdder_SmallJordan-structure
    Info: Found entity 1: EightBitAdder_SmallJordan
Info: Found 2 design units, including 1 entities, in source file fourbitadder_smalljordan.vhd
    Info: Found design unit 1: FourBitAdder_SmallJordan-structure
    Info: Found entity 1: FourBitAdder_SmallJordan
Info: Found 2 design units, including 1 entities, in source file fulladder_smalljordan.vhd
    Info: Found design unit 1: FullAdder_SmallJordan-structure
    Info: Found entity 1: FullAdder_SmallJordan
Info: Found 2 design units, including 1 entities, in source file halfadder_smalljordan.vhd
    Info: Found design unit 1: HalfAdder_SmallJordan-structure
    Info: Found entity 1: HalfAdder_SmallJordan
Info: Found 2 design units, including 1 entities, in source file nand3_smalljordan.vhd
    Info: Found design unit 1: NAND3_SmallJordan-structure
    Info: Found entity 1: NAND3_SmallJordan
Info: Found 2 design units, including 1 entities, in source file nand4_smalljordan.vhd
    Info: Found design unit 1: NAND4_SmallJordan-structure
    Info: Found entity 1: NAND4_SmallJordan
Info: Found 2 design units, including 1 entities, in source file sixteenbitadder_smalljordan.vhd
    Info: Found design unit 1: SixteenBitAdder_SmallJordan-structure
    Info: Found entity 1: SixteenBitAdder_SmallJordan
Info: Elaborating entity "SixteenBitAdder_SmallJordan" for the top level hierarchy
Info: Elaborating entity "EightBitAdder_SmallJordan" for hierarchy "EightBitAdder_SmallJordan:eba0"
Info: Elaborating entity "FourBitAdder_SmallJordan" for hierarchy "EightBitAdder_SmallJordan:eba0|FourBitAdder_SmallJordan:fba0"
Info: Elaborating entity "FullAdder_SmallJordan" for hierarchy "EightBitAdder_SmallJordan:eba0|FourBitAdder_SmallJordan:fba0|FullAdder_SmallJordan:fa0"
Info: Elaborating entity "NAND3_SmallJordan" for hierarchy "EightBitAdder_SmallJordan:eba0|FourBitAdder_SmallJordan:fba0|FullAdder_SmallJordan:fa0|NAND3_SmallJordan:nand3a"
Info: Elaborating entity "NAND4_SmallJordan" for hierarchy "EightBitAdder_SmallJordan:eba0|FourBitAdder_SmallJordan:fba0|FullAdder_SmallJordan:fa0|NAND4_SmallJordan:nand4a"
Info: Implemented 140 device resources after synthesis - the final resource count might be different
    Info: Implemented 33 input pins
    Info: Implemented 17 output pins
    Info: Implemented 64 macrocells
    Info: Implemented 26 shareable expanders
Info: Quartus II Analysis & Synthesis was successful. 0 errors, 0 warnings
    Info: Peak virtual memory: 231 megabytes
    Info: Processing ended: Sat Oct 14 00:06:32 2023
    Info: Elapsed time: 00:00:02
    Info: Total CPU time (on all processors): 00:00:02


