Analysis & Synthesis report for PC_SmallJordan
Mon Nov 06 19:09:56 2023
Quartus II Version 9.1 Build 350 03/24/2010 Service Pack 2 SJ Web Edition


---------------------
; Table of Contents ;
---------------------
  1. Legal Notice
  2. Analysis & Synthesis Summary
  3. Analysis & Synthesis Settings
  4. Parallel Compilation
  5. Analysis & Synthesis Source Files Read
  6. Analysis & Synthesis Resource Usage Summary
  7. Analysis & Synthesis Resource Utilization by Entity
  8. Source assignments for lpm_add_sub:Add0|addcore:adder[1]
  9. Source assignments for lpm_add_sub:Add0|addcore:adder[0]
 10. Parameter Settings for Inferred Entity Instance: lpm_add_sub:Add0
 11. Analysis & Synthesis Messages



----------------
; Legal Notice ;
----------------
Copyright (C) 1991-2010 Altera Corporation
Your use of Altera Corporation's design tools, logic functions 
and other software and tools, and its AMPP partner logic 
functions, and any output files from any of the foregoing 
(including device programming or simulation files), and any 
associated documentation or information are expressly subject 
to the terms and conditions of the Altera Program License 
Subscription Agreement, Altera MegaCore Function License 
Agreement, or other applicable license agreement, including, 
without limitation, that your use is for the sole purpose of 
programming logic devices manufactured by Altera and sold by 
Altera or its authorized distributors.  Please refer to the 
applicable agreement for further details.



+----------------------------------------------------------------------------+
; Analysis & Synthesis Summary                                               ;
+-----------------------------+----------------------------------------------+
; Analysis & Synthesis Status ; Successful - Mon Nov 06 19:09:56 2023        ;
; Quartus II Version          ; 9.1 Build 350 03/24/2010 SP 2 SJ Web Edition ;
; Revision Name               ; PC_SmallJordan                               ;
; Top-level Entity Name       ; PC_SmallJordan                               ;
; Family                      ; MAX3000A                                     ;
; Total macrocells            ; 16                                           ;
; Total pins                  ; 36                                           ;
+-----------------------------+----------------------------------------------+


+----------------------------------------------------------------------------------------------------------------+
; Analysis & Synthesis Settings                                                                                  ;
+----------------------------------------------------------------------------+------------------+----------------+
; Option                                                                     ; Setting          ; Default Value  ;
+----------------------------------------------------------------------------+------------------+----------------+
; Device                                                                     ; EPM3128ATC144-10 ;                ;
; Top-level entity name                                                      ; PC_SmallJordan   ; PC_SmallJordan ;
; Family name                                                                ; MAX3000A         ; Stratix II     ;
; Use Generated Physical Constraints File                                    ; Off              ;                ;
; Use smart compilation                                                      ; Off              ; Off            ;
; Enable parallel Assembler and TimeQuest Timing Analyzer during compilation ; On               ; On             ;
; Enable compact report table                                                ; Off              ; Off            ;
; Create Debugging Nodes for IP Cores                                        ; Off              ; Off            ;
; Preserve fewer node names                                                  ; On               ; On             ;
; Disable OpenCore Plus hardware evaluation                                  ; Off              ; Off            ;
; Verilog Version                                                            ; Verilog_2001     ; Verilog_2001   ;
; VHDL Version                                                               ; VHDL_1993        ; VHDL_1993      ;
; State Machine Processing                                                   ; Auto             ; Auto           ;
; Safe State Machine                                                         ; Off              ; Off            ;
; Extract Verilog State Machines                                             ; On               ; On             ;
; Extract VHDL State Machines                                                ; On               ; On             ;
; Ignore Verilog initial constructs                                          ; Off              ; Off            ;
; Iteration limit for constant Verilog loops                                 ; 5000             ; 5000           ;
; Iteration limit for non-constant Verilog loops                             ; 250              ; 250            ;
; Add Pass-Through Logic to Inferred RAMs                                    ; On               ; On             ;
; Parallel Synthesis                                                         ; On               ; On             ;
; NOT Gate Push-Back                                                         ; On               ; On             ;
; Power-Up Don't Care                                                        ; On               ; On             ;
; Remove Duplicate Registers                                                 ; On               ; On             ;
; Ignore CARRY Buffers                                                       ; Off              ; Off            ;
; Ignore CASCADE Buffers                                                     ; Off              ; Off            ;
; Ignore GLOBAL Buffers                                                      ; Off              ; Off            ;
; Ignore ROW GLOBAL Buffers                                                  ; Off              ; Off            ;
; Ignore LCELL Buffers                                                       ; Auto             ; Auto           ;
; Ignore SOFT Buffers                                                        ; Off              ; Off            ;
; Limit AHDL Integers to 32 Bits                                             ; Off              ; Off            ;
; Optimization Technique                                                     ; Speed            ; Speed          ;
; Allow XOR Gate Usage                                                       ; On               ; On             ;
; Auto Logic Cell Insertion                                                  ; On               ; On             ;
; Parallel Expander Chain Length                                             ; 4                ; 4              ;
; Auto Parallel Expanders                                                    ; On               ; On             ;
; Auto Open-Drain Pins                                                       ; On               ; On             ;
; Auto Resource Sharing                                                      ; Off              ; Off            ;
; Maximum Fan-in Per Macrocell                                               ; 100              ; 100            ;
; Use LogicLock Constraints during Resource Balancing                        ; On               ; On             ;
; Ignore translate_off and synthesis_off directives                          ; Off              ; Off            ;
; Show Parameter Settings Tables in Synthesis Report                         ; On               ; On             ;
; HDL message level                                                          ; Level2           ; Level2         ;
; Suppress Register Optimization Related Messages                            ; Off              ; Off            ;
; Number of Removed Registers Reported in Synthesis Report                   ; 5000             ; 5000           ;
; Number of Inverted Registers Reported in Synthesis Report                  ; 100              ; 100            ;
; Block Design Naming                                                        ; Auto             ; Auto           ;
; Synthesis Effort                                                           ; Auto             ; Auto           ;
; Shift Register Replacement - Allow Asynchronous Clear Signal               ; On               ; On             ;
; Analysis & Synthesis Message Level                                         ; Medium           ; Medium         ;
; Disable Register Merging Across Hierarchies                                ; Auto             ; Auto           ;
+----------------------------------------------------------------------------+------------------+----------------+


Parallel compilation was disabled, but you have multiple processors available. Enable parallel compilation to reduce compilation time.
+-------------------------------------+
; Parallel Compilation                ;
+----------------------------+--------+
; Processors                 ; Number ;
+----------------------------+--------+
; Number detected on machine ; 8      ;
; Maximum allowed            ; 1      ;
+----------------------------+--------+


+---------------------------------------------------------------------------------------------------------------------------------------------------------------------+
; Analysis & Synthesis Source Files Read                                                                                                                              ;
+----------------------------------+-----------------+-----------------+----------------------------------------------------------------------------------------------+
; File Name with User-Entered Path ; Used in Netlist ; File Type       ; File Name with Absolute Path                                                                 ;
+----------------------------------+-----------------+-----------------+----------------------------------------------------------------------------------------------+
; PC_SmallJordan.vhd               ; yes             ; User VHDL File  ; C:/Users/Jordan/Desktop/Desktop/School/Fall 2023/CDA3203/Lab3_SmallJordan/PC_SmallJordan.vhd ;
; lpm_add_sub.tdf                  ; yes             ; Megafunction    ; c:/altera/91sp2/quartus/libraries/megafunctions/lpm_add_sub.tdf                              ;
; addcore.tdf                      ; yes             ; Megafunction    ; c:/altera/91sp2/quartus/libraries/megafunctions/addcore.tdf                                  ;
; a_csnbuffer.tdf                  ; yes             ; Megafunction    ; c:/altera/91sp2/quartus/libraries/megafunctions/a_csnbuffer.tdf                              ;
; look_add.tdf                     ; yes             ; Megafunction    ; c:/altera/91sp2/quartus/libraries/megafunctions/look_add.tdf                                 ;
; altshift.tdf                     ; yes             ; Megafunction    ; c:/altera/91sp2/quartus/libraries/megafunctions/altshift.tdf                                 ;
+----------------------------------+-----------------+-----------------+----------------------------------------------------------------------------------------------+


+---------------------------------------------+
; Analysis & Synthesis Resource Usage Summary ;
+----------------------+----------------------+
; Resource             ; Usage                ;
+----------------------+----------------------+
; Logic cells          ; 16                   ;
; Total registers      ; 16                   ;
; I/O pins             ; 36                   ;
; Maximum fan-out node ; Q[0]~reg0            ;
; Maximum fan-out      ; 17                   ;
; Total fan-out        ; 232                  ;
; Average fan-out      ; 4.46                 ;
+----------------------+----------------------+


+-------------------------------------------------------------------------------------+
; Analysis & Synthesis Resource Utilization by Entity                                 ;
+----------------------------+------------+------+---------------------+--------------+
; Compilation Hierarchy Node ; Macrocells ; Pins ; Full Hierarchy Name ; Library Name ;
+----------------------------+------------+------+---------------------+--------------+
; |PC_SmallJordan            ; 16         ; 36   ; |PC_SmallJordan     ; work         ;
+----------------------------+------------+------+---------------------+--------------+


+----------------------------------------------------------+
; Source assignments for lpm_add_sub:Add0|addcore:adder[1] ;
+---------------------------+-------+------+---------------+
; Assignment                ; Value ; From ; To            ;
+---------------------------+-------+------+---------------+
; SUPPRESS_DA_RULE_INTERNAL ; A103  ; -    ; -             ;
+---------------------------+-------+------+---------------+


+----------------------------------------------------------+
; Source assignments for lpm_add_sub:Add0|addcore:adder[0] ;
+---------------------------+-------+------+---------------+
; Assignment                ; Value ; From ; To            ;
+---------------------------+-------+------+---------------+
; SUPPRESS_DA_RULE_INTERNAL ; A103  ; -    ; -             ;
+---------------------------+-------+------+---------------+


+-------------------------------------------------------------------+
; Parameter Settings for Inferred Entity Instance: lpm_add_sub:Add0 ;
+------------------------+-------------+----------------------------+
; Parameter Name         ; Value       ; Type                       ;
+------------------------+-------------+----------------------------+
; LPM_WIDTH              ; 16          ; Untyped                    ;
; LPM_REPRESENTATION     ; UNSIGNED    ; Untyped                    ;
; LPM_DIRECTION          ; ADD         ; Untyped                    ;
; ONE_INPUT_IS_CONSTANT  ; NO          ; Untyped                    ;
; LPM_PIPELINE           ; 0           ; Untyped                    ;
; MAXIMIZE_SPEED         ; 5           ; Untyped                    ;
; REGISTERED_AT_END      ; 0           ; Untyped                    ;
; OPTIMIZE_FOR_SPEED     ; 9           ; Untyped                    ;
; USE_CS_BUFFERS         ; 1           ; Untyped                    ;
; CARRY_CHAIN            ; MANUAL      ; Untyped                    ;
; CARRY_CHAIN_LENGTH     ; 48          ; CARRY_CHAIN_LENGTH         ;
; DEVICE_FAMILY          ; MAX3000A    ; Untyped                    ;
; USE_WYS                ; OFF         ; Untyped                    ;
; STYLE                  ; FAST        ; Untyped                    ;
; CBXI_PARAMETER         ; add_sub_0lh ; Untyped                    ;
; AUTO_CARRY_CHAINS      ; ON          ; AUTO_CARRY                 ;
; IGNORE_CARRY_BUFFERS   ; OFF         ; IGNORE_CARRY               ;
; AUTO_CASCADE_CHAINS    ; ON          ; AUTO_CASCADE               ;
; IGNORE_CASCADE_BUFFERS ; OFF         ; IGNORE_CASCADE             ;
+------------------------+-------------+----------------------------+
Note: In order to hide this table in the UI and the text report file, please set the "Show Parameter Settings Tables in Synthesis Report" option in "Analysis and Synthesis Settings -> More Settings" to "Off".


+-------------------------------+
; Analysis & Synthesis Messages ;
+-------------------------------+
Info: *******************************************************************
Info: Running Quartus II Analysis & Synthesis
    Info: Version 9.1 Build 350 03/24/2010 Service Pack 2 SJ Web Edition
    Info: Processing started: Mon Nov 06 19:09:55 2023
Info: Command: quartus_map --read_settings_files=on --write_settings_files=off PC_SmallJordan -c PC_SmallJordan
Info: Found 2 design units, including 1 entities, in source file pc_smalljordan.vhd
    Info: Found design unit 1: PC_SmallJordan-behavior
    Info: Found entity 1: PC_SmallJordan
Info: Elaborating entity "PC_SmallJordan" for the top level hierarchy
Info: Inferred 1 megafunctions from design logic
    Info: Inferred adder/subtractor megafunction ("lpm_add_sub") from the following logic: "Add0"
Info: Elaborated megafunction instantiation "lpm_add_sub:Add0"
Info: Instantiated megafunction "lpm_add_sub:Add0" with the following parameter:
    Info: Parameter "LPM_WIDTH" = "16"
    Info: Parameter "LPM_DIRECTION" = "ADD"
    Info: Parameter "LPM_REPRESENTATION" = "UNSIGNED"
    Info: Parameter "ONE_INPUT_IS_CONSTANT" = "NO"
Info: Elaborated megafunction instantiation "lpm_add_sub:Add0|addcore:adder[1]", which is child of megafunction instantiation "lpm_add_sub:Add0"
Info: Elaborated megafunction instantiation "lpm_add_sub:Add0|addcore:adder[1]|a_csnbuffer:oflow_node", which is child of megafunction instantiation "lpm_add_sub:Add0"
Info: Elaborated megafunction instantiation "lpm_add_sub:Add0|addcore:adder[1]|a_csnbuffer:result_node", which is child of megafunction instantiation "lpm_add_sub:Add0"
Info: Elaborated megafunction instantiation "lpm_add_sub:Add0|look_add:look_ahead_unit", which is child of megafunction instantiation "lpm_add_sub:Add0"
Info: Elaborated megafunction instantiation "lpm_add_sub:Add0|altshift:result_ext_latency_ffs", which is child of megafunction instantiation "lpm_add_sub:Add0"
Info: Elaborated megafunction instantiation "lpm_add_sub:Add0|altshift:carry_ext_latency_ffs", which is child of megafunction instantiation "lpm_add_sub:Add0"
Warning: The following nodes have both tri-state and non-tri-state drivers
    Warning: Inserted always-enabled tri-state buffer between "Q[0]" and its non-tri-state driver.
    Warning: Inserted always-enabled tri-state buffer between "Q[1]" and its non-tri-state driver.
    Warning: Inserted always-enabled tri-state buffer between "Q[2]" and its non-tri-state driver.
    Warning: Inserted always-enabled tri-state buffer between "Q[3]" and its non-tri-state driver.
    Warning: Inserted always-enabled tri-state buffer between "Q[4]" and its non-tri-state driver.
    Warning: Inserted always-enabled tri-state buffer between "Q[5]" and its non-tri-state driver.
    Warning: Inserted always-enabled tri-state buffer between "Q[6]" and its non-tri-state driver.
    Warning: Inserted always-enabled tri-state buffer between "Q[7]" and its non-tri-state driver.
    Warning: Inserted always-enabled tri-state buffer between "Q[8]" and its non-tri-state driver.
    Warning: Inserted always-enabled tri-state buffer between "Q[9]" and its non-tri-state driver.
    Warning: Inserted always-enabled tri-state buffer between "Q[10]" and its non-tri-state driver.
    Warning: Inserted always-enabled tri-state buffer between "Q[11]" and its non-tri-state driver.
    Warning: Inserted always-enabled tri-state buffer between "Q[12]" and its non-tri-state driver.
    Warning: Inserted always-enabled tri-state buffer between "Q[13]" and its non-tri-state driver.
    Warning: Inserted always-enabled tri-state buffer between "Q[14]" and its non-tri-state driver.
    Warning: Inserted always-enabled tri-state buffer between "Q[15]" and its non-tri-state driver.
Info: One or more bidirs are fed by always enabled tri-state buffers
    Info: Fan-out of permanently enabled tri-state buffer feeding bidir "Q[0]" is moved to its source
    Info: Fan-out of permanently enabled tri-state buffer feeding bidir "Q[1]" is moved to its source
    Info: Fan-out of permanently enabled tri-state buffer feeding bidir "Q[2]" is moved to its source
    Info: Fan-out of permanently enabled tri-state buffer feeding bidir "Q[3]" is moved to its source
    Info: Fan-out of permanently enabled tri-state buffer feeding bidir "Q[4]" is moved to its source
    Info: Fan-out of permanently enabled tri-state buffer feeding bidir "Q[5]" is moved to its source
    Info: Fan-out of permanently enabled tri-state buffer feeding bidir "Q[6]" is moved to its source
    Info: Fan-out of permanently enabled tri-state buffer feeding bidir "Q[7]" is moved to its source
    Info: Fan-out of permanently enabled tri-state buffer feeding bidir "Q[8]" is moved to its source
    Info: Fan-out of permanently enabled tri-state buffer feeding bidir "Q[9]" is moved to its source
    Info: Fan-out of permanently enabled tri-state buffer feeding bidir "Q[10]" is moved to its source
    Info: Fan-out of permanently enabled tri-state buffer feeding bidir "Q[11]" is moved to its source
    Info: Fan-out of permanently enabled tri-state buffer feeding bidir "Q[12]" is moved to its source
    Info: Fan-out of permanently enabled tri-state buffer feeding bidir "Q[13]" is moved to its source
    Info: Fan-out of permanently enabled tri-state buffer feeding bidir "Q[14]" is moved to its source
    Info: Fan-out of permanently enabled tri-state buffer feeding bidir "Q[15]" is moved to its source
Warning: TRI or OPNDRN buffers permanently enabled
    Warning: Node "Q[0]~synth"
    Warning: Node "Q[1]~synth"
    Warning: Node "Q[2]~synth"
    Warning: Node "Q[3]~synth"
    Warning: Node "Q[4]~synth"
    Warning: Node "Q[5]~synth"
    Warning: Node "Q[6]~synth"
    Warning: Node "Q[7]~synth"
    Warning: Node "Q[8]~synth"
    Warning: Node "Q[9]~synth"
    Warning: Node "Q[10]~synth"
    Warning: Node "Q[11]~synth"
    Warning: Node "Q[12]~synth"
    Warning: Node "Q[13]~synth"
    Warning: Node "Q[14]~synth"
    Warning: Node "Q[15]~synth"
Info: Promoted pin-driven signal(s) to global signal
    Info: Promoted clock signal driven by pin "Clock" to global clock signal
Info: Implemented 52 device resources after synthesis - the final resource count might be different
    Info: Implemented 20 input pins
    Info: Implemented 0 output pins
    Info: Implemented 16 bidirectional pins
    Info: Implemented 16 macrocells
Info: Quartus II Analysis & Synthesis was successful. 0 errors, 34 warnings
    Info: Peak virtual memory: 236 megabytes
    Info: Processing ended: Mon Nov 06 19:09:56 2023
    Info: Elapsed time: 00:00:01
    Info: Total CPU time (on all processors): 00:00:01


