Analysis & Synthesis report for RAM8Reg_SmallJordan
Thu Nov 09 14:14:24 2023
Quartus II Version 9.1 Build 350 03/24/2010 Service Pack 2 SJ Web Edition


---------------------
; Table of Contents ;
---------------------
  1. Legal Notice
  2. Analysis & Synthesis Summary
  3. Analysis & Synthesis Settings
  4. Parallel Compilation
  5. Analysis & Synthesis Source Files Read
  6. Analysis & Synthesis Resource Usage Summary
  7. Analysis & Synthesis Resource Utilization by Entity
  8. Registers Removed During Synthesis
  9. Analysis & Synthesis Messages



----------------
; Legal Notice ;
----------------
Copyright (C) 1991-2010 Altera Corporation
Your use of Altera Corporation's design tools, logic functions 
and other software and tools, and its AMPP partner logic 
functions, and any output files from any of the foregoing 
(including device programming or simulation files), and any 
associated documentation or information are expressly subject 
to the terms and conditions of the Altera Program License 
Subscription Agreement, Altera MegaCore Function License 
Agreement, or other applicable license agreement, including, 
without limitation, that your use is for the sole purpose of 
programming logic devices manufactured by Altera and sold by 
Altera or its authorized distributors.  Please refer to the 
applicable agreement for further details.



+----------------------------------------------------------------------------+
; Analysis & Synthesis Summary                                               ;
+-----------------------------+----------------------------------------------+
; Analysis & Synthesis Status ; Successful - Thu Nov 09 14:14:24 2023        ;
; Quartus II Version          ; 9.1 Build 350 03/24/2010 SP 2 SJ Web Edition ;
; Revision Name               ; RAM8Reg_SmallJordan                          ;
; Top-level Entity Name       ; RAM8Reg_SmallJordan                          ;
; Family                      ; MAX3000A                                     ;
; Total macrocells            ; 160                                          ;
; Total pins                  ; 37                                           ;
+-----------------------------+----------------------------------------------+


+------------------------------------------------------------------------------------------------------------------------+
; Analysis & Synthesis Settings                                                                                          ;
+----------------------------------------------------------------------------+---------------------+---------------------+
; Option                                                                     ; Setting             ; Default Value       ;
+----------------------------------------------------------------------------+---------------------+---------------------+
; Device                                                                     ; EPM3512AQI208-10    ;                     ;
; Top-level entity name                                                      ; RAM8Reg_SmallJordan ; RAM8Reg_SmallJordan ;
; Family name                                                                ; MAX3000A            ; Stratix II          ;
; Use Generated Physical Constraints File                                    ; Off                 ;                     ;
; Use smart compilation                                                      ; Off                 ; Off                 ;
; Enable parallel Assembler and TimeQuest Timing Analyzer during compilation ; On                  ; On                  ;
; Enable compact report table                                                ; Off                 ; Off                 ;
; Create Debugging Nodes for IP Cores                                        ; Off                 ; Off                 ;
; Preserve fewer node names                                                  ; On                  ; On                  ;
; Disable OpenCore Plus hardware evaluation                                  ; Off                 ; Off                 ;
; Verilog Version                                                            ; Verilog_2001        ; Verilog_2001        ;
; VHDL Version                                                               ; VHDL_1993           ; VHDL_1993           ;
; State Machine Processing                                                   ; Auto                ; Auto                ;
; Safe State Machine                                                         ; Off                 ; Off                 ;
; Extract Verilog State Machines                                             ; On                  ; On                  ;
; Extract VHDL State Machines                                                ; On                  ; On                  ;
; Ignore Verilog initial constructs                                          ; Off                 ; Off                 ;
; Iteration limit for constant Verilog loops                                 ; 5000                ; 5000                ;
; Iteration limit for non-constant Verilog loops                             ; 250                 ; 250                 ;
; Add Pass-Through Logic to Inferred RAMs                                    ; On                  ; On                  ;
; Parallel Synthesis                                                         ; On                  ; On                  ;
; NOT Gate Push-Back                                                         ; On                  ; On                  ;
; Power-Up Don't Care                                                        ; On                  ; On                  ;
; Remove Duplicate Registers                                                 ; On                  ; On                  ;
; Ignore CARRY Buffers                                                       ; Off                 ; Off                 ;
; Ignore CASCADE Buffers                                                     ; Off                 ; Off                 ;
; Ignore GLOBAL Buffers                                                      ; Off                 ; Off                 ;
; Ignore ROW GLOBAL Buffers                                                  ; Off                 ; Off                 ;
; Ignore LCELL Buffers                                                       ; Auto                ; Auto                ;
; Ignore SOFT Buffers                                                        ; Off                 ; Off                 ;
; Limit AHDL Integers to 32 Bits                                             ; Off                 ; Off                 ;
; Optimization Technique                                                     ; Speed               ; Speed               ;
; Allow XOR Gate Usage                                                       ; On                  ; On                  ;
; Auto Logic Cell Insertion                                                  ; On                  ; On                  ;
; Parallel Expander Chain Length                                             ; 4                   ; 4                   ;
; Auto Parallel Expanders                                                    ; On                  ; On                  ;
; Auto Open-Drain Pins                                                       ; On                  ; On                  ;
; Auto Resource Sharing                                                      ; Off                 ; Off                 ;
; Maximum Fan-in Per Macrocell                                               ; 100                 ; 100                 ;
; Use LogicLock Constraints during Resource Balancing                        ; On                  ; On                  ;
; Ignore translate_off and synthesis_off directives                          ; Off                 ; Off                 ;
; Show Parameter Settings Tables in Synthesis Report                         ; On                  ; On                  ;
; HDL message level                                                          ; Level2              ; Level2              ;
; Suppress Register Optimization Related Messages                            ; Off                 ; Off                 ;
; Number of Removed Registers Reported in Synthesis Report                   ; 5000                ; 5000                ;
; Number of Inverted Registers Reported in Synthesis Report                  ; 100                 ; 100                 ;
; Block Design Naming                                                        ; Auto                ; Auto                ;
; Synthesis Effort                                                           ; Auto                ; Auto                ;
; Shift Register Replacement - Allow Asynchronous Clear Signal               ; On                  ; On                  ;
; Analysis & Synthesis Message Level                                         ; Medium              ; Medium              ;
; Disable Register Merging Across Hierarchies                                ; Auto                ; Auto                ;
+----------------------------------------------------------------------------+---------------------+---------------------+


Parallel compilation was disabled, but you have multiple processors available. Enable parallel compilation to reduce compilation time.
+-------------------------------------+
; Parallel Compilation                ;
+----------------------------+--------+
; Processors                 ; Number ;
+----------------------------+--------+
; Number detected on machine ; 8      ;
; Maximum allowed            ; 1      ;
+----------------------------+--------+


+--------------------------------------------------------------------------------------------------------------------------------------------------------------------------+
; Analysis & Synthesis Source Files Read                                                                                                                                   ;
+----------------------------------+-----------------+-----------------+---------------------------------------------------------------------------------------------------+
; File Name with User-Entered Path ; Used in Netlist ; File Type       ; File Name with Absolute Path                                                                      ;
+----------------------------------+-----------------+-----------------+---------------------------------------------------------------------------------------------------+
; RAM8Reg_SmallJordan.vhd          ; yes             ; User VHDL File  ; C:/Users/Jordan/Desktop/Desktop/School/Fall 2023/CDA3203/Lab3_SmallJordan/RAM8Reg_SmallJordan.vhd ;
+----------------------------------+-----------------+-----------------+---------------------------------------------------------------------------------------------------+


+---------------------------------------------+
; Analysis & Synthesis Resource Usage Summary ;
+----------------------+----------------------+
; Resource             ; Usage                ;
+----------------------+----------------------+
; Logic cells          ; 160                  ;
; Total registers      ; 144                  ;
; I/O pins             ; 37                   ;
; Parallel expanders   ; 16                   ;
; Maximum fan-out node ; Load                 ;
; Maximum fan-out      ; 160                  ;
; Total fan-out        ; 1216                 ;
; Average fan-out      ; 6.17                 ;
+----------------------+----------------------+


+--------------------------------------------------------------------------------------+
; Analysis & Synthesis Resource Utilization by Entity                                  ;
+----------------------------+------------+------+----------------------+--------------+
; Compilation Hierarchy Node ; Macrocells ; Pins ; Full Hierarchy Name  ; Library Name ;
+----------------------------+------------+------+----------------------+--------------+
; |RAM8Reg_SmallJordan       ; 160        ; 37   ; |RAM8Reg_SmallJordan ; work         ;
+----------------------------+------------+------+----------------------+--------------+


+-------------------------------------------------------------+
; Registers Removed During Synthesis                          ;
+----------------------------------------+--------------------+
; Register name                          ; Reason for Removal ;
+----------------------------------------+--------------------+
; RAM~18                                 ; Lost fanout        ;
; RAM~17                                 ; Lost fanout        ;
; RAM~16                                 ; Lost fanout        ;
; RAM~15                                 ; Lost fanout        ;
; RAM~14                                 ; Lost fanout        ;
; RAM~13                                 ; Lost fanout        ;
; RAM~12                                 ; Lost fanout        ;
; RAM~11                                 ; Lost fanout        ;
; RAM~10                                 ; Lost fanout        ;
; RAM~9                                  ; Lost fanout        ;
; RAM~8                                  ; Lost fanout        ;
; RAM~7                                  ; Lost fanout        ;
; RAM~6                                  ; Lost fanout        ;
; RAM~5                                  ; Lost fanout        ;
; RAM~4                                  ; Lost fanout        ;
; RAM~3                                  ; Lost fanout        ;
; RAM~19                                 ; Lost fanout        ;
; RAM~2                                  ; Lost fanout        ;
; RAM~1                                  ; Lost fanout        ;
; RAM~0                                  ; Lost fanout        ;
; Total Number of Removed Registers = 20 ;                    ;
+----------------------------------------+--------------------+


+-------------------------------+
; Analysis & Synthesis Messages ;
+-------------------------------+
Info: *******************************************************************
Info: Running Quartus II Analysis & Synthesis
    Info: Version 9.1 Build 350 03/24/2010 Service Pack 2 SJ Web Edition
    Info: Processing started: Thu Nov 09 14:14:23 2023
Info: Command: quartus_map --read_settings_files=on --write_settings_files=off RAM8Reg_SmallJordan -c RAM8Reg_SmallJordan
Info: Found 2 design units, including 1 entities, in source file ram8reg_smalljordan.vhd
    Info: Found design unit 1: RAM8Reg_SmallJordan-behavior
    Info: Found entity 1: RAM8Reg_SmallJordan
Info: Elaborating entity "RAM8Reg_SmallJordan" for the top level hierarchy
Warning (10492): VHDL Process Statement warning at RAM8Reg_SmallJordan.vhd(24): signal "Address" is read inside the Process Statement but isn't in the Process Statement's sensitivity list
Info: Promoted pin-driven signal(s) to global signal
    Info: Promoted clock signal driven by pin "Clock" to global clock signal
Info: 20 registers lost all their fanouts during netlist optimizations. The first 20 are displayed below.
    Info: Register "RAM~18" lost all its fanouts during netlist optimizations.
    Info: Register "RAM~17" lost all its fanouts during netlist optimizations.
    Info: Register "RAM~16" lost all its fanouts during netlist optimizations.
    Info: Register "RAM~15" lost all its fanouts during netlist optimizations.
    Info: Register "RAM~14" lost all its fanouts during netlist optimizations.
    Info: Register "RAM~13" lost all its fanouts during netlist optimizations.
    Info: Register "RAM~12" lost all its fanouts during netlist optimizations.
    Info: Register "RAM~11" lost all its fanouts during netlist optimizations.
    Info: Register "RAM~10" lost all its fanouts during netlist optimizations.
    Info: Register "RAM~9" lost all its fanouts during netlist optimizations.
    Info: Register "RAM~8" lost all its fanouts during netlist optimizations.
    Info: Register "RAM~7" lost all its fanouts during netlist optimizations.
    Info: Register "RAM~6" lost all its fanouts during netlist optimizations.
    Info: Register "RAM~5" lost all its fanouts during netlist optimizations.
    Info: Register "RAM~4" lost all its fanouts during netlist optimizations.
    Info: Register "RAM~3" lost all its fanouts during netlist optimizations.
    Info: Register "RAM~19" lost all its fanouts during netlist optimizations.
    Info: Register "RAM~2" lost all its fanouts during netlist optimizations.
    Info: Register "RAM~1" lost all its fanouts during netlist optimizations.
    Info: Register "RAM~0" lost all its fanouts during netlist optimizations.
Info: Implemented 197 device resources after synthesis - the final resource count might be different
    Info: Implemented 21 input pins
    Info: Implemented 16 output pins
    Info: Implemented 160 macrocells
Info: Quartus II Analysis & Synthesis was successful. 0 errors, 1 warning
    Info: Peak virtual memory: 230 megabytes
    Info: Processing ended: Thu Nov 09 14:14:24 2023
    Info: Elapsed time: 00:00:01
    Info: Total CPU time (on all processors): 00:00:01


